Mplus VERSION 8.4
MUTHEN & MUTHEN
09/17/2023  12:07 PM

INPUT INSTRUCTIONS


  TITLE: TEST
  DATA: FILE IS exdat.csv;
  VARIABLE:
    Names ARE
  group
  i1 i2 i3 i4 i5 i6 i7 i8 i9 i10 i11 i12;
  USEVARIABLES ARE i1-i12;
  GROUPING IS group(1=G1, 2=G2)
  ANALYSIS:
  TYPE = GENERAL;
  PROCESSORS=6;
  OUTPUT:
  STANDARDIZED;
  MODINDICES (ALL);
  MODEL:
    trait1 BY
  i1 (a1)
  i2 (a2)
  i3 (a3)
  i4 (a4)
  i5 (a5)
  i6 (a6);
  trait2 BY
  i7 (a7)
  i8 (a8)
  i9 (a9)
  i10 (a10)
  i11 (a11)
  i12 (a12);
  i1-i12 (e);
  trait1 @ 1
  trait2 @ 1
  MODEL G1:
  MODEL G2:
    trait1 BY
  i1 (b1)
  i2 (b2)
  i3 (b3)
  i4 (b4)
  i5 (b5)
  i6 (a6);
  trait2 BY
  i7 (a7)
  i8 (b8)
  i9 (b9)
  i10 (b10)
  i11 (b11)
  i12 (b12);

  MODEL TEST:
  ! Testing Item 2 for DIF
  0 = a2 - b2;



INPUT READING TERMINATED NORMALLY



TEST

SUMMARY OF ANALYSIS

Number of groups                                                 2
Number of observations
   Group G1                                                    250
   Group G2                                                    250
   Total sample size                                           500

Number of dependent variables                                   12
Number of independent variables                                  0
Number of continuous latent variables                            2

Observed dependent variables

  Continuous
   I1          I2          I3          I4          I5          I6
   I7          I8          I9          I10         I11         I12

Continuous latent variables
   TRAIT1      TRAIT2

Variables with special functions

  Grouping variable     GROUP

Estimator                                                       ML
Information matrix                                        OBSERVED
Maximum number of iterations                                  1000
Convergence criterion                                    0.500D-04
Maximum number of steepest descent iterations                   20

Input data file(s)
  exdat.csv

Input data format  FREE



UNIVARIATE SAMPLE STATISTICS


     UNIVARIATE HIGHER-ORDER MOMENT DESCRIPTIVE STATISTICS FOR G1

         Variable/         Mean/     Skewness/   Minimum/ % with                Percentiles
        Sample Size      Variance    Kurtosis    Maximum  Min/Max      20%/60%    40%/80%    Median

     I1                    0.164       1.815       0.000   83.60%       0.000      0.000      0.000
             250.000       0.137       1.294       1.000   16.40%       0.000      0.000
     I2                    0.200       1.500       0.000   80.00%       0.000      0.000      0.000
             250.000       0.160       0.250       1.000   20.00%       0.000      0.000
     I3                    0.252       1.142       0.000   74.80%       0.000      0.000      0.000
             250.000       0.188      -0.695       1.000   25.20%       0.000      1.000
     I4                    0.368       0.547       0.000   63.20%       0.000      0.000      0.000
             250.000       0.233      -1.700       1.000   36.80%       0.000      1.000
     I5                    0.480       0.080       0.000   52.00%       0.000      0.000      0.000
             250.000       0.250      -1.994       1.000   48.00%       1.000      1.000
     I6                    0.452       0.193       0.000   54.80%       0.000      0.000      0.000
             250.000       0.248      -1.963       1.000   45.20%       1.000      1.000
     I7                    0.552      -0.209       0.000   44.80%       0.000      0.000      1.000
             250.000       0.247      -1.956       1.000   55.20%       1.000      1.000
     I8                    0.600      -0.408       0.000   40.00%       0.000      0.000      1.000
             250.000       0.240      -1.833       1.000   60.00%       1.000      1.000
     I9                    0.724      -1.002       0.000   27.60%       0.000      1.000      1.000
             250.000       0.200      -0.996       1.000   72.40%       1.000      1.000
     I10                   0.736      -1.071       0.000   26.40%       0.000      1.000      1.000
             250.000       0.194      -0.853       1.000   73.60%       1.000      1.000
     I11                   0.840      -1.855       0.000   16.00%       1.000      1.000      1.000
             250.000       0.134       1.440       1.000   84.00%       1.000      1.000
     I12                   0.860      -2.075       0.000   14.00%       1.000      1.000      1.000
             250.000       0.120       2.306       1.000   86.00%       1.000      1.000


     UNIVARIATE HIGHER-ORDER MOMENT DESCRIPTIVE STATISTICS FOR G2

         Variable/         Mean/     Skewness/   Minimum/ % with                Percentiles
        Sample Size      Variance    Kurtosis    Maximum  Min/Max      20%/60%    40%/80%    Median

     I1                    0.180       1.666       0.000   82.00%       0.000      0.000      0.000
             250.000       0.148       0.775       1.000   18.00%       0.000      0.000
     I2                    0.192       1.564       0.000   80.80%       0.000      0.000      0.000
             250.000       0.155       0.446       1.000   19.20%       0.000      0.000
     I3                    0.280       0.980       0.000   72.00%       0.000      0.000      0.000
             250.000       0.202      -1.040       1.000   28.00%       0.000      1.000
     I4                    0.276       1.002       0.000   72.40%       0.000      0.000      0.000
             250.000       0.200      -0.996       1.000   27.60%       0.000      1.000
     I5                    0.424       0.308       0.000   57.60%       0.000      0.000      0.000
             250.000       0.244      -1.905       1.000   42.40%       1.000      1.000
     I6                    0.452       0.193       0.000   54.80%       0.000      0.000      0.000
             250.000       0.248      -1.963       1.000   45.20%       1.000      1.000
     I7                    0.560      -0.242       0.000   44.00%       0.000      0.000      1.000
             250.000       0.246      -1.942       1.000   56.00%       1.000      1.000
     I8                    0.564      -0.258       0.000   43.60%       0.000      0.000      1.000
             250.000       0.246      -1.933       1.000   56.40%       1.000      1.000
     I9                    0.708      -0.915       0.000   29.20%       0.000      1.000      1.000
             250.000       0.207      -1.163       1.000   70.80%       1.000      1.000
     I10                   0.760      -1.218       0.000   24.00%       0.000      1.000      1.000
             250.000       0.182      -0.518       1.000   76.00%       1.000      1.000
     I11                   0.792      -1.439       0.000   20.80%       0.000      1.000      1.000
             250.000       0.165       0.070       1.000   79.20%       1.000      1.000
     I12                   0.828      -1.738       0.000   17.20%       1.000      1.000      1.000
             250.000       0.142       1.022       1.000   82.80%       1.000      1.000


THE MODEL ESTIMATION TERMINATED NORMALLY

     WARNING:  THE LATENT VARIABLE COVARIANCE MATRIX (PSI) IN GROUP G1
     IS NOT POSITIVE DEFINITE.  THIS COULD INDICATE A NEGATIVE VARIANCE/
     RESIDUAL VARIANCE FOR A LATENT VARIABLE, A CORRELATION GREATER OR EQUAL
     TO ONE BETWEEN TWO LATENT VARIABLES, OR A LINEAR DEPENDENCY AMONG MORE
     THAN TWO LATENT VARIABLES.  CHECK THE TECH4 OUTPUT FOR MORE INFORMATION.
     PROBLEM INVOLVING VARIABLE TRAIT2.




MODEL FIT INFORMATION

Number of Free Parameters                       38

Loglikelihood

          H0 Value                       -3628.366
          H1 Value                       -3305.519

Information Criteria

          Akaike (AIC)                    7332.732
          Bayesian (BIC)                  7492.887
          Sample-Size Adjusted BIC        7372.272
            (n* = (n + 2) / 24)

Chi-Square Test of Model Fit

          Value                            645.694
          Degrees of Freedom                   142
          P-Value                           0.0000

Chi-Square Contribution From Each Group

          G1                               531.665
          G2                               114.029

RMSEA (Root Mean Square Error Of Approximation)

          Estimate                           0.119
          90 Percent C.I.                    0.110  0.129
          Probability RMSEA <= .05           0.000

CFI/TLI

          CFI                                0.000
          TLI                                0.000

Chi-Square Test of Model Fit for the Baseline Model

          Value                            527.556
          Degrees of Freedom                   132
          P-Value                           0.0000

SRMR (Standardized Root Mean Square Residual)

          Value                              0.689

Wald Test of Parameter Constraints

          Value                              4.102
          Degrees of Freedom                     1
          P-Value                           0.0428



MODEL RESULTS

                                                    Two-Tailed
                    Estimate       S.E.  Est./S.E.    P-Value

Group G1

 TRAIT1   BY
    I1                 1.000      0.000    999.000    999.000
    I2                 0.275      0.074      3.692      0.000
    I3                 0.380      0.076      4.976      0.000
    I4                 0.513      0.081      6.372      0.000
    I5                 0.603      0.081      7.474      0.000
    I6                 0.263      0.035      7.511      0.000

 TRAIT2   BY
    I7                 1.000      0.000    999.000    999.000
    I8                 0.312      0.082      3.823      0.000
    I9                 0.384      0.077      4.958      0.000
    I10                0.452      0.077      5.898      0.000
    I11                0.225      0.074      3.032      0.002
    I12                0.147      0.073      2.022      0.043

 TRAIT2   WITH
    TRAIT1             1.010      0.009    113.158      0.000

 Means
    TRAIT1             0.000      0.000    999.000    999.000
    TRAIT2             0.000      0.000    999.000    999.000

 Intercepts
    I1                 0.192      0.034      5.622      0.000
    I2                 0.206      0.022      9.332      0.000
    I3                 0.281      0.026     10.979      0.000
    I4                 0.338      0.028     12.163      0.000
    I5                 0.469      0.029     16.343      0.000
    I6                 0.472      0.028     16.683      0.000
    I7                 0.578      0.038     15.377      0.000
    I8                 0.598      0.027     21.959      0.000
    I9                 0.726      0.024     30.696      0.000
    I10                0.761      0.025     29.839      0.000
    I11                0.826      0.023     36.309      0.000
    I12                0.851      0.021     41.499      0.000

 Variances
    TRAIT1             1.000      0.000    999.000    999.000
    TRAIT2             1.000      0.000    999.000    999.000

 Residual Variances
    I1                 0.171      0.003     49.728      0.000
    I2                 0.171      0.003     49.728      0.000
    I3                 0.171      0.003     49.728      0.000
    I4                 0.171      0.003     49.728      0.000
    I5                 0.171      0.003     49.728      0.000
    I6                 0.171      0.003     49.728      0.000
    I7                 0.171      0.003     49.728      0.000
    I8                 0.171      0.003     49.728      0.000
    I9                 0.171      0.003     49.728      0.000
    I10                0.171      0.003     49.728      0.000
    I11                0.171      0.003     49.728      0.000
    I12                0.171      0.003     49.728      0.000

Group G2

 TRAIT1   BY
    I1                 0.171      0.031      5.429      0.000
    I2                 0.111      0.032      3.481      0.000
    I3                 0.176      0.034      5.137      0.000
    I4                 0.176      0.035      5.060      0.000
    I5                 0.171      0.037      4.670      0.000
    I6                 0.263      0.035      7.511      0.000

 TRAIT2   BY
    I7                 0.258      0.035      7.309      0.000
    I8                 0.240      0.036      6.744      0.000
    I9                 0.133      0.034      3.908      0.000
    I10                0.164      0.033      4.955      0.000
    I11                0.151      0.032      4.677      0.000
    I12                0.101      0.031      3.202      0.001

 TRAIT2   WITH
    TRAIT1             0.977      0.082     11.900      0.000

 Means
    TRAIT1            -0.136      0.148     -0.921      0.357
    TRAIT2            -0.114      0.141     -0.804      0.421

 Intercepts
    I1                 0.192      0.034      5.622      0.000
    I2                 0.206      0.022      9.332      0.000
    I3                 0.281      0.026     10.979      0.000
    I4                 0.338      0.028     12.163      0.000
    I5                 0.469      0.029     16.343      0.000
    I6                 0.472      0.028     16.683      0.000
    I7                 0.578      0.038     15.377      0.000
    I8                 0.598      0.027     21.959      0.000
    I9                 0.726      0.024     30.696      0.000
    I10                0.761      0.025     29.839      0.000
    I11                0.826      0.023     36.309      0.000
    I12                0.851      0.021     41.499      0.000

 Variances
    TRAIT1             1.000      0.000    999.000    999.000
    TRAIT2             1.000      0.000    999.000    999.000

 Residual Variances
    I1                 0.171      0.003     49.728      0.000
    I2                 0.171      0.003     49.728      0.000
    I3                 0.171      0.003     49.728      0.000
    I4                 0.171      0.003     49.728      0.000
    I5                 0.171      0.003     49.728      0.000
    I6                 0.171      0.003     49.728      0.000
    I7                 0.171      0.003     49.728      0.000
    I8                 0.171      0.003     49.728      0.000
    I9                 0.171      0.003     49.728      0.000
    I10                0.171      0.003     49.728      0.000
    I11                0.171      0.003     49.728      0.000
    I12                0.171      0.003     49.728      0.000


STANDARDIZED MODEL RESULTS


STDYX Standardization

                                                    Two-Tailed
                    Estimate       S.E.  Est./S.E.    P-Value

Group G1

 TRAIT1   BY
    I1                 0.924      0.001    680.792      0.000
    I2                 0.553      0.104      5.308      0.000
    I3                 0.676      0.074      9.134      0.000
    I4                 0.779      0.048     16.080      0.000
    I5                 0.825      0.036     23.174      0.000
    I6                 0.537      0.051     10.451      0.000

 TRAIT2   BY
    I7                 0.924      0.001    680.792      0.000
    I8                 0.602      0.101      5.985      0.000
    I9                 0.680      0.074      9.200      0.000
    I10                0.738      0.057     12.897      0.000
    I11                0.477      0.122      3.926      0.000
    I12                0.335      0.147      2.275      0.023

 TRAIT2   WITH
    TRAIT1             1.010      0.009    113.158      0.000

 Means
    TRAIT1             0.000      0.000    999.000    999.000
    TRAIT2             0.000      0.000    999.000    999.000

 Intercepts
    I1                 0.177      0.032      5.623      0.000
    I2                 0.414      0.055      7.474      0.000
    I3                 0.501      0.062      8.060      0.000
    I4                 0.513      0.067      7.638      0.000
    I5                 0.640      0.072      8.939      0.000
    I6                 0.963      0.069     13.878      0.000
    I7                 0.534      0.035     15.376      0.000
    I8                 1.154      0.121      9.527      0.000
    I9                 1.288      0.127     10.158      0.000
    I10                1.241      0.119     10.394      0.000
    I11                1.755      0.142     12.379      0.000
    I12                1.939      0.117     16.511      0.000

 Variances
    TRAIT1             1.000      0.000    999.000    999.000
    TRAIT2             1.000      0.000    999.000    999.000

 Residual Variances
    I1                 0.146      0.003     58.235      0.000
    I2                 0.694      0.115      6.011      0.000
    I3                 0.543      0.100      5.420      0.000
    I4                 0.394      0.075      5.219      0.000
    I5                 0.320      0.059      5.445      0.000
    I6                 0.712      0.055     12.920      0.000
    I7                 0.146      0.003     58.235      0.000
    I8                 0.637      0.121      5.256      0.000
    I9                 0.537      0.101      5.343      0.000
    I10                0.455      0.084      5.392      0.000
    I11                0.772      0.116      6.649      0.000
    I12                0.888      0.098      9.027      0.000

Group G2

 TRAIT1   BY
    I1                 0.382      0.060      6.333      0.000
    I2                 0.259      0.070      3.728      0.000
    I3                 0.392      0.065      6.046      0.000
    I4                 0.391      0.066      5.954      0.000
    I5                 0.381      0.070      5.445      0.000
    I6                 0.537      0.051     10.451      0.000

 TRAIT2   BY
    I7                 0.529      0.052     10.074      0.000
    I8                 0.502      0.056      8.947      0.000
    I9                 0.307      0.071      4.305      0.000
    I10                0.368      0.064      5.712      0.000
    I11                0.343      0.065      5.286      0.000
    I12                0.236      0.070      3.386      0.001

 TRAIT2   WITH
    TRAIT1             0.977      0.082     11.900      0.000

 Means
    TRAIT1            -0.136      0.148     -0.921      0.357
    TRAIT2            -0.114      0.141     -0.804      0.421

 Intercepts
    I1                 0.429      0.076      5.605      0.000
    I2                 0.481      0.052      9.276      0.000
    I3                 0.625      0.061     10.293      0.000
    I4                 0.752      0.061     12.397      0.000
    I5                 1.047      0.066     15.808      0.000
    I6                 0.963      0.069     13.878      0.000
    I7                 1.186      0.089     13.305      0.000
    I8                 1.251      0.072     17.470      0.000
    I9                 1.672      0.066     25.236      0.000
    I10                1.710      0.075     22.771      0.000
    I11                1.877      0.067     27.982      0.000
    I12                1.999      0.059     33.662      0.000

 Variances
    TRAIT1             1.000      0.000    999.000    999.000
    TRAIT2             1.000      0.000    999.000    999.000

 Residual Variances
    I1                 0.854      0.046     18.586      0.000
    I2                 0.933      0.036     25.852      0.000
    I3                 0.846      0.051     16.610      0.000
    I4                 0.847      0.051     16.476      0.000
    I5                 0.855      0.053     16.018      0.000
    I6                 0.712      0.055     12.920      0.000
    I7                 0.720      0.056     12.970      0.000
    I8                 0.748      0.056     13.312      0.000
    I9                 0.906      0.044     20.696      0.000
    I10                0.865      0.047     18.266      0.000
    I11                0.883      0.044     19.860      0.000
    I12                0.944      0.033     28.600      0.000


STDY Standardization

                                                    Two-Tailed
                    Estimate       S.E.  Est./S.E.    P-Value

Group G1

 TRAIT1   BY
    I1                 0.924      0.001    680.792      0.000
    I2                 0.553      0.104      5.308      0.000
    I3                 0.676      0.074      9.134      0.000
    I4                 0.779      0.048     16.080      0.000
    I5                 0.825      0.036     23.174      0.000
    I6                 0.537      0.051     10.451      0.000

 TRAIT2   BY
    I7                 0.924      0.001    680.792      0.000
    I8                 0.602      0.101      5.985      0.000
    I9                 0.680      0.074      9.200      0.000
    I10                0.738      0.057     12.897      0.000
    I11                0.477      0.122      3.926      0.000
    I12                0.335      0.147      2.275      0.023

 TRAIT2   WITH
    TRAIT1             1.010      0.009    113.158      0.000

 Means
    TRAIT1             0.000      0.000    999.000    999.000
    TRAIT2             0.000      0.000    999.000    999.000

 Intercepts
    I1                 0.177      0.032      5.623      0.000
    I2                 0.414      0.055      7.474      0.000
    I3                 0.501      0.062      8.060      0.000
    I4                 0.513      0.067      7.638      0.000
    I5                 0.640      0.072      8.939      0.000
    I6                 0.963      0.069     13.878      0.000
    I7                 0.534      0.035     15.376      0.000
    I8                 1.154      0.121      9.527      0.000
    I9                 1.288      0.127     10.158      0.000
    I10                1.241      0.119     10.394      0.000
    I11                1.755      0.142     12.379      0.000
    I12                1.939      0.117     16.511      0.000

 Variances
    TRAIT1             1.000      0.000    999.000    999.000
    TRAIT2             1.000      0.000    999.000    999.000

 Residual Variances
    I1                 0.146      0.003     58.235      0.000
    I2                 0.694      0.115      6.011      0.000
    I3                 0.543      0.100      5.420      0.000
    I4                 0.394      0.075      5.219      0.000
    I5                 0.320      0.059      5.445      0.000
    I6                 0.712      0.055     12.920      0.000
    I7                 0.146      0.003     58.235      0.000
    I8                 0.637      0.121      5.256      0.000
    I9                 0.537      0.101      5.343      0.000
    I10                0.455      0.084      5.392      0.000
    I11                0.772      0.116      6.649      0.000
    I12                0.888      0.098      9.027      0.000

Group G2

 TRAIT1   BY
    I1                 0.382      0.060      6.333      0.000
    I2                 0.259      0.070      3.728      0.000
    I3                 0.392      0.065      6.046      0.000
    I4                 0.391      0.066      5.954      0.000
    I5                 0.381      0.070      5.445      0.000
    I6                 0.537      0.051     10.451      0.000

 TRAIT2   BY
    I7                 0.529      0.052     10.074      0.000
    I8                 0.502      0.056      8.947      0.000
    I9                 0.307      0.071      4.305      0.000
    I10                0.368      0.064      5.712      0.000
    I11                0.343      0.065      5.286      0.000
    I12                0.236      0.070      3.386      0.001

 TRAIT2   WITH
    TRAIT1             0.977      0.082     11.900      0.000

 Means
    TRAIT1            -0.136      0.148     -0.921      0.357
    TRAIT2            -0.114      0.141     -0.804      0.421

 Intercepts
    I1                 0.429      0.076      5.605      0.000
    I2                 0.481      0.052      9.276      0.000
    I3                 0.625      0.061     10.293      0.000
    I4                 0.752      0.061     12.397      0.000
    I5                 1.047      0.066     15.808      0.000
    I6                 0.963      0.069     13.878      0.000
    I7                 1.186      0.089     13.305      0.000
    I8                 1.251      0.072     17.470      0.000
    I9                 1.672      0.066     25.236      0.000
    I10                1.710      0.075     22.771      0.000
    I11                1.877      0.067     27.982      0.000
    I12                1.999      0.059     33.662      0.000

 Variances
    TRAIT1             1.000      0.000    999.000    999.000
    TRAIT2             1.000      0.000    999.000    999.000

 Residual Variances
    I1                 0.854      0.046     18.586      0.000
    I2                 0.933      0.036     25.852      0.000
    I3                 0.846      0.051     16.610      0.000
    I4                 0.847      0.051     16.476      0.000
    I5                 0.855      0.053     16.018      0.000
    I6                 0.712      0.055     12.920      0.000
    I7                 0.720      0.056     12.970      0.000
    I8                 0.748      0.056     13.312      0.000
    I9                 0.906      0.044     20.696      0.000
    I10                0.865      0.047     18.266      0.000
    I11                0.883      0.044     19.860      0.000
    I12                0.944      0.033     28.600      0.000


STD Standardization

                                                    Two-Tailed
                    Estimate       S.E.  Est./S.E.    P-Value

Group G1

 TRAIT1   BY
    I1                 1.000      0.000    999.000    999.000
    I2                 0.275      0.074      3.692      0.000
    I3                 0.380      0.076      4.976      0.000
    I4                 0.513      0.081      6.372      0.000
    I5                 0.603      0.081      7.474      0.000
    I6                 0.263      0.035      7.511      0.000

 TRAIT2   BY
    I7                 1.000      0.000    999.000    999.000
    I8                 0.312      0.082      3.823      0.000
    I9                 0.384      0.077      4.958      0.000
    I10                0.452      0.077      5.898      0.000
    I11                0.225      0.074      3.032      0.002
    I12                0.147      0.073      2.022      0.043

 TRAIT2   WITH
    TRAIT1             1.010      0.009    113.158      0.000

 Means
    TRAIT1             0.000      0.000    999.000    999.000
    TRAIT2             0.000      0.000    999.000    999.000

 Intercepts
    I1                 0.192      0.034      5.622      0.000
    I2                 0.206      0.022      9.332      0.000
    I3                 0.281      0.026     10.979      0.000
    I4                 0.338      0.028     12.163      0.000
    I5                 0.469      0.029     16.343      0.000
    I6                 0.472      0.028     16.683      0.000
    I7                 0.578      0.038     15.377      0.000
    I8                 0.598      0.027     21.959      0.000
    I9                 0.726      0.024     30.696      0.000
    I10                0.761      0.025     29.839      0.000
    I11                0.826      0.023     36.309      0.000
    I12                0.851      0.021     41.499      0.000

 Variances
    TRAIT1             1.000      0.000    999.000    999.000
    TRAIT2             1.000      0.000    999.000    999.000

 Residual Variances
    I1                 0.171      0.003     49.728      0.000
    I2                 0.171      0.003     49.728      0.000
    I3                 0.171      0.003     49.728      0.000
    I4                 0.171      0.003     49.728      0.000
    I5                 0.171      0.003     49.728      0.000
    I6                 0.171      0.003     49.728      0.000
    I7                 0.171      0.003     49.728      0.000
    I8                 0.171      0.003     49.728      0.000
    I9                 0.171      0.003     49.728      0.000
    I10                0.171      0.003     49.728      0.000
    I11                0.171      0.003     49.728      0.000
    I12                0.171      0.003     49.728      0.000

Group G2

 TRAIT1   BY
    I1                 0.171      0.031      5.429      0.000
    I2                 0.111      0.032      3.481      0.000
    I3                 0.176      0.034      5.137      0.000
    I4                 0.176      0.035      5.060      0.000
    I5                 0.171      0.037      4.670      0.000
    I6                 0.263      0.035      7.511      0.000

 TRAIT2   BY
    I7                 0.258      0.035      7.309      0.000
    I8                 0.240      0.036      6.744      0.000
    I9                 0.133      0.034      3.908      0.000
    I10                0.164      0.033      4.955      0.000
    I11                0.151      0.032      4.677      0.000
    I12                0.101      0.031      3.202      0.001

 TRAIT2   WITH
    TRAIT1             0.977      0.082     11.900      0.000

 Means
    TRAIT1            -0.136      0.148     -0.921      0.357
    TRAIT2            -0.114      0.141     -0.804      0.421

 Intercepts
    I1                 0.192      0.034      5.622      0.000
    I2                 0.206      0.022      9.332      0.000
    I3                 0.281      0.026     10.979      0.000
    I4                 0.338      0.028     12.163      0.000
    I5                 0.469      0.029     16.343      0.000
    I6                 0.472      0.028     16.683      0.000
    I7                 0.578      0.038     15.377      0.000
    I8                 0.598      0.027     21.959      0.000
    I9                 0.726      0.024     30.696      0.000
    I10                0.761      0.025     29.839      0.000
    I11                0.826      0.023     36.309      0.000
    I12                0.851      0.021     41.499      0.000

 Variances
    TRAIT1             1.000      0.000    999.000    999.000
    TRAIT2             1.000      0.000    999.000    999.000

 Residual Variances
    I1                 0.171      0.003     49.728      0.000
    I2                 0.171      0.003     49.728      0.000
    I3                 0.171      0.003     49.728      0.000
    I4                 0.171      0.003     49.728      0.000
    I5                 0.171      0.003     49.728      0.000
    I6                 0.171      0.003     49.728      0.000
    I7                 0.171      0.003     49.728      0.000
    I8                 0.171      0.003     49.728      0.000
    I9                 0.171      0.003     49.728      0.000
    I10                0.171      0.003     49.728      0.000
    I11                0.171      0.003     49.728      0.000
    I12                0.171      0.003     49.728      0.000


R-SQUARE

Group G1

    Observed                                        Two-Tailed
    Variable        Estimate       S.E.  Est./S.E.    P-Value

    I1                 0.854      0.003    340.396      0.000
    I2                 0.306      0.115      2.654      0.008
    I3                 0.457      0.100      4.567      0.000
    I4                 0.606      0.075      8.040      0.000
    I5                 0.680      0.059     11.587      0.000
    I6                 0.288      0.055      5.225      0.000
    I7                 0.854      0.003    340.396      0.000
    I8                 0.363      0.121      2.992      0.003
    I9                 0.463      0.101      4.600      0.000
    I10                0.545      0.084      6.449      0.000
    I11                0.228      0.116      1.963      0.050
    I12                0.112      0.098      1.137      0.255

Group G2

    Observed                                        Two-Tailed
    Variable        Estimate       S.E.  Est./S.E.    P-Value

    I1                 0.146      0.046      3.167      0.002
    I2                 0.067      0.036      1.864      0.062
    I3                 0.154      0.051      3.023      0.003
    I4                 0.153      0.051      2.977      0.003
    I5                 0.145      0.053      2.723      0.006
    I6                 0.288      0.055      5.225      0.000
    I7                 0.280      0.056      5.037      0.000
    I8                 0.252      0.056      4.473      0.000
    I9                 0.094      0.044      2.152      0.031
    I10                0.135      0.047      2.856      0.004
    I11                0.117      0.044      2.643      0.008
    I12                0.056      0.033      1.693      0.090


QUALITY OF NUMERICAL RESULTS

     Condition Number for the Information Matrix              0.267E-03
       (ratio of smallest to largest eigenvalue)


MODEL MODIFICATION INDICES

Minimum M.I. value for printing the modification index    10.000

                                   M.I.     E.P.C.  Std E.P.C.  StdYX E.P.C.
Group G1


ON/BY Statements

I1       ON TRAIT1   /
TRAIT1   BY I1                    23.818    -0.167     -0.167       -0.155
I1       ON TRAIT2   /
TRAIT2   BY I1                    24.222    -0.168     -0.168       -0.155
TRAIT1   ON TRAIT1   /
TRAIT1   BY TRAIT1                19.126    -0.149     -0.149       -0.149
TRAIT1   ON TRAIT2   /
TRAIT2   BY TRAIT1                19.126    -0.148     -0.148       -0.148

ON Statements

TRAIT1   ON I1                    19.999    -0.128     -0.128       -0.139
TRAIT1   ON I7                    19.370    -0.141     -0.141       -0.152
TRAIT2   ON I11                   12.370    -0.182     -0.182       -0.086
I1       ON I1                    18.010    -0.120     -0.120       -0.120
I1       ON I3                    13.464    -0.199     -0.199       -0.103
I1       ON I4                    22.660    -0.222     -0.222       -0.135
I1       ON I5                    18.771    -0.178     -0.178       -0.121
I1       ON I6                    11.895    -0.188     -0.188       -0.085
I1       ON I7                    19.149    -0.131     -0.131       -0.131
I1       ON I8                    11.656    -0.167     -0.167       -0.080
I1       ON I10                   10.434    -0.131     -0.131       -0.074
I7       ON I8                    13.966    -0.183     -0.183       -0.088
I8       ON I8                    11.304     0.135      0.135        0.135

WITH Statements

I12      WITH I8                  14.544     0.042      0.042        0.245

Variances/Residual Variances

TRAIT1                            19.126    -0.299     -0.299       -0.299
I8                                13.346     0.056      0.056        0.208
I12                               13.269    -0.055     -0.055       -0.284

Group G2


ON Statements

I1       ON I1                    12.132    -0.169     -0.169       -0.169
I5       ON I6                    11.148    -0.183     -0.183       -0.201

WITH Statements

I6       WITH I5                  11.263    -0.042     -0.042       -0.244

Variances/Residual Variances

I1                                13.864    -0.060     -0.060       -0.302
I5                                11.673     0.055      0.055        0.277



     Beginning Time:  12:07:07
        Ending Time:  12:07:07
       Elapsed Time:  00:00:00



MUTHEN & MUTHEN
3463 Stoner Ave.
Los Angeles, CA  90066

Tel: (310) 391-9971
Fax: (310) 391-8971
Web: www.StatModel.com
Support: Support@StatModel.com

Copyright (c) 1998-2019 Muthen & Muthen
