Mplus VERSION 8.4
MUTHEN & MUTHEN
09/17/2023  12:03 PM

INPUT INSTRUCTIONS


  TITLE: TEST
  DATA: FILE IS exdat.csv;
  VARIABLE:
    Names ARE
  group
  i1 i2 i3 i4 i5 i6 i7 i8 i9 i10 i11 i12;
  USEVARIABLES ARE i1-i12;
  GROUPING IS group(1=G1, 2=G2)
  ANALYSIS:
  TYPE = GENERAL;
  PROCESSORS=6;
  OUTPUT:
  STANDARDIZED;
  MODINDICES (ALL);
  MODEL:
    trait1 BY
  i1 (a1)
  i2 (a2)
  i3 (a3)
  i4 (a4)
  i5 (a5)
  i6 (a6);
  trait2 BY
  i7 (a7)
  i8 (a8)
  i9 (a9)
  i10 (a10)
  i11 (a11)
  i12 (a12);
  i1-i12 (e);
  trait1 @ 1
  trait2 @ 1
  MODEL G1:
  MODEL G2:
    trait1 BY
  i1 (b1)
  i2 (b2)
  i3 (b3)
  i4 (b4)
  i5 (b5)
  i6 (a6);
  trait2 BY
  i7 (a7)
  i8 (b8)
  i9 (b9)
  i10 (b10)
  i11 (b11)
  i12 (b12);

  MODEL TEST:
  ! Testing Item 2 for DIF
  0 = a3 - b3;



INPUT READING TERMINATED NORMALLY



TEST

SUMMARY OF ANALYSIS

Number of groups                                                 2
Number of observations
   Group G1                                                    250
   Group G2                                                    250
   Total sample size                                           500

Number of dependent variables                                   12
Number of independent variables                                  0
Number of continuous latent variables                            2

Observed dependent variables

  Continuous
   I1          I2          I3          I4          I5          I6
   I7          I8          I9          I10         I11         I12

Continuous latent variables
   TRAIT1      TRAIT2

Variables with special functions

  Grouping variable     GROUP

Estimator                                                       ML
Information matrix                                        OBSERVED
Maximum number of iterations                                  1000
Convergence criterion                                    0.500D-04
Maximum number of steepest descent iterations                   20

Input data file(s)
  exdat.csv

Input data format  FREE



UNIVARIATE SAMPLE STATISTICS


     UNIVARIATE HIGHER-ORDER MOMENT DESCRIPTIVE STATISTICS FOR G1

         Variable/         Mean/     Skewness/   Minimum/ % with                Percentiles
        Sample Size      Variance    Kurtosis    Maximum  Min/Max      20%/60%    40%/80%    Median

     I1                    0.180       1.666       0.000   82.00%       0.000      0.000      0.000
             250.000       0.148       0.775       1.000   18.00%       0.000      0.000
     I2                    0.188       1.597       0.000   81.20%       0.000      0.000      0.000
             250.000       0.153       0.551       1.000   18.80%       0.000      0.000
     I3                    0.232       1.270       0.000   76.80%       0.000      0.000      0.000
             250.000       0.178      -0.388       1.000   23.20%       0.000      1.000
     I4                    0.312       0.812       0.000   68.80%       0.000      0.000      0.000
             250.000       0.215      -1.341       1.000   31.20%       0.000      1.000
     I5                    0.440       0.242       0.000   56.00%       0.000      0.000      0.000
             250.000       0.246      -1.942       1.000   44.00%       1.000      1.000
     I6                    0.484       0.064       0.000   51.60%       0.000      0.000      0.000
             250.000       0.250      -1.996       1.000   48.40%       1.000      1.000
     I7                    0.516      -0.064       0.000   48.40%       0.000      0.000      1.000
             250.000       0.250      -1.996       1.000   51.60%       1.000      1.000
     I8                    0.592      -0.374       0.000   40.80%       0.000      0.000      1.000
             250.000       0.242      -1.860       1.000   59.20%       1.000      1.000
     I9                    0.680      -0.772       0.000   32.00%       0.000      1.000      1.000
             250.000       0.218      -1.404       1.000   68.00%       1.000      1.000
     I10                   0.744      -1.118       0.000   25.60%       0.000      1.000      1.000
             250.000       0.190      -0.750       1.000   74.40%       1.000      1.000
     I11                   0.776      -1.324       0.000   22.40%       0.000      1.000      1.000
             250.000       0.174      -0.247       1.000   77.60%       1.000      1.000
     I12                   0.820      -1.666       0.000   18.00%       1.000      1.000      1.000
             250.000       0.148       0.775       1.000   82.00%       1.000      1.000


     UNIVARIATE HIGHER-ORDER MOMENT DESCRIPTIVE STATISTICS FOR G2

         Variable/         Mean/     Skewness/   Minimum/ % with                Percentiles
        Sample Size      Variance    Kurtosis    Maximum  Min/Max      20%/60%    40%/80%    Median

     I1                    0.196       1.532       0.000   80.40%       0.000      0.000      0.000
             250.000       0.158       0.346       1.000   19.60%       0.000      0.000
     I2                    0.220       1.352       0.000   78.00%       0.000      0.000      0.000
             250.000       0.172      -0.172       1.000   22.00%       0.000      1.000
     I3                    0.296       0.894       0.000   70.40%       0.000      0.000      0.000
             250.000       0.208      -1.201       1.000   29.60%       0.000      1.000
     I4                    0.352       0.620       0.000   64.80%       0.000      0.000      0.000
             250.000       0.228      -1.616       1.000   35.20%       0.000      1.000
     I5                    0.416       0.341       0.000   58.40%       0.000      0.000      0.000
             250.000       0.243      -1.884       1.000   41.60%       1.000      1.000
     I6                    0.460       0.161       0.000   54.00%       0.000      0.000      0.000
             250.000       0.248      -1.974       1.000   46.00%       1.000      1.000
     I7                    0.556      -0.225       0.000   44.40%       0.000      0.000      1.000
             250.000       0.247      -1.949       1.000   55.60%       1.000      1.000
     I8                    0.604      -0.425       0.000   39.60%       0.000      1.000      1.000
             250.000       0.239      -1.819       1.000   60.40%       1.000      1.000
     I9                    0.692      -0.832       0.000   30.80%       0.000      1.000      1.000
             250.000       0.213      -1.308       1.000   69.20%       1.000      1.000
     I10                   0.764      -1.243       0.000   23.60%       0.000      1.000      1.000
             250.000       0.180      -0.454       1.000   76.40%       1.000      1.000
     I11                   0.824      -1.702       0.000   17.60%       1.000      1.000      1.000
             250.000       0.145       0.895       1.000   82.40%       1.000      1.000
     I12                   0.876      -2.282       0.000   12.40%       1.000      1.000      1.000
             250.000       0.109       3.206       1.000   87.60%       1.000      1.000


THE MODEL ESTIMATION TERMINATED NORMALLY



MODEL FIT INFORMATION

Number of Free Parameters                       38

Loglikelihood

          H0 Value                       -3603.921
          H1 Value                       -3310.896

Information Criteria

          Akaike (AIC)                    7283.842
          Bayesian (BIC)                  7443.997
          Sample-Size Adjusted BIC        7323.383
            (n* = (n + 2) / 24)

Chi-Square Test of Model Fit

          Value                            586.051
          Degrees of Freedom                   142
          P-Value                           0.0000

Chi-Square Contribution From Each Group

          G1                               466.666
          G2                               119.385

RMSEA (Root Mean Square Error Of Approximation)

          Estimate                           0.112
          90 Percent C.I.                    0.103  0.121
          Probability RMSEA <= .05           0.000

CFI/TLI

          CFI                                0.061
          TLI                                0.127

Chi-Square Test of Model Fit for the Baseline Model

          Value                            604.840
          Degrees of Freedom                   132
          P-Value                           0.0000

SRMR (Standardized Root Mean Square Residual)

          Value                              0.657

Wald Test of Parameter Constraints

          Value                              4.503
          Degrees of Freedom                     1
          P-Value                           0.0338



MODEL RESULTS

                                                    Two-Tailed
                    Estimate       S.E.  Est./S.E.    P-Value

Group G1

 TRAIT1   BY
    I1                 1.000      0.000    999.000    999.000
    I2                 0.188      0.071      2.646      0.008
    I3                 0.322      0.073      4.397      0.000
    I4                 0.461      0.076      6.100      0.000
    I5                 0.599      0.078      7.720      0.000
    I6                 0.325      0.033      9.938      0.000

 TRAIT2   BY
    I7                 1.000      0.000    999.000    999.000
    I8                 0.447      0.076      5.849      0.000
    I9                 0.527      0.074      7.129      0.000
    I10                0.458      0.073      6.280      0.000
    I11                0.322      0.072      4.490      0.000
    I12                0.283      0.070      4.041      0.000

 TRAIT2   WITH
    TRAIT1             0.994      0.009    106.135      0.000

 Means
    TRAIT1             0.000      0.000    999.000    999.000
    TRAIT2             0.000      0.000    999.000    999.000

 Intercepts
    I1                 0.198      0.032      6.111      0.000
    I2                 0.206      0.021      9.866      0.000
    I3                 0.267      0.023     11.774      0.000
    I4                 0.337      0.027     12.366      0.000
    I5                 0.434      0.029     14.844      0.000
    I6                 0.475      0.029     16.393      0.000
    I7                 0.536      0.040     13.324      0.000
    I8                 0.595      0.029     20.796      0.000
    I9                 0.682      0.031     22.089      0.000
    I10                0.753      0.026     29.235      0.000
    I11                0.798      0.024     33.714      0.000
    I12                0.848      0.021     40.497      0.000

 Variances
    TRAIT1             1.000      0.000    999.000    999.000
    TRAIT2             1.000      0.000    999.000    999.000

 Residual Variances
    I1                 0.167      0.003     49.551      0.000
    I2                 0.167      0.003     49.551      0.000
    I3                 0.167      0.003     49.551      0.000
    I4                 0.167      0.003     49.551      0.000
    I5                 0.167      0.003     49.551      0.000
    I6                 0.167      0.003     49.551      0.000
    I7                 0.167      0.003     49.551      0.000
    I8                 0.167      0.003     49.551      0.000
    I9                 0.167      0.003     49.551      0.000
    I10                0.167      0.003     49.551      0.000
    I11                0.167      0.003     49.551      0.000
    I12                0.167      0.003     49.551      0.000

Group G2

 TRAIT1   BY
    I1                 0.172      0.031      5.493      0.000
    I2                 0.131      0.032      4.112      0.000
    I3                 0.150      0.034      4.476      0.000
    I4                 0.234      0.034      6.870      0.000
    I5                 0.240      0.034      6.987      0.000
    I6                 0.325      0.033      9.938      0.000

 TRAIT2   BY
    I7                 0.247      0.035      7.079      0.000
    I8                 0.195      0.035      5.539      0.000
    I9                 0.215      0.033      6.444      0.000
    I10                0.137      0.032      4.218      0.000
    I11                0.126      0.031      4.045      0.000
    I12                0.066      0.030      2.213      0.027

 TRAIT2   WITH
    TRAIT1             0.959      0.073     13.176      0.000

 Means
    TRAIT1            -0.001      0.124     -0.004      0.997
    TRAIT2             0.084      0.161      0.519      0.604

 Intercepts
    I1                 0.198      0.032      6.111      0.000
    I2                 0.206      0.021      9.866      0.000
    I3                 0.267      0.023     11.774      0.000
    I4                 0.337      0.027     12.366      0.000
    I5                 0.434      0.029     14.844      0.000
    I6                 0.475      0.029     16.393      0.000
    I7                 0.536      0.040     13.324      0.000
    I8                 0.595      0.029     20.796      0.000
    I9                 0.682      0.031     22.089      0.000
    I10                0.753      0.026     29.235      0.000
    I11                0.798      0.024     33.714      0.000
    I12                0.848      0.021     40.497      0.000

 Variances
    TRAIT1             1.000      0.000    999.000    999.000
    TRAIT2             1.000      0.000    999.000    999.000

 Residual Variances
    I1                 0.167      0.003     49.551      0.000
    I2                 0.167      0.003     49.551      0.000
    I3                 0.167      0.003     49.551      0.000
    I4                 0.167      0.003     49.551      0.000
    I5                 0.167      0.003     49.551      0.000
    I6                 0.167      0.003     49.551      0.000
    I7                 0.167      0.003     49.551      0.000
    I8                 0.167      0.003     49.551      0.000
    I9                 0.167      0.003     49.551      0.000
    I10                0.167      0.003     49.551      0.000
    I11                0.167      0.003     49.551      0.000
    I12                0.167      0.003     49.551      0.000


STANDARDIZED MODEL RESULTS


STDYX Standardization

                                                    Two-Tailed
                    Estimate       S.E.  Est./S.E.    P-Value

Group G1

 TRAIT1   BY
    I1                 0.926      0.001    692.861      0.000
    I2                 0.418      0.131      3.202      0.001
    I3                 0.619      0.087      7.110      0.000
    I4                 0.749      0.054     13.785      0.000
    I5                 0.826      0.034     24.086      0.000
    I6                 0.622      0.039     16.003      0.000

 TRAIT2   BY
    I7                 0.926      0.001    692.861      0.000
    I8                 0.738      0.058     12.791      0.000
    I9                 0.790      0.042     18.866      0.000
    I10                0.746      0.053     14.115      0.000
    I11                0.619      0.085      7.254      0.000
    I12                0.569      0.095      5.968      0.000

 TRAIT2   WITH
    TRAIT1             0.994      0.009    106.135      0.000

 Means
    TRAIT1             0.000      0.000    999.000    999.000
    TRAIT2             0.000      0.000    999.000    999.000

 Intercepts
    I1                 0.184      0.030      6.110      0.000
    I2                 0.458      0.054      8.513      0.000
    I3                 0.514      0.059      8.697      0.000
    I4                 0.547      0.064      8.563      0.000
    I5                 0.599      0.067      8.945      0.000
    I6                 0.911      0.064     14.126      0.000
    I7                 0.496      0.037     13.319      0.000
    I8                 0.982      0.102      9.633      0.000
    I9                 1.023      0.100     10.214      0.000
    I10                1.227      0.115     10.660      0.000
    I11                1.535      0.135     11.359      0.000
    I12                1.707      0.140     12.178      0.000

 Variances
    TRAIT1             1.000      0.000    999.000    999.000
    TRAIT2             1.000      0.000    999.000    999.000

 Residual Variances
    I1                 0.143      0.002     57.821      0.000
    I2                 0.825      0.109      7.558      0.000
    I3                 0.617      0.108      5.718      0.000
    I4                 0.440      0.081      5.409      0.000
    I5                 0.317      0.057      5.596      0.000
    I6                 0.613      0.048     12.653      0.000
    I7                 0.143      0.002     57.821      0.000
    I8                 0.455      0.085      5.342      0.000
    I9                 0.375      0.066      5.664      0.000
    I10                0.443      0.079      5.619      0.000
    I11                0.617      0.106      5.847      0.000
    I12                0.676      0.109      6.226      0.000

Group G2

 TRAIT1   BY
    I1                 0.387      0.060      6.446      0.000
    I2                 0.305      0.067      4.527      0.000
    I3                 0.345      0.068      5.069      0.000
    I4                 0.498      0.055      9.068      0.000
    I5                 0.507      0.054      9.349      0.000
    I6                 0.622      0.039     16.003      0.000

 TRAIT2   BY
    I7                 0.517      0.054      9.588      0.000
    I8                 0.430      0.064      6.760      0.000
    I9                 0.467      0.057      8.189      0.000
    I10                0.318      0.068      4.678      0.000
    I11                0.294      0.067      4.417      0.000
    I12                0.161      0.071      2.271      0.023

 TRAIT2   WITH
    TRAIT1             0.959      0.073     13.176      0.000

 Means
    TRAIT1            -0.001      0.124     -0.004      0.997
    TRAIT2             0.084      0.161      0.519      0.604

 Intercepts
    I1                 0.448      0.074      6.030      0.000
    I2                 0.480      0.050      9.524      0.000
    I3                 0.614      0.056     10.932      0.000
    I4                 0.715      0.065     11.064      0.000
    I5                 0.916      0.069     13.337      0.000
    I6                 0.911      0.064     14.126      0.000
    I7                 1.123      0.096     11.713      0.000
    I8                 1.314      0.077     17.048      0.000
    I9                 1.478      0.083     17.757      0.000
    I10                1.748      0.076     23.080      0.000
    I11                1.867      0.073     25.446      0.000
    I12                2.049      0.062     32.971      0.000

 Variances
    TRAIT1             1.000      0.000    999.000    999.000
    TRAIT2             1.000      0.000    999.000    999.000

 Residual Variances
    I1                 0.850      0.047     18.245      0.000
    I2                 0.907      0.041     22.051      0.000
    I3                 0.881      0.047     18.710      0.000
    I4                 0.752      0.055     13.765      0.000
    I5                 0.743      0.055     13.490      0.000
    I6                 0.613      0.048     12.653      0.000
    I7                 0.733      0.056     13.142      0.000
    I8                 0.815      0.055     14.893      0.000
    I9                 0.782      0.053     14.719      0.000
    I10                0.899      0.043     20.796      0.000
    I11                0.914      0.039     23.383      0.000
    I12                0.974      0.023     42.902      0.000


STDY Standardization

                                                    Two-Tailed
                    Estimate       S.E.  Est./S.E.    P-Value

Group G1

 TRAIT1   BY
    I1                 0.926      0.001    692.861      0.000
    I2                 0.418      0.131      3.202      0.001
    I3                 0.619      0.087      7.110      0.000
    I4                 0.749      0.054     13.785      0.000
    I5                 0.826      0.034     24.086      0.000
    I6                 0.622      0.039     16.003      0.000

 TRAIT2   BY
    I7                 0.926      0.001    692.861      0.000
    I8                 0.738      0.058     12.791      0.000
    I9                 0.790      0.042     18.866      0.000
    I10                0.746      0.053     14.115      0.000
    I11                0.619      0.085      7.254      0.000
    I12                0.569      0.095      5.968      0.000

 TRAIT2   WITH
    TRAIT1             0.994      0.009    106.135      0.000

 Means
    TRAIT1             0.000      0.000    999.000    999.000
    TRAIT2             0.000      0.000    999.000    999.000

 Intercepts
    I1                 0.184      0.030      6.110      0.000
    I2                 0.458      0.054      8.513      0.000
    I3                 0.514      0.059      8.697      0.000
    I4                 0.547      0.064      8.563      0.000
    I5                 0.599      0.067      8.945      0.000
    I6                 0.911      0.064     14.126      0.000
    I7                 0.496      0.037     13.319      0.000
    I8                 0.982      0.102      9.633      0.000
    I9                 1.023      0.100     10.214      0.000
    I10                1.227      0.115     10.660      0.000
    I11                1.535      0.135     11.359      0.000
    I12                1.707      0.140     12.178      0.000

 Variances
    TRAIT1             1.000      0.000    999.000    999.000
    TRAIT2             1.000      0.000    999.000    999.000

 Residual Variances
    I1                 0.143      0.002     57.821      0.000
    I2                 0.825      0.109      7.558      0.000
    I3                 0.617      0.108      5.718      0.000
    I4                 0.440      0.081      5.409      0.000
    I5                 0.317      0.057      5.596      0.000
    I6                 0.613      0.048     12.653      0.000
    I7                 0.143      0.002     57.821      0.000
    I8                 0.455      0.085      5.342      0.000
    I9                 0.375      0.066      5.664      0.000
    I10                0.443      0.079      5.619      0.000
    I11                0.617      0.106      5.847      0.000
    I12                0.676      0.109      6.226      0.000

Group G2

 TRAIT1   BY
    I1                 0.387      0.060      6.446      0.000
    I2                 0.305      0.067      4.527      0.000
    I3                 0.345      0.068      5.069      0.000
    I4                 0.498      0.055      9.068      0.000
    I5                 0.507      0.054      9.349      0.000
    I6                 0.622      0.039     16.003      0.000

 TRAIT2   BY
    I7                 0.517      0.054      9.588      0.000
    I8                 0.430      0.064      6.760      0.000
    I9                 0.467      0.057      8.189      0.000
    I10                0.318      0.068      4.678      0.000
    I11                0.294      0.067      4.417      0.000
    I12                0.161      0.071      2.271      0.023

 TRAIT2   WITH
    TRAIT1             0.959      0.073     13.176      0.000

 Means
    TRAIT1            -0.001      0.124     -0.004      0.997
    TRAIT2             0.084      0.161      0.519      0.604

 Intercepts
    I1                 0.448      0.074      6.030      0.000
    I2                 0.480      0.050      9.524      0.000
    I3                 0.614      0.056     10.932      0.000
    I4                 0.715      0.065     11.064      0.000
    I5                 0.916      0.069     13.337      0.000
    I6                 0.911      0.064     14.126      0.000
    I7                 1.123      0.096     11.713      0.000
    I8                 1.314      0.077     17.048      0.000
    I9                 1.478      0.083     17.757      0.000
    I10                1.748      0.076     23.080      0.000
    I11                1.867      0.073     25.446      0.000
    I12                2.049      0.062     32.971      0.000

 Variances
    TRAIT1             1.000      0.000    999.000    999.000
    TRAIT2             1.000      0.000    999.000    999.000

 Residual Variances
    I1                 0.850      0.047     18.245      0.000
    I2                 0.907      0.041     22.051      0.000
    I3                 0.881      0.047     18.710      0.000
    I4                 0.752      0.055     13.765      0.000
    I5                 0.743      0.055     13.490      0.000
    I6                 0.613      0.048     12.653      0.000
    I7                 0.733      0.056     13.142      0.000
    I8                 0.815      0.055     14.893      0.000
    I9                 0.782      0.053     14.719      0.000
    I10                0.899      0.043     20.796      0.000
    I11                0.914      0.039     23.383      0.000
    I12                0.974      0.023     42.902      0.000


STD Standardization

                                                    Two-Tailed
                    Estimate       S.E.  Est./S.E.    P-Value

Group G1

 TRAIT1   BY
    I1                 1.000      0.000    999.000    999.000
    I2                 0.188      0.071      2.646      0.008
    I3                 0.322      0.073      4.397      0.000
    I4                 0.461      0.076      6.100      0.000
    I5                 0.599      0.078      7.720      0.000
    I6                 0.325      0.033      9.938      0.000

 TRAIT2   BY
    I7                 1.000      0.000    999.000    999.000
    I8                 0.447      0.076      5.849      0.000
    I9                 0.527      0.074      7.129      0.000
    I10                0.458      0.073      6.280      0.000
    I11                0.322      0.072      4.490      0.000
    I12                0.283      0.070      4.041      0.000

 TRAIT2   WITH
    TRAIT1             0.994      0.009    106.135      0.000

 Means
    TRAIT1             0.000      0.000    999.000    999.000
    TRAIT2             0.000      0.000    999.000    999.000

 Intercepts
    I1                 0.198      0.032      6.111      0.000
    I2                 0.206      0.021      9.866      0.000
    I3                 0.267      0.023     11.774      0.000
    I4                 0.337      0.027     12.366      0.000
    I5                 0.434      0.029     14.844      0.000
    I6                 0.475      0.029     16.393      0.000
    I7                 0.536      0.040     13.324      0.000
    I8                 0.595      0.029     20.796      0.000
    I9                 0.682      0.031     22.089      0.000
    I10                0.753      0.026     29.235      0.000
    I11                0.798      0.024     33.714      0.000
    I12                0.848      0.021     40.497      0.000

 Variances
    TRAIT1             1.000      0.000    999.000    999.000
    TRAIT2             1.000      0.000    999.000    999.000

 Residual Variances
    I1                 0.167      0.003     49.551      0.000
    I2                 0.167      0.003     49.551      0.000
    I3                 0.167      0.003     49.551      0.000
    I4                 0.167      0.003     49.551      0.000
    I5                 0.167      0.003     49.551      0.000
    I6                 0.167      0.003     49.551      0.000
    I7                 0.167      0.003     49.551      0.000
    I8                 0.167      0.003     49.551      0.000
    I9                 0.167      0.003     49.551      0.000
    I10                0.167      0.003     49.551      0.000
    I11                0.167      0.003     49.551      0.000
    I12                0.167      0.003     49.551      0.000

Group G2

 TRAIT1   BY
    I1                 0.172      0.031      5.493      0.000
    I2                 0.131      0.032      4.112      0.000
    I3                 0.150      0.034      4.476      0.000
    I4                 0.234      0.034      6.870      0.000
    I5                 0.240      0.034      6.987      0.000
    I6                 0.325      0.033      9.938      0.000

 TRAIT2   BY
    I7                 0.247      0.035      7.079      0.000
    I8                 0.195      0.035      5.539      0.000
    I9                 0.215      0.033      6.444      0.000
    I10                0.137      0.032      4.218      0.000
    I11                0.126      0.031      4.045      0.000
    I12                0.066      0.030      2.213      0.027

 TRAIT2   WITH
    TRAIT1             0.959      0.073     13.176      0.000

 Means
    TRAIT1            -0.001      0.124     -0.004      0.997
    TRAIT2             0.084      0.161      0.519      0.604

 Intercepts
    I1                 0.198      0.032      6.111      0.000
    I2                 0.206      0.021      9.866      0.000
    I3                 0.267      0.023     11.774      0.000
    I4                 0.337      0.027     12.366      0.000
    I5                 0.434      0.029     14.844      0.000
    I6                 0.475      0.029     16.393      0.000
    I7                 0.536      0.040     13.324      0.000
    I8                 0.595      0.029     20.796      0.000
    I9                 0.682      0.031     22.089      0.000
    I10                0.753      0.026     29.235      0.000
    I11                0.798      0.024     33.714      0.000
    I12                0.848      0.021     40.497      0.000

 Variances
    TRAIT1             1.000      0.000    999.000    999.000
    TRAIT2             1.000      0.000    999.000    999.000

 Residual Variances
    I1                 0.167      0.003     49.551      0.000
    I2                 0.167      0.003     49.551      0.000
    I3                 0.167      0.003     49.551      0.000
    I4                 0.167      0.003     49.551      0.000
    I5                 0.167      0.003     49.551      0.000
    I6                 0.167      0.003     49.551      0.000
    I7                 0.167      0.003     49.551      0.000
    I8                 0.167      0.003     49.551      0.000
    I9                 0.167      0.003     49.551      0.000
    I10                0.167      0.003     49.551      0.000
    I11                0.167      0.003     49.551      0.000
    I12                0.167      0.003     49.551      0.000


R-SQUARE

Group G1

    Observed                                        Two-Tailed
    Variable        Estimate       S.E.  Est./S.E.    P-Value

    I1                 0.857      0.002    346.430      0.000
    I2                 0.175      0.109      1.601      0.109
    I3                 0.383      0.108      3.555      0.000
    I4                 0.560      0.081      6.892      0.000
    I5                 0.683      0.057     12.043      0.000
    I6                 0.387      0.048      8.002      0.000
    I7                 0.857      0.002    346.430      0.000
    I8                 0.545      0.085      6.395      0.000
    I9                 0.625      0.066      9.433      0.000
    I10                0.557      0.079      7.057      0.000
    I11                0.383      0.106      3.627      0.000
    I12                0.324      0.109      2.984      0.003

Group G2

    Observed                                        Two-Tailed
    Variable        Estimate       S.E.  Est./S.E.    P-Value

    I1                 0.150      0.047      3.223      0.001
    I2                 0.093      0.041      2.263      0.024
    I3                 0.119      0.047      2.535      0.011
    I4                 0.248      0.055      4.534      0.000
    I5                 0.257      0.055      4.674      0.000
    I6                 0.387      0.048      8.002      0.000
    I7                 0.267      0.056      4.794      0.000
    I8                 0.185      0.055      3.380      0.001
    I9                 0.218      0.053      4.095      0.000
    I10                0.101      0.043      2.339      0.019
    I11                0.086      0.039      2.208      0.027
    I12                0.026      0.023      1.136      0.256


QUALITY OF NUMERICAL RESULTS

     Condition Number for the Information Matrix              0.256E-03
       (ratio of smallest to largest eigenvalue)


MODEL MODIFICATION INDICES

Minimum M.I. value for printing the modification index    10.000

                                   M.I.     E.P.C.  Std E.P.C.  StdYX E.P.C.
Group G1


ON/BY Statements

I1       ON TRAIT1   /
TRAIT1   BY I1                    28.349    -0.187     -0.187       -0.173
I1       ON TRAIT2   /
TRAIT2   BY I1                    27.902    -0.186     -0.186       -0.172
TRAIT1   ON TRAIT1   /
TRAIT1   BY TRAIT1                22.880    -0.167     -0.167       -0.167
TRAIT1   ON TRAIT2   /
TRAIT2   BY TRAIT1                22.880    -0.168     -0.168       -0.168

ON Statements

TRAIT1   ON I1                    26.454    -0.152     -0.152       -0.164
TRAIT1   ON I5                    11.183    -0.146     -0.146       -0.106
TRAIT1   ON I7                    17.576    -0.138     -0.138       -0.149
TRAIT1   ON I8                    12.489    -0.170     -0.170       -0.103
TRAIT1   ON I9                    18.557    -0.191     -0.191       -0.127
I1       ON I1                    16.140    -0.116     -0.116       -0.116
I1       ON I3                    13.091    -0.213     -0.213       -0.103
I1       ON I4                    23.301    -0.244     -0.244       -0.139
I1       ON I5                    26.268    -0.221     -0.221       -0.148
I1       ON I6                    24.732    -0.268     -0.268       -0.129
I1       ON I7                    12.691    -0.111     -0.111       -0.111
I1       ON I8                    11.623    -0.158     -0.158       -0.088
I1       ON I9                    13.227    -0.152     -0.152       -0.094
I5       ON I6                    14.305     0.202      0.202        0.145
I6       ON I3                    14.119     0.209      0.209        0.208
I6       ON I5                    18.079     0.190      0.190        0.264
I6       ON I6                    14.137     0.153      0.153        0.153

WITH Statements

I1       WITH TRAIT1              12.373    -0.056     -0.056       -0.136
I6       WITH I1                  11.691    -0.044     -0.044       -0.261
I6       WITH I5                  15.449     0.045      0.045        0.267

Variances/Residual Variances

TRAIT1                            22.876    -0.334     -0.334       -0.334

Group G2


Variances/Residual Variances

I12                               18.352    -0.063     -0.063       -0.368



     Beginning Time:  12:03:03
        Ending Time:  12:03:04
       Elapsed Time:  00:00:01



MUTHEN & MUTHEN
3463 Stoner Ave.
Los Angeles, CA  90066

Tel: (310) 391-9971
Fax: (310) 391-8971
Web: www.StatModel.com
Support: Support@StatModel.com

Copyright (c) 1998-2019 Muthen & Muthen
