Mplus VERSION 8.4
MUTHEN & MUTHEN
09/17/2023  12:06 PM

INPUT INSTRUCTIONS


  TITLE: TEST
  DATA: FILE IS exdat.csv;
  VARIABLE:
    Names ARE
  group
  i1 i2 i3 i4 i5 i6 i7 i8 i9 i10 i11 i12;
  USEVARIABLES ARE i1-i12;
  GROUPING IS group(1=G1, 2=G2)
  ANALYSIS:
  TYPE = GENERAL;
  PROCESSORS=6;
  OUTPUT:
  STANDARDIZED;
  MODINDICES (ALL);
  MODEL:
    trait1 BY
  i1 (a1)
  i2 (a2)
  i3 (a3)
  i4 (a4)
  i5 (a5)
  i6 (a6);
  trait2 BY
  i7 (a7)
  i8 (a8)
  i9 (a9)
  i10 (a10)
  i11 (a11)
  i12 (a12);
  i1-i12 (e);
  trait1 @ 1
  trait2 @ 1
  MODEL G1:
  MODEL G2:
    trait1 BY
  i1 (b1)
  i2 (b2)
  i3 (b3)
  i4 (b4)
  i5 (b5)
  i6 (a6);
  trait2 BY
  i7 (a7)
  i8 (b8)
  i9 (b9)
  i10 (b10)
  i11 (b11)
  i12 (b12);

  MODEL TEST:
  ! Testing Item 2 for DIF
  0 = a2 - b2;



INPUT READING TERMINATED NORMALLY



TEST

SUMMARY OF ANALYSIS

Number of groups                                                 2
Number of observations
   Group G1                                                    250
   Group G2                                                    250
   Total sample size                                           500

Number of dependent variables                                   12
Number of independent variables                                  0
Number of continuous latent variables                            2

Observed dependent variables

  Continuous
   I1          I2          I3          I4          I5          I6
   I7          I8          I9          I10         I11         I12

Continuous latent variables
   TRAIT1      TRAIT2

Variables with special functions

  Grouping variable     GROUP

Estimator                                                       ML
Information matrix                                        OBSERVED
Maximum number of iterations                                  1000
Convergence criterion                                    0.500D-04
Maximum number of steepest descent iterations                   20

Input data file(s)
  exdat.csv

Input data format  FREE



UNIVARIATE SAMPLE STATISTICS


     UNIVARIATE HIGHER-ORDER MOMENT DESCRIPTIVE STATISTICS FOR G1

         Variable/         Mean/     Skewness/   Minimum/ % with                Percentiles
        Sample Size      Variance    Kurtosis    Maximum  Min/Max      20%/60%    40%/80%    Median

     I1                    0.168       1.776       0.000   83.20%       0.000      0.000      0.000
             250.000       0.140       1.154       1.000   16.80%       0.000      0.000
     I2                    0.240       1.218       0.000   76.00%       0.000      0.000      0.000
             250.000       0.182      -0.518       1.000   24.00%       0.000      1.000
     I3                    0.292       0.915       0.000   70.80%       0.000      0.000      0.000
             250.000       0.207      -1.163       1.000   29.20%       0.000      1.000
     I4                    0.328       0.733       0.000   67.20%       0.000      0.000      0.000
             250.000       0.220      -1.463       1.000   32.80%       0.000      1.000
     I5                    0.368       0.547       0.000   63.20%       0.000      0.000      0.000
             250.000       0.233      -1.700       1.000   36.80%       0.000      1.000
     I6                    0.440       0.242       0.000   56.00%       0.000      0.000      0.000
             250.000       0.246      -1.942       1.000   44.00%       1.000      1.000
     I7                    0.540      -0.161       0.000   46.00%       0.000      0.000      1.000
             250.000       0.248      -1.974       1.000   54.00%       1.000      1.000
     I8                    0.592      -0.374       0.000   40.80%       0.000      0.000      1.000
             250.000       0.242      -1.860       1.000   59.20%       1.000      1.000
     I9                    0.712      -0.936       0.000   28.80%       0.000      1.000      1.000
             250.000       0.205      -1.123       1.000   71.20%       1.000      1.000
     I10                   0.768      -1.270       0.000   23.20%       0.000      1.000      1.000
             250.000       0.178      -0.388       1.000   76.80%       1.000      1.000
     I11                   0.804      -1.532       0.000   19.60%       1.000      1.000      1.000
             250.000       0.158       0.346       1.000   80.40%       1.000      1.000
     I12                   0.848      -1.939       0.000   15.20%       1.000      1.000      1.000
             250.000       0.129       1.758       1.000   84.80%       1.000      1.000


     UNIVARIATE HIGHER-ORDER MOMENT DESCRIPTIVE STATISTICS FOR G2

         Variable/         Mean/     Skewness/   Minimum/ % with                Percentiles
        Sample Size      Variance    Kurtosis    Maximum  Min/Max      20%/60%    40%/80%    Median

     I1                    0.204       1.469       0.000   79.60%       0.000      0.000      0.000
             250.000       0.162       0.158       1.000   20.40%       0.000      1.000
     I2                    0.220       1.352       0.000   78.00%       0.000      0.000      0.000
             250.000       0.172      -0.172       1.000   22.00%       0.000      1.000
     I3                    0.232       1.270       0.000   76.80%       0.000      0.000      0.000
             250.000       0.178      -0.388       1.000   23.20%       0.000      1.000
     I4                    0.292       0.915       0.000   70.80%       0.000      0.000      0.000
             250.000       0.207      -1.163       1.000   29.20%       0.000      1.000
     I5                    0.424       0.308       0.000   57.60%       0.000      0.000      0.000
             250.000       0.244      -1.905       1.000   42.40%       1.000      1.000
     I6                    0.452       0.193       0.000   54.80%       0.000      0.000      0.000
             250.000       0.248      -1.963       1.000   45.20%       1.000      1.000
     I7                    0.572      -0.291       0.000   42.80%       0.000      0.000      1.000
             250.000       0.245      -1.915       1.000   57.20%       1.000      1.000
     I8                    0.572      -0.291       0.000   42.80%       0.000      0.000      1.000
             250.000       0.245      -1.915       1.000   57.20%       1.000      1.000
     I9                    0.672      -0.733       0.000   32.80%       0.000      1.000      1.000
             250.000       0.220      -1.463       1.000   67.20%       1.000      1.000
     I10                   0.704      -0.894       0.000   29.60%       0.000      1.000      1.000
             250.000       0.208      -1.201       1.000   70.40%       1.000      1.000
     I11                   0.784      -1.380       0.000   21.60%       0.000      1.000      1.000
             250.000       0.169      -0.095       1.000   78.40%       1.000      1.000
     I12                   0.884      -2.398       0.000   11.60%       1.000      1.000      1.000
             250.000       0.103       3.752       1.000   88.40%       1.000      1.000


THE MODEL ESTIMATION TERMINATED NORMALLY

     WARNING:  THE LATENT VARIABLE COVARIANCE MATRIX (PSI) IN GROUP G2
     IS NOT POSITIVE DEFINITE.  THIS COULD INDICATE A NEGATIVE VARIANCE/
     RESIDUAL VARIANCE FOR A LATENT VARIABLE, A CORRELATION GREATER OR EQUAL
     TO ONE BETWEEN TWO LATENT VARIABLES, OR A LINEAR DEPENDENCY AMONG MORE
     THAN TWO LATENT VARIABLES.  CHECK THE TECH4 OUTPUT FOR MORE INFORMATION.
     PROBLEM INVOLVING VARIABLE TRAIT2.




MODEL FIT INFORMATION

Number of Free Parameters                       38

Loglikelihood

          H0 Value                       -3643.195
          H1 Value                       -3309.742

Information Criteria

          Akaike (AIC)                    7362.390
          Bayesian (BIC)                  7522.545
          Sample-Size Adjusted BIC        7401.931
            (n* = (n + 2) / 24)

Chi-Square Test of Model Fit

          Value                            666.906
          Degrees of Freedom                   142
          P-Value                           0.0000

Chi-Square Contribution From Each Group

          G1                               518.581
          G2                               148.325

RMSEA (Root Mean Square Error Of Approximation)

          Estimate                           0.122
          90 Percent C.I.                    0.112  0.131
          Probability RMSEA <= .05           0.000

CFI/TLI

          CFI                                0.000
          TLI                                0.000

Chi-Square Test of Model Fit for the Baseline Model

          Value                            589.803
          Degrees of Freedom                   132
          P-Value                           0.0000

SRMR (Standardized Root Mean Square Residual)

          Value                              0.691

Wald Test of Parameter Constraints

          Value                              5.888
          Degrees of Freedom                     1
          P-Value                           0.0152



MODEL RESULTS

                                                    Two-Tailed
                    Estimate       S.E.  Est./S.E.    P-Value

Group G1

 TRAIT1   BY
    I1                 1.000      0.000    999.000    999.000
    I2                 0.318      0.079      4.052      0.000
    I3                 0.424      0.081      5.266      0.000
    I4                 0.452      0.082      5.527      0.000
    I5                 0.557      0.083      6.694      0.000
    I6                 0.274      0.033      8.329      0.000

 TRAIT2   BY
    I7                 1.000      0.000    999.000    999.000
    I8                 0.431      0.082      5.245      0.000
    I9                 0.515      0.078      6.632      0.000
    I10                0.330      0.075      4.369      0.000
    I11                0.306      0.074      4.159      0.000
    I12                0.303      0.071      4.255      0.000

 TRAIT2   WITH
    TRAIT1             0.976      0.012     84.202      0.000

 Means
    TRAIT1             0.000      0.000    999.000    999.000
    TRAIT2             0.000      0.000    999.000    999.000

 Intercepts
    I1                 0.215      0.032      6.684      0.000
    I2                 0.242      0.022     11.053      0.000
    I3                 0.280      0.026     10.950      0.000
    I4                 0.329      0.027     12.358      0.000
    I5                 0.420      0.030     14.132      0.000
    I6                 0.464      0.027     17.184      0.000
    I7                 0.604      0.038     15.858      0.000
    I8                 0.615      0.029     21.173      0.000
    I9                 0.719      0.027     27.108      0.000
    I10                0.764      0.027     28.670      0.000
    I11                0.816      0.024     33.984      0.000
    I12                0.879      0.021     42.138      0.000

 Variances
    TRAIT1             1.000      0.000    999.000    999.000
    TRAIT2             1.000      0.000    999.000    999.000

 Residual Variances
    I1                 0.170      0.003     49.558      0.000
    I2                 0.170      0.003     49.558      0.000
    I3                 0.170      0.003     49.558      0.000
    I4                 0.170      0.003     49.558      0.000
    I5                 0.170      0.003     49.558      0.000
    I6                 0.170      0.003     49.558      0.000
    I7                 0.170      0.003     49.558      0.000
    I8                 0.170      0.003     49.558      0.000
    I9                 0.170      0.003     49.558      0.000
    I10                0.170      0.003     49.558      0.000
    I11                0.170      0.003     49.558      0.000
    I12                0.170      0.003     49.558      0.000

Group G2

 TRAIT1   BY
    I1                 0.162      0.031      5.186      0.000
    I2                 0.113      0.031      3.622      0.000
    I3                 0.189      0.032      5.942      0.000
    I4                 0.209      0.033      6.262      0.000
    I5                 0.251      0.034      7.383      0.000
    I6                 0.274      0.033      8.329      0.000

 TRAIT2   BY
    I7                 0.238      0.034      6.950      0.000
    I8                 0.222      0.033      6.640      0.000
    I9                 0.141      0.033      4.227      0.000
    I10                0.195      0.032      6.061      0.000
    I11                0.145      0.031      4.701      0.000
    I12                0.060      0.029      2.069      0.039

 TRAIT2   WITH
    TRAIT1             1.076      0.071     15.142      0.000

 Means
    TRAIT1            -0.091      0.130     -0.700      0.484
    TRAIT2            -0.211      0.153     -1.378      0.168

 Intercepts
    I1                 0.215      0.032      6.684      0.000
    I2                 0.242      0.022     11.053      0.000
    I3                 0.280      0.026     10.950      0.000
    I4                 0.329      0.027     12.358      0.000
    I5                 0.420      0.030     14.132      0.000
    I6                 0.464      0.027     17.184      0.000
    I7                 0.604      0.038     15.858      0.000
    I8                 0.615      0.029     21.173      0.000
    I9                 0.719      0.027     27.108      0.000
    I10                0.764      0.027     28.670      0.000
    I11                0.816      0.024     33.984      0.000
    I12                0.879      0.021     42.138      0.000

 Variances
    TRAIT1             1.000      0.000    999.000    999.000
    TRAIT2             1.000      0.000    999.000    999.000

 Residual Variances
    I1                 0.170      0.003     49.558      0.000
    I2                 0.170      0.003     49.558      0.000
    I3                 0.170      0.003     49.558      0.000
    I4                 0.170      0.003     49.558      0.000
    I5                 0.170      0.003     49.558      0.000
    I6                 0.170      0.003     49.558      0.000
    I7                 0.170      0.003     49.558      0.000
    I8                 0.170      0.003     49.558      0.000
    I9                 0.170      0.003     49.558      0.000
    I10                0.170      0.003     49.558      0.000
    I11                0.170      0.003     49.558      0.000
    I12                0.170      0.003     49.558      0.000


STANDARDIZED MODEL RESULTS


STDYX Standardization

                                                    Two-Tailed
                    Estimate       S.E.  Est./S.E.    P-Value

Group G1

 TRAIT1   BY
    I1                 0.925      0.001    683.823      0.000
    I2                 0.612      0.095      6.453      0.000
    I3                 0.718      0.066     10.812      0.000
    I4                 0.739      0.061     12.126      0.000
    I5                 0.804      0.043     18.805      0.000
    I6                 0.554      0.047     11.907      0.000

 TRAIT2   BY
    I7                 0.925      0.001    683.823      0.000
    I8                 0.723      0.066     10.927      0.000
    I9                 0.781      0.046     16.914      0.000
    I10                0.625      0.087      7.158      0.000
    I11                0.597      0.093      6.443      0.000
    I12                0.593      0.091      6.544      0.000

 TRAIT2   WITH
    TRAIT1             0.976      0.012     84.202      0.000

 Means
    TRAIT1             0.000      0.000    999.000    999.000
    TRAIT2             0.000      0.000    999.000    999.000

 Intercepts
    I1                 0.199      0.030      6.683      0.000
    I2                 0.465      0.058      7.969      0.000
    I3                 0.473      0.063      7.485      0.000
    I4                 0.538      0.068      7.934      0.000
    I5                 0.606      0.067      9.037      0.000
    I6                 0.939      0.064     14.742      0.000
    I7                 0.558      0.035     15.850      0.000
    I8                 1.033      0.109      9.482      0.000
    I9                 1.090      0.107     10.199      0.000
    I10                1.448      0.137     10.557      0.000
    I11                1.591      0.140     11.340      0.000
    I12                1.720      0.144     11.958      0.000

 Variances
    TRAIT1             1.000      0.000    999.000    999.000
    TRAIT2             1.000      0.000    999.000    999.000

 Residual Variances
    I1                 0.145      0.003     57.958      0.000
    I2                 0.626      0.116      5.399      0.000
    I3                 0.485      0.095      5.086      0.000
    I4                 0.453      0.090      5.025      0.000
    I5                 0.353      0.069      5.139      0.000
    I6                 0.693      0.052     13.430      0.000
    I7                 0.145      0.003     57.958      0.000
    I8                 0.478      0.096      4.996      0.000
    I9                 0.390      0.072      5.409      0.000
    I10                0.609      0.109      5.578      0.000
    I11                0.644      0.111      5.824      0.000
    I12                0.649      0.107      6.043      0.000

Group G2

 TRAIT1   BY
    I1                 0.366      0.061      5.966      0.000
    I2                 0.266      0.068      3.892      0.000
    I3                 0.417      0.058      7.163      0.000
    I4                 0.453      0.058      7.825      0.000
    I5                 0.520      0.052     10.058      0.000
    I6                 0.554      0.047     11.907      0.000

 TRAIT2   BY
    I7                 0.500      0.054      9.192      0.000
    I8                 0.475      0.056      8.525      0.000
    I9                 0.325      0.069      4.707      0.000
    I10                0.427      0.058      7.385      0.000
    I11                0.333      0.063      5.270      0.000
    I12                0.144      0.068      2.112      0.035

 TRAIT2   WITH
    TRAIT1             1.076      0.071     15.142      0.000

 Means
    TRAIT1            -0.091      0.130     -0.700      0.484
    TRAIT2            -0.211      0.153     -1.378      0.168

 Intercepts
    I1                 0.486      0.073      6.646      0.000
    I2                 0.567      0.052     10.969      0.000
    I3                 0.618      0.057     10.857      0.000
    I4                 0.713      0.060     11.867      0.000
    I5                 0.870      0.071     12.231      0.000
    I6                 0.939      0.064     14.742      0.000
    I7                 1.270      0.091     13.876      0.000
    I8                 1.315      0.075     17.424      0.000
    I9                 1.651      0.068     24.353      0.000
    I10                1.678      0.072     23.249      0.000
    I11                1.869      0.068     27.397      0.000
    I12                2.113      0.056     37.554      0.000

 Variances
    TRAIT1             1.000      0.000    999.000    999.000
    TRAIT2             1.000      0.000    999.000    999.000

 Residual Variances
    I1                 0.866      0.045     19.281      0.000
    I2                 0.929      0.036     25.628      0.000
    I3                 0.826      0.049     16.987      0.000
    I4                 0.795      0.052     15.168      0.000
    I5                 0.730      0.054     13.573      0.000
    I6                 0.693      0.052     13.430      0.000
    I7                 0.750      0.054     13.791      0.000
    I8                 0.774      0.053     14.622      0.000
    I9                 0.894      0.045     19.950      0.000
    I10                0.817      0.049     16.525      0.000
    I11                0.889      0.042     21.101      0.000
    I12                0.979      0.020     49.865      0.000


STDY Standardization

                                                    Two-Tailed
                    Estimate       S.E.  Est./S.E.    P-Value

Group G1

 TRAIT1   BY
    I1                 0.925      0.001    683.823      0.000
    I2                 0.612      0.095      6.453      0.000
    I3                 0.718      0.066     10.812      0.000
    I4                 0.739      0.061     12.126      0.000
    I5                 0.804      0.043     18.805      0.000
    I6                 0.554      0.047     11.907      0.000

 TRAIT2   BY
    I7                 0.925      0.001    683.823      0.000
    I8                 0.723      0.066     10.927      0.000
    I9                 0.781      0.046     16.914      0.000
    I10                0.625      0.087      7.158      0.000
    I11                0.597      0.093      6.443      0.000
    I12                0.593      0.091      6.544      0.000

 TRAIT2   WITH
    TRAIT1             0.976      0.012     84.202      0.000

 Means
    TRAIT1             0.000      0.000    999.000    999.000
    TRAIT2             0.000      0.000    999.000    999.000

 Intercepts
    I1                 0.199      0.030      6.683      0.000
    I2                 0.465      0.058      7.969      0.000
    I3                 0.473      0.063      7.485      0.000
    I4                 0.538      0.068      7.934      0.000
    I5                 0.606      0.067      9.037      0.000
    I6                 0.939      0.064     14.742      0.000
    I7                 0.558      0.035     15.850      0.000
    I8                 1.033      0.109      9.482      0.000
    I9                 1.090      0.107     10.199      0.000
    I10                1.448      0.137     10.557      0.000
    I11                1.591      0.140     11.340      0.000
    I12                1.720      0.144     11.958      0.000

 Variances
    TRAIT1             1.000      0.000    999.000    999.000
    TRAIT2             1.000      0.000    999.000    999.000

 Residual Variances
    I1                 0.145      0.003     57.958      0.000
    I2                 0.626      0.116      5.399      0.000
    I3                 0.485      0.095      5.086      0.000
    I4                 0.453      0.090      5.025      0.000
    I5                 0.353      0.069      5.139      0.000
    I6                 0.693      0.052     13.430      0.000
    I7                 0.145      0.003     57.958      0.000
    I8                 0.478      0.096      4.996      0.000
    I9                 0.390      0.072      5.409      0.000
    I10                0.609      0.109      5.578      0.000
    I11                0.644      0.111      5.824      0.000
    I12                0.649      0.107      6.043      0.000

Group G2

 TRAIT1   BY
    I1                 0.366      0.061      5.966      0.000
    I2                 0.266      0.068      3.892      0.000
    I3                 0.417      0.058      7.163      0.000
    I4                 0.453      0.058      7.825      0.000
    I5                 0.520      0.052     10.058      0.000
    I6                 0.554      0.047     11.907      0.000

 TRAIT2   BY
    I7                 0.500      0.054      9.192      0.000
    I8                 0.475      0.056      8.525      0.000
    I9                 0.325      0.069      4.707      0.000
    I10                0.427      0.058      7.385      0.000
    I11                0.333      0.063      5.270      0.000
    I12                0.144      0.068      2.112      0.035

 TRAIT2   WITH
    TRAIT1             1.076      0.071     15.142      0.000

 Means
    TRAIT1            -0.091      0.130     -0.700      0.484
    TRAIT2            -0.211      0.153     -1.378      0.168

 Intercepts
    I1                 0.486      0.073      6.646      0.000
    I2                 0.567      0.052     10.969      0.000
    I3                 0.618      0.057     10.857      0.000
    I4                 0.713      0.060     11.867      0.000
    I5                 0.870      0.071     12.231      0.000
    I6                 0.939      0.064     14.742      0.000
    I7                 1.270      0.091     13.876      0.000
    I8                 1.315      0.075     17.424      0.000
    I9                 1.651      0.068     24.353      0.000
    I10                1.678      0.072     23.249      0.000
    I11                1.869      0.068     27.397      0.000
    I12                2.113      0.056     37.554      0.000

 Variances
    TRAIT1             1.000      0.000    999.000    999.000
    TRAIT2             1.000      0.000    999.000    999.000

 Residual Variances
    I1                 0.866      0.045     19.281      0.000
    I2                 0.929      0.036     25.628      0.000
    I3                 0.826      0.049     16.987      0.000
    I4                 0.795      0.052     15.168      0.000
    I5                 0.730      0.054     13.573      0.000
    I6                 0.693      0.052     13.430      0.000
    I7                 0.750      0.054     13.791      0.000
    I8                 0.774      0.053     14.622      0.000
    I9                 0.894      0.045     19.950      0.000
    I10                0.817      0.049     16.525      0.000
    I11                0.889      0.042     21.101      0.000
    I12                0.979      0.020     49.865      0.000


STD Standardization

                                                    Two-Tailed
                    Estimate       S.E.  Est./S.E.    P-Value

Group G1

 TRAIT1   BY
    I1                 1.000      0.000    999.000    999.000
    I2                 0.318      0.079      4.052      0.000
    I3                 0.424      0.081      5.266      0.000
    I4                 0.452      0.082      5.527      0.000
    I5                 0.557      0.083      6.694      0.000
    I6                 0.274      0.033      8.329      0.000

 TRAIT2   BY
    I7                 1.000      0.000    999.000    999.000
    I8                 0.431      0.082      5.245      0.000
    I9                 0.515      0.078      6.632      0.000
    I10                0.330      0.075      4.369      0.000
    I11                0.306      0.074      4.159      0.000
    I12                0.303      0.071      4.255      0.000

 TRAIT2   WITH
    TRAIT1             0.976      0.012     84.202      0.000

 Means
    TRAIT1             0.000      0.000    999.000    999.000
    TRAIT2             0.000      0.000    999.000    999.000

 Intercepts
    I1                 0.215      0.032      6.684      0.000
    I2                 0.242      0.022     11.053      0.000
    I3                 0.280      0.026     10.950      0.000
    I4                 0.329      0.027     12.358      0.000
    I5                 0.420      0.030     14.132      0.000
    I6                 0.464      0.027     17.184      0.000
    I7                 0.604      0.038     15.858      0.000
    I8                 0.615      0.029     21.173      0.000
    I9                 0.719      0.027     27.108      0.000
    I10                0.764      0.027     28.670      0.000
    I11                0.816      0.024     33.984      0.000
    I12                0.879      0.021     42.138      0.000

 Variances
    TRAIT1             1.000      0.000    999.000    999.000
    TRAIT2             1.000      0.000    999.000    999.000

 Residual Variances
    I1                 0.170      0.003     49.558      0.000
    I2                 0.170      0.003     49.558      0.000
    I3                 0.170      0.003     49.558      0.000
    I4                 0.170      0.003     49.558      0.000
    I5                 0.170      0.003     49.558      0.000
    I6                 0.170      0.003     49.558      0.000
    I7                 0.170      0.003     49.558      0.000
    I8                 0.170      0.003     49.558      0.000
    I9                 0.170      0.003     49.558      0.000
    I10                0.170      0.003     49.558      0.000
    I11                0.170      0.003     49.558      0.000
    I12                0.170      0.003     49.558      0.000

Group G2

 TRAIT1   BY
    I1                 0.162      0.031      5.186      0.000
    I2                 0.113      0.031      3.622      0.000
    I3                 0.189      0.032      5.942      0.000
    I4                 0.209      0.033      6.262      0.000
    I5                 0.251      0.034      7.383      0.000
    I6                 0.274      0.033      8.329      0.000

 TRAIT2   BY
    I7                 0.238      0.034      6.950      0.000
    I8                 0.222      0.033      6.640      0.000
    I9                 0.141      0.033      4.227      0.000
    I10                0.195      0.032      6.061      0.000
    I11                0.145      0.031      4.701      0.000
    I12                0.060      0.029      2.069      0.039

 TRAIT2   WITH
    TRAIT1             1.076      0.071     15.142      0.000

 Means
    TRAIT1            -0.091      0.130     -0.700      0.484
    TRAIT2            -0.211      0.153     -1.378      0.168

 Intercepts
    I1                 0.215      0.032      6.684      0.000
    I2                 0.242      0.022     11.053      0.000
    I3                 0.280      0.026     10.950      0.000
    I4                 0.329      0.027     12.358      0.000
    I5                 0.420      0.030     14.132      0.000
    I6                 0.464      0.027     17.184      0.000
    I7                 0.604      0.038     15.858      0.000
    I8                 0.615      0.029     21.173      0.000
    I9                 0.719      0.027     27.108      0.000
    I10                0.764      0.027     28.670      0.000
    I11                0.816      0.024     33.984      0.000
    I12                0.879      0.021     42.138      0.000

 Variances
    TRAIT1             1.000      0.000    999.000    999.000
    TRAIT2             1.000      0.000    999.000    999.000

 Residual Variances
    I1                 0.170      0.003     49.558      0.000
    I2                 0.170      0.003     49.558      0.000
    I3                 0.170      0.003     49.558      0.000
    I4                 0.170      0.003     49.558      0.000
    I5                 0.170      0.003     49.558      0.000
    I6                 0.170      0.003     49.558      0.000
    I7                 0.170      0.003     49.558      0.000
    I8                 0.170      0.003     49.558      0.000
    I9                 0.170      0.003     49.558      0.000
    I10                0.170      0.003     49.558      0.000
    I11                0.170      0.003     49.558      0.000
    I12                0.170      0.003     49.558      0.000


R-SQUARE

Group G1

    Observed                                        Two-Tailed
    Variable        Estimate       S.E.  Est./S.E.    P-Value

    I1                 0.855      0.003    341.911      0.000
    I2                 0.374      0.116      3.226      0.001
    I3                 0.515      0.095      5.406      0.000
    I4                 0.547      0.090      6.063      0.000
    I5                 0.647      0.069      9.403      0.000
    I6                 0.307      0.052      5.954      0.000
    I7                 0.855      0.003    341.911      0.000
    I8                 0.522      0.096      5.463      0.000
    I9                 0.610      0.072      8.457      0.000
    I10                0.391      0.109      3.579      0.000
    I11                0.356      0.111      3.222      0.001
    I12                0.351      0.107      3.272      0.001

Group G2

    Observed                                        Two-Tailed
    Variable        Estimate       S.E.  Est./S.E.    P-Value

    I1                 0.134      0.045      2.983      0.003
    I2                 0.071      0.036      1.946      0.052
    I3                 0.174      0.049      3.582      0.000
    I4                 0.205      0.052      3.913      0.000
    I5                 0.270      0.054      5.029      0.000
    I6                 0.307      0.052      5.954      0.000
    I7                 0.250      0.054      4.596      0.000
    I8                 0.226      0.053      4.263      0.000
    I9                 0.106      0.045      2.354      0.019
    I10                0.183      0.049      3.692      0.000
    I11                0.111      0.042      2.635      0.008
    I12                0.021      0.020      1.056      0.291


QUALITY OF NUMERICAL RESULTS

     Condition Number for the Information Matrix              0.279E-03
       (ratio of smallest to largest eigenvalue)


MODEL MODIFICATION INDICES

Minimum M.I. value for printing the modification index    10.000

                                   M.I.     E.P.C.  Std E.P.C.  StdYX E.P.C.
Group G1


ON/BY Statements

I1       ON TRAIT1   /
TRAIT1   BY I1                    28.410    -0.196     -0.196       -0.182
I1       ON TRAIT2   /
TRAIT2   BY I1                    26.880    -0.193     -0.193       -0.179
TRAIT1   ON TRAIT1   /
TRAIT1   BY TRAIT1                23.222    -0.177     -0.177       -0.177
TRAIT1   ON TRAIT2   /
TRAIT2   BY TRAIT1                23.222    -0.182     -0.182       -0.182

ON Statements

TRAIT1   ON I1                    24.943    -0.154     -0.154       -0.167
TRAIT1   ON I5                    14.801    -0.186     -0.186       -0.129
TRAIT1   ON I7                    20.322    -0.157     -0.157       -0.170
TRAIT1   ON I8                    13.128    -0.186     -0.186       -0.111
TRAIT2   ON I9                    10.082    -0.154     -0.154       -0.101
I1       ON I1                    18.840    -0.131     -0.131       -0.131
I1       ON I2                    12.146    -0.214     -0.214       -0.103
I1       ON I3                    16.266    -0.221     -0.221       -0.121
I1       ON I4                    13.885    -0.196     -0.196       -0.111
I1       ON I5                    25.687    -0.234     -0.234       -0.150
I1       ON I6                    18.036    -0.243     -0.243       -0.111
I1       ON I7                    18.450    -0.136     -0.136       -0.136
I1       ON I8                    11.687    -0.161     -0.161       -0.089
I7       ON I8                    15.672    -0.184     -0.184       -0.101
I7       ON I9                    11.936    -0.143     -0.143       -0.087
I12      ON I12                   11.271    -0.107     -0.107       -0.107

WITH Statements

I1       WITH TRAIT1              10.277    -0.056     -0.056       -0.135

Variances/Residual Variances

TRAIT1                            23.220    -0.355     -0.355       -0.355
I6                                10.293     0.049      0.049        0.199
I12                               15.231    -0.060     -0.060       -0.228

Group G2


ON Statements

I4       ON I9                    11.010    -0.146     -0.146       -0.138
I9       ON I4                    14.115    -0.219     -0.219       -0.232
I10      ON I8                    15.479    -0.194     -0.194       -0.199

WITH Statements

I9       WITH I4                  15.446    -0.045     -0.045       -0.268
I10      WITH I8                  19.495    -0.053     -0.053       -0.311

Variances/Residual Variances

I12                               22.991    -0.071     -0.071       -0.412



     Beginning Time:  12:06:59
        Ending Time:  12:07:00
       Elapsed Time:  00:00:01



MUTHEN & MUTHEN
3463 Stoner Ave.
Los Angeles, CA  90066

Tel: (310) 391-9971
Fax: (310) 391-8971
Web: www.StatModel.com
Support: Support@StatModel.com

Copyright (c) 1998-2019 Muthen & Muthen
