Mplus VERSION 8.4
MUTHEN & MUTHEN
09/17/2023  12:03 PM

INPUT INSTRUCTIONS


  TITLE: TEST
  DATA: FILE IS exdat.csv;
  VARIABLE:
    Names ARE
  group
  i1 i2 i3 i4 i5 i6 i7 i8 i9 i10 i11 i12;
  USEVARIABLES ARE i1-i12;
  GROUPING IS group(1=G1, 2=G2)
  ANALYSIS:
  TYPE = GENERAL;
  PROCESSORS=6;
  OUTPUT:
  STANDARDIZED;
  MODINDICES (ALL);
  MODEL:
    trait1 BY
  i1 (a1)
  i2 (a2)
  i3 (a3)
  i4 (a4)
  i5 (a5)
  i6 (a6);
  trait2 BY
  i7 (a7)
  i8 (a8)
  i9 (a9)
  i10 (a10)
  i11 (a11)
  i12 (a12);
  i1-i12 (e);
  trait1 @ 1
  trait2 @ 1
  MODEL G1:
  MODEL G2:
    trait1 BY
  i1 (b1)
  i2 (b2)
  i3 (b3)
  i4 (b4)
  i5 (b5)
  i6 (a6);
  trait2 BY
  i7 (a7)
  i8 (b8)
  i9 (b9)
  i10 (b10)
  i11 (b11)
  i12 (b12);

  MODEL TEST:
  ! Testing Item 2 for DIF
  0 = a2 - b2;



INPUT READING TERMINATED NORMALLY



TEST

SUMMARY OF ANALYSIS

Number of groups                                                 2
Number of observations
   Group G1                                                    250
   Group G2                                                    250
   Total sample size                                           500

Number of dependent variables                                   12
Number of independent variables                                  0
Number of continuous latent variables                            2

Observed dependent variables

  Continuous
   I1          I2          I3          I4          I5          I6
   I7          I8          I9          I10         I11         I12

Continuous latent variables
   TRAIT1      TRAIT2

Variables with special functions

  Grouping variable     GROUP

Estimator                                                       ML
Information matrix                                        OBSERVED
Maximum number of iterations                                  1000
Convergence criterion                                    0.500D-04
Maximum number of steepest descent iterations                   20

Input data file(s)
  exdat.csv

Input data format  FREE



UNIVARIATE SAMPLE STATISTICS


     UNIVARIATE HIGHER-ORDER MOMENT DESCRIPTIVE STATISTICS FOR G1

         Variable/         Mean/     Skewness/   Minimum/ % with                Percentiles
        Sample Size      Variance    Kurtosis    Maximum  Min/Max      20%/60%    40%/80%    Median

     I1                    0.180       1.666       0.000   82.00%       0.000      0.000      0.000
             250.000       0.148       0.775       1.000   18.00%       0.000      0.000
     I2                    0.180       1.666       0.000   82.00%       0.000      0.000      0.000
             250.000       0.148       0.775       1.000   18.00%       0.000      0.000
     I3                    0.304       0.852       0.000   69.60%       0.000      0.000      0.000
             250.000       0.212      -1.274       1.000   30.40%       0.000      1.000
     I4                    0.348       0.638       0.000   65.20%       0.000      0.000      0.000
             250.000       0.227      -1.593       1.000   34.80%       0.000      1.000
     I5                    0.416       0.341       0.000   58.40%       0.000      0.000      0.000
             250.000       0.243      -1.884       1.000   41.60%       1.000      1.000
     I6                    0.440       0.242       0.000   56.00%       0.000      0.000      0.000
             250.000       0.246      -1.942       1.000   44.00%       1.000      1.000
     I7                    0.548      -0.193       0.000   45.20%       0.000      0.000      1.000
             250.000       0.248      -1.963       1.000   54.80%       1.000      1.000
     I8                    0.584      -0.341       0.000   41.60%       0.000      0.000      1.000
             250.000       0.243      -1.884       1.000   58.40%       1.000      1.000
     I9                    0.684      -0.792       0.000   31.60%       0.000      1.000      1.000
             250.000       0.216      -1.373       1.000   68.40%       1.000      1.000
     I10                   0.732      -1.048       0.000   26.80%       0.000      1.000      1.000
             250.000       0.196      -0.903       1.000   73.20%       1.000      1.000
     I11                   0.800      -1.500       0.000   20.00%       0.000      1.000      1.000
             250.000       0.160       0.250       1.000   80.00%       1.000      1.000
     I12                   0.828      -1.738       0.000   17.20%       1.000      1.000      1.000
             250.000       0.142       1.022       1.000   82.80%       1.000      1.000


     UNIVARIATE HIGHER-ORDER MOMENT DESCRIPTIVE STATISTICS FOR G2

         Variable/         Mean/     Skewness/   Minimum/ % with                Percentiles
        Sample Size      Variance    Kurtosis    Maximum  Min/Max      20%/60%    40%/80%    Median

     I1                    0.184       1.631       0.000   81.60%       0.000      0.000      0.000
             250.000       0.150       0.660       1.000   18.40%       0.000      0.000
     I2                    0.188       1.597       0.000   81.20%       0.000      0.000      0.000
             250.000       0.153       0.551       1.000   18.80%       0.000      0.000
     I3                    0.308       0.832       0.000   69.20%       0.000      0.000      0.000
             250.000       0.213      -1.308       1.000   30.80%       0.000      1.000
     I4                    0.336       0.694       0.000   66.40%       0.000      0.000      0.000
             250.000       0.223      -1.518       1.000   33.60%       0.000      1.000
     I5                    0.356       0.601       0.000   64.40%       0.000      0.000      0.000
             250.000       0.229      -1.638       1.000   35.60%       0.000      1.000
     I6                    0.436       0.258       0.000   56.40%       0.000      0.000      0.000
             250.000       0.246      -1.933       1.000   43.60%       1.000      1.000
     I7                    0.532      -0.128       0.000   46.80%       0.000      0.000      1.000
             250.000       0.249      -1.984       1.000   53.20%       1.000      1.000
     I8                    0.584      -0.341       0.000   41.60%       0.000      0.000      1.000
             250.000       0.243      -1.884       1.000   58.40%       1.000      1.000
     I9                    0.672      -0.733       0.000   32.80%       0.000      1.000      1.000
             250.000       0.220      -1.463       1.000   67.20%       1.000      1.000
     I10                   0.728      -1.025       0.000   27.20%       0.000      1.000      1.000
             250.000       0.198      -0.950       1.000   72.80%       1.000      1.000
     I11                   0.792      -1.439       0.000   20.80%       0.000      1.000      1.000
             250.000       0.165       0.070       1.000   79.20%       1.000      1.000
     I12                   0.844      -1.896       0.000   15.60%       1.000      1.000      1.000
             250.000       0.132       1.595       1.000   84.40%       1.000      1.000


THE MODEL ESTIMATION TERMINATED NORMALLY



MODEL FIT INFORMATION

Number of Free Parameters                       38

Loglikelihood

          H0 Value                       -3640.483
          H1 Value                       -3336.049

Information Criteria

          Akaike (AIC)                    7356.966
          Bayesian (BIC)                  7517.121
          Sample-Size Adjusted BIC        7396.507
            (n* = (n + 2) / 24)

Chi-Square Test of Model Fit

          Value                            608.867
          Degrees of Freedom                   142
          P-Value                           0.0000

Chi-Square Contribution From Each Group

          G1                               485.586
          G2                               123.281

RMSEA (Root Mean Square Error Of Approximation)

          Estimate                           0.115
          90 Percent C.I.                    0.105  0.124
          Probability RMSEA <= .05           0.000

CFI/TLI

          CFI                                0.064
          TLI                                0.130

Chi-Square Test of Model Fit for the Baseline Model

          Value                            631.043
          Degrees of Freedom                   132
          P-Value                           0.0000

SRMR (Standardized Root Mean Square Residual)

          Value                              0.668

Wald Test of Parameter Constraints

          Value                              3.330
          Degrees of Freedom                     1
          P-Value                           0.0680



MODEL RESULTS

                                                    Two-Tailed
                    Estimate       S.E.  Est./S.E.    P-Value

Group G1

 TRAIT1   BY
    I1                 1.000      0.000    999.000    999.000
    I2                 0.288      0.071      4.059      0.000
    I3                 0.429      0.075      5.690      0.000
    I4                 0.575      0.076      7.582      0.000
    I5                 0.581      0.078      7.451      0.000
    I6                 0.281      0.034      8.303      0.000

 TRAIT2   BY
    I7                 1.000      0.000    999.000    999.000
    I8                 0.504      0.077      6.559      0.000
    I9                 0.494      0.074      6.645      0.000
    I10                0.395      0.073      5.398      0.000
    I11                0.331      0.071      4.654      0.000
    I12                0.343      0.070      4.908      0.000

 TRAIT2   WITH
    TRAIT1             0.988      0.009    104.754      0.000

 Means
    TRAIT1             0.000      0.000    999.000    999.000
    TRAIT2             0.000      0.000    999.000    999.000

 Intercepts
    I1                 0.182      0.031      5.889      0.000
    I2                 0.186      0.022      8.452      0.000
    I3                 0.309      0.026     11.970      0.000
    I4                 0.344      0.028     12.471      0.000
    I5                 0.388      0.028     14.036      0.000
    I6                 0.443      0.027     16.634      0.000
    I7                 0.538      0.034     15.645      0.000
    I8                 0.584      0.029     20.079      0.000
    I9                 0.677      0.027     25.443      0.000
    I10                0.730      0.027     27.424      0.000
    I11                0.796      0.023     34.325      0.000
    I12                0.836      0.022     37.645      0.000

 Variances
    TRAIT1             1.000      0.000    999.000    999.000
    TRAIT2             1.000      0.000    999.000    999.000

 Residual Variances
    I1                 0.167      0.003     49.723      0.000
    I2                 0.167      0.003     49.723      0.000
    I3                 0.167      0.003     49.723      0.000
    I4                 0.167      0.003     49.723      0.000
    I5                 0.167      0.003     49.723      0.000
    I6                 0.167      0.003     49.723      0.000
    I7                 0.167      0.003     49.723      0.000
    I8                 0.167      0.003     49.723      0.000
    I9                 0.167      0.003     49.723      0.000
    I10                0.167      0.003     49.723      0.000
    I11                0.167      0.003     49.723      0.000
    I12                0.167      0.003     49.723      0.000

Group G2

 TRAIT1   BY
    I1                 0.162      0.032      5.105      0.000
    I2                 0.146      0.032      4.576      0.000
    I3                 0.217      0.034      6.344      0.000
    I4                 0.219      0.035      6.318      0.000
    I5                 0.216      0.035      6.104      0.000
    I6                 0.281      0.034      8.303      0.000

 TRAIT2   BY
    I7                 0.207      0.037      5.633      0.000
    I8                 0.235      0.036      6.562      0.000
    I9                 0.185      0.035      5.262      0.000
    I10                0.211      0.033      6.317      0.000
    I11                0.145      0.032      4.484      0.000
    I12                0.115      0.031      3.696      0.000

 TRAIT2   WITH
    TRAIT1             0.797      0.080      9.931      0.000

 Means
    TRAIT1            -0.038      0.126     -0.304      0.761
    TRAIT2            -0.010      0.142     -0.070      0.944

 Intercepts
    I1                 0.182      0.031      5.889      0.000
    I2                 0.186      0.022      8.452      0.000
    I3                 0.309      0.026     11.970      0.000
    I4                 0.344      0.028     12.471      0.000
    I5                 0.388      0.028     14.036      0.000
    I6                 0.443      0.027     16.634      0.000
    I7                 0.538      0.034     15.645      0.000
    I8                 0.584      0.029     20.079      0.000
    I9                 0.677      0.027     25.443      0.000
    I10                0.730      0.027     27.424      0.000
    I11                0.796      0.023     34.325      0.000
    I12                0.836      0.022     37.645      0.000

 Variances
    TRAIT1             1.000      0.000    999.000    999.000
    TRAIT2             1.000      0.000    999.000    999.000

 Residual Variances
    I1                 0.167      0.003     49.723      0.000
    I2                 0.167      0.003     49.723      0.000
    I3                 0.167      0.003     49.723      0.000
    I4                 0.167      0.003     49.723      0.000
    I5                 0.167      0.003     49.723      0.000
    I6                 0.167      0.003     49.723      0.000
    I7                 0.167      0.003     49.723      0.000
    I8                 0.167      0.003     49.723      0.000
    I9                 0.167      0.003     49.723      0.000
    I10                0.167      0.003     49.723      0.000
    I11                0.167      0.003     49.723      0.000
    I12                0.167      0.003     49.723      0.000


STANDARDIZED MODEL RESULTS


STDYX Standardization

                                                    Two-Tailed
                    Estimate       S.E.  Est./S.E.    P-Value

Group G1

 TRAIT1   BY
    I1                 0.926      0.001    694.322      0.000
    I2                 0.575      0.095      6.054      0.000
    I3                 0.724      0.061     11.911      0.000
    I4                 0.815      0.036     22.402      0.000
    I5                 0.818      0.037     22.312      0.000
    I6                 0.566      0.047     12.118      0.000

 TRAIT2   BY
    I7                 0.926      0.001    694.322      0.000
    I8                 0.776      0.047     16.434      0.000
    I9                 0.770      0.047     16.261      0.000
    I10                0.695      0.067     10.400      0.000
    I11                0.629      0.082      7.683      0.000
    I12                0.643      0.077      8.339      0.000

 TRAIT2   WITH
    TRAIT1             0.988      0.009    104.754      0.000

 Means
    TRAIT1             0.000      0.000    999.000    999.000
    TRAIT2             0.000      0.000    999.000    999.000

 Intercepts
    I1                 0.169      0.029      5.889      0.000
    I2                 0.372      0.053      6.961      0.000
    I3                 0.521      0.065      8.071      0.000
    I4                 0.488      0.058      8.374      0.000
    I5                 0.546      0.065      8.434      0.000
    I6                 0.892      0.064     13.870      0.000
    I7                 0.498      0.032     15.643      0.000
    I8                 0.900      0.094      9.553      0.000
    I9                 1.056      0.104     10.186      0.000
    I10                1.284      0.124     10.314      0.000
    I11                1.513      0.137     11.066      0.000
    I12                1.566      0.138     11.348      0.000

 Variances
    TRAIT1             1.000      0.000    999.000    999.000
    TRAIT2             1.000      0.000    999.000    999.000

 Residual Variances
    I1                 0.143      0.002     58.035      0.000
    I2                 0.669      0.109      6.118      0.000
    I3                 0.476      0.088      5.407      0.000
    I4                 0.336      0.059      5.657      0.000
    I5                 0.331      0.060      5.517      0.000
    I6                 0.679      0.053     12.834      0.000
    I7                 0.143      0.002     58.035      0.000
    I8                 0.397      0.073      5.414      0.000
    I9                 0.406      0.073      5.566      0.000
    I10                0.517      0.093      5.572      0.000
    I11                0.604      0.103      5.868      0.000
    I12                0.587      0.099      5.926      0.000

Group G2

 TRAIT1   BY
    I1                 0.369      0.063      5.892      0.000
    I2                 0.336      0.065      5.144      0.000
    I3                 0.469      0.058      8.086      0.000
    I4                 0.472      0.058      8.087      0.000
    I5                 0.468      0.060      7.779      0.000
    I6                 0.566      0.047     12.118      0.000

 TRAIT2   BY
    I7                 0.451      0.064      7.043      0.000
    I8                 0.499      0.057      8.687      0.000
    I9                 0.412      0.065      6.310      0.000
    I10                0.458      0.058      7.955      0.000
    I11                0.334      0.066      5.033      0.000
    I12                0.270      0.068      3.980      0.000

 TRAIT2   WITH
    TRAIT1             0.797      0.080      9.931      0.000

 Means
    TRAIT1            -0.038      0.126     -0.304      0.761
    TRAIT2            -0.010      0.142     -0.070      0.944

 Intercepts
    I1                 0.414      0.071      5.821      0.000
    I2                 0.428      0.052      8.267      0.000
    I3                 0.667      0.061     11.003      0.000
    I4                 0.743      0.065     11.477      0.000
    I5                 0.840      0.064     13.106      0.000
    I6                 0.892      0.064     13.870      0.000
    I7                 1.174      0.085     13.744      0.000
    I8                 1.237      0.078     15.856      0.000
    I9                 1.510      0.077     19.696      0.000
    I10                1.587      0.079     20.136      0.000
    I11                1.834      0.071     25.752      0.000
    I12                1.968      0.068     28.908      0.000

 Variances
    TRAIT1             1.000      0.000    999.000    999.000
    TRAIT2             1.000      0.000    999.000    999.000

 Residual Variances
    I1                 0.864      0.046     18.736      0.000
    I2                 0.887      0.044     20.218      0.000
    I3                 0.780      0.054     14.364      0.000
    I4                 0.777      0.055     14.090      0.000
    I5                 0.781      0.056     13.883      0.000
    I6                 0.679      0.053     12.834      0.000
    I7                 0.796      0.058     13.783      0.000
    I8                 0.751      0.057     13.103      0.000
    I9                 0.830      0.054     15.440      0.000
    I10                0.790      0.053     14.963      0.000
    I11                0.888      0.044     20.046      0.000
    I12                0.927      0.037     25.362      0.000


STDY Standardization

                                                    Two-Tailed
                    Estimate       S.E.  Est./S.E.    P-Value

Group G1

 TRAIT1   BY
    I1                 0.926      0.001    694.322      0.000
    I2                 0.575      0.095      6.054      0.000
    I3                 0.724      0.061     11.911      0.000
    I4                 0.815      0.036     22.402      0.000
    I5                 0.818      0.037     22.312      0.000
    I6                 0.566      0.047     12.118      0.000

 TRAIT2   BY
    I7                 0.926      0.001    694.322      0.000
    I8                 0.776      0.047     16.434      0.000
    I9                 0.770      0.047     16.261      0.000
    I10                0.695      0.067     10.400      0.000
    I11                0.629      0.082      7.683      0.000
    I12                0.643      0.077      8.339      0.000

 TRAIT2   WITH
    TRAIT1             0.988      0.009    104.754      0.000

 Means
    TRAIT1             0.000      0.000    999.000    999.000
    TRAIT2             0.000      0.000    999.000    999.000

 Intercepts
    I1                 0.169      0.029      5.889      0.000
    I2                 0.372      0.053      6.961      0.000
    I3                 0.521      0.065      8.071      0.000
    I4                 0.488      0.058      8.374      0.000
    I5                 0.546      0.065      8.434      0.000
    I6                 0.892      0.064     13.870      0.000
    I7                 0.498      0.032     15.643      0.000
    I8                 0.900      0.094      9.553      0.000
    I9                 1.056      0.104     10.186      0.000
    I10                1.284      0.124     10.314      0.000
    I11                1.513      0.137     11.066      0.000
    I12                1.566      0.138     11.348      0.000

 Variances
    TRAIT1             1.000      0.000    999.000    999.000
    TRAIT2             1.000      0.000    999.000    999.000

 Residual Variances
    I1                 0.143      0.002     58.035      0.000
    I2                 0.669      0.109      6.118      0.000
    I3                 0.476      0.088      5.407      0.000
    I4                 0.336      0.059      5.657      0.000
    I5                 0.331      0.060      5.517      0.000
    I6                 0.679      0.053     12.834      0.000
    I7                 0.143      0.002     58.035      0.000
    I8                 0.397      0.073      5.414      0.000
    I9                 0.406      0.073      5.566      0.000
    I10                0.517      0.093      5.572      0.000
    I11                0.604      0.103      5.868      0.000
    I12                0.587      0.099      5.926      0.000

Group G2

 TRAIT1   BY
    I1                 0.369      0.063      5.892      0.000
    I2                 0.336      0.065      5.144      0.000
    I3                 0.469      0.058      8.086      0.000
    I4                 0.472      0.058      8.087      0.000
    I5                 0.468      0.060      7.779      0.000
    I6                 0.566      0.047     12.118      0.000

 TRAIT2   BY
    I7                 0.451      0.064      7.043      0.000
    I8                 0.499      0.057      8.687      0.000
    I9                 0.412      0.065      6.310      0.000
    I10                0.458      0.058      7.955      0.000
    I11                0.334      0.066      5.033      0.000
    I12                0.270      0.068      3.980      0.000

 TRAIT2   WITH
    TRAIT1             0.797      0.080      9.931      0.000

 Means
    TRAIT1            -0.038      0.126     -0.304      0.761
    TRAIT2            -0.010      0.142     -0.070      0.944

 Intercepts
    I1                 0.414      0.071      5.821      0.000
    I2                 0.428      0.052      8.267      0.000
    I3                 0.667      0.061     11.003      0.000
    I4                 0.743      0.065     11.477      0.000
    I5                 0.840      0.064     13.106      0.000
    I6                 0.892      0.064     13.870      0.000
    I7                 1.174      0.085     13.744      0.000
    I8                 1.237      0.078     15.856      0.000
    I9                 1.510      0.077     19.696      0.000
    I10                1.587      0.079     20.136      0.000
    I11                1.834      0.071     25.752      0.000
    I12                1.968      0.068     28.908      0.000

 Variances
    TRAIT1             1.000      0.000    999.000    999.000
    TRAIT2             1.000      0.000    999.000    999.000

 Residual Variances
    I1                 0.864      0.046     18.736      0.000
    I2                 0.887      0.044     20.218      0.000
    I3                 0.780      0.054     14.364      0.000
    I4                 0.777      0.055     14.090      0.000
    I5                 0.781      0.056     13.883      0.000
    I6                 0.679      0.053     12.834      0.000
    I7                 0.796      0.058     13.783      0.000
    I8                 0.751      0.057     13.103      0.000
    I9                 0.830      0.054     15.440      0.000
    I10                0.790      0.053     14.963      0.000
    I11                0.888      0.044     20.046      0.000
    I12                0.927      0.037     25.362      0.000


STD Standardization

                                                    Two-Tailed
                    Estimate       S.E.  Est./S.E.    P-Value

Group G1

 TRAIT1   BY
    I1                 1.000      0.000    999.000    999.000
    I2                 0.288      0.071      4.059      0.000
    I3                 0.429      0.075      5.690      0.000
    I4                 0.575      0.076      7.582      0.000
    I5                 0.581      0.078      7.451      0.000
    I6                 0.281      0.034      8.303      0.000

 TRAIT2   BY
    I7                 1.000      0.000    999.000    999.000
    I8                 0.504      0.077      6.559      0.000
    I9                 0.494      0.074      6.645      0.000
    I10                0.395      0.073      5.398      0.000
    I11                0.331      0.071      4.654      0.000
    I12                0.343      0.070      4.908      0.000

 TRAIT2   WITH
    TRAIT1             0.988      0.009    104.754      0.000

 Means
    TRAIT1             0.000      0.000    999.000    999.000
    TRAIT2             0.000      0.000    999.000    999.000

 Intercepts
    I1                 0.182      0.031      5.889      0.000
    I2                 0.186      0.022      8.452      0.000
    I3                 0.309      0.026     11.970      0.000
    I4                 0.344      0.028     12.471      0.000
    I5                 0.388      0.028     14.036      0.000
    I6                 0.443      0.027     16.634      0.000
    I7                 0.538      0.034     15.645      0.000
    I8                 0.584      0.029     20.079      0.000
    I9                 0.677      0.027     25.443      0.000
    I10                0.730      0.027     27.424      0.000
    I11                0.796      0.023     34.325      0.000
    I12                0.836      0.022     37.645      0.000

 Variances
    TRAIT1             1.000      0.000    999.000    999.000
    TRAIT2             1.000      0.000    999.000    999.000

 Residual Variances
    I1                 0.167      0.003     49.723      0.000
    I2                 0.167      0.003     49.723      0.000
    I3                 0.167      0.003     49.723      0.000
    I4                 0.167      0.003     49.723      0.000
    I5                 0.167      0.003     49.723      0.000
    I6                 0.167      0.003     49.723      0.000
    I7                 0.167      0.003     49.723      0.000
    I8                 0.167      0.003     49.723      0.000
    I9                 0.167      0.003     49.723      0.000
    I10                0.167      0.003     49.723      0.000
    I11                0.167      0.003     49.723      0.000
    I12                0.167      0.003     49.723      0.000

Group G2

 TRAIT1   BY
    I1                 0.162      0.032      5.105      0.000
    I2                 0.146      0.032      4.576      0.000
    I3                 0.217      0.034      6.344      0.000
    I4                 0.219      0.035      6.318      0.000
    I5                 0.216      0.035      6.104      0.000
    I6                 0.281      0.034      8.303      0.000

 TRAIT2   BY
    I7                 0.207      0.037      5.633      0.000
    I8                 0.235      0.036      6.562      0.000
    I9                 0.185      0.035      5.262      0.000
    I10                0.211      0.033      6.317      0.000
    I11                0.145      0.032      4.484      0.000
    I12                0.115      0.031      3.696      0.000

 TRAIT2   WITH
    TRAIT1             0.797      0.080      9.931      0.000

 Means
    TRAIT1            -0.038      0.126     -0.304      0.761
    TRAIT2            -0.010      0.142     -0.070      0.944

 Intercepts
    I1                 0.182      0.031      5.889      0.000
    I2                 0.186      0.022      8.452      0.000
    I3                 0.309      0.026     11.970      0.000
    I4                 0.344      0.028     12.471      0.000
    I5                 0.388      0.028     14.036      0.000
    I6                 0.443      0.027     16.634      0.000
    I7                 0.538      0.034     15.645      0.000
    I8                 0.584      0.029     20.079      0.000
    I9                 0.677      0.027     25.443      0.000
    I10                0.730      0.027     27.424      0.000
    I11                0.796      0.023     34.325      0.000
    I12                0.836      0.022     37.645      0.000

 Variances
    TRAIT1             1.000      0.000    999.000    999.000
    TRAIT2             1.000      0.000    999.000    999.000

 Residual Variances
    I1                 0.167      0.003     49.723      0.000
    I2                 0.167      0.003     49.723      0.000
    I3                 0.167      0.003     49.723      0.000
    I4                 0.167      0.003     49.723      0.000
    I5                 0.167      0.003     49.723      0.000
    I6                 0.167      0.003     49.723      0.000
    I7                 0.167      0.003     49.723      0.000
    I8                 0.167      0.003     49.723      0.000
    I9                 0.167      0.003     49.723      0.000
    I10                0.167      0.003     49.723      0.000
    I11                0.167      0.003     49.723      0.000
    I12                0.167      0.003     49.723      0.000


R-SQUARE

Group G1

    Observed                                        Two-Tailed
    Variable        Estimate       S.E.  Est./S.E.    P-Value

    I1                 0.857      0.002    347.161      0.000
    I2                 0.331      0.109      3.027      0.002
    I3                 0.524      0.088      5.955      0.000
    I4                 0.664      0.059     11.201      0.000
    I5                 0.669      0.060     11.156      0.000
    I6                 0.321      0.053      6.059      0.000
    I7                 0.857      0.002    347.161      0.000
    I8                 0.603      0.073      8.217      0.000
    I9                 0.594      0.073      8.130      0.000
    I10                0.483      0.093      5.200      0.000
    I11                0.396      0.103      3.841      0.000
    I12                0.413      0.099      4.169      0.000

Group G2

    Observed                                        Two-Tailed
    Variable        Estimate       S.E.  Est./S.E.    P-Value

    I1                 0.136      0.046      2.946      0.003
    I2                 0.113      0.044      2.572      0.010
    I3                 0.220      0.054      4.043      0.000
    I4                 0.223      0.055      4.043      0.000
    I5                 0.219      0.056      3.890      0.000
    I6                 0.321      0.053      6.059      0.000
    I7                 0.204      0.058      3.522      0.000
    I8                 0.249      0.057      4.344      0.000
    I9                 0.170      0.054      3.155      0.002
    I10                0.210      0.053      3.977      0.000
    I11                0.112      0.044      2.517      0.012
    I12                0.073      0.037      1.990      0.047


QUALITY OF NUMERICAL RESULTS

     Condition Number for the Information Matrix              0.316E-03
       (ratio of smallest to largest eigenvalue)


MODEL MODIFICATION INDICES

Minimum M.I. value for printing the modification index    10.000

                                   M.I.     E.P.C.  Std E.P.C.  StdYX E.P.C.
Group G1


ON/BY Statements

I1       ON TRAIT1   /
TRAIT1   BY I1                    26.667    -0.184     -0.184       -0.170
I1       ON TRAIT2   /
TRAIT2   BY I1                    26.367    -0.184     -0.184       -0.170
TRAIT1   ON TRAIT1   /
TRAIT1   BY TRAIT1                21.330    -0.164     -0.164       -0.164
TRAIT1   ON TRAIT2   /
TRAIT2   BY TRAIT1                21.330    -0.166     -0.166       -0.166

ON Statements

TRAIT1   ON I1                    20.994    -0.137     -0.137       -0.148
TRAIT1   ON I3                    13.818    -0.194     -0.194       -0.115
TRAIT1   ON I7                    20.785    -0.152     -0.152       -0.165
TRAIT1   ON I9                    10.638    -0.148     -0.148       -0.095
I1       ON I1                    18.023    -0.124     -0.124       -0.124
I1       ON I2                    11.015    -0.206     -0.206       -0.096
I1       ON I3                    13.822    -0.195     -0.195       -0.107
I1       ON I4                    12.788    -0.161     -0.161       -0.105
I1       ON I5                    21.906    -0.207     -0.207       -0.136
I1       ON I6                    31.286    -0.312     -0.312       -0.143
I1       ON I7                    19.076    -0.135     -0.135       -0.135
I1       ON I8                    12.203    -0.153     -0.153       -0.092
I1       ON I9                    12.887    -0.151     -0.151       -0.090
I1       ON I10                   10.821    -0.144     -0.144       -0.076
I1       ON I12                   11.039    -0.140     -0.140       -0.069
I5       ON I6                    11.877     0.187      0.187        0.130
I6       ON I5                    12.028     0.158      0.158        0.226
I6       ON I6                    10.903     0.136      0.136        0.136

WITH Statements

I6       WITH I1                  16.855    -0.052     -0.052       -0.311
I6       WITH I5                  10.295     0.036      0.036        0.216

Variances/Residual Variances

TRAIT1                            21.336    -0.328     -0.328       -0.328
I6                                10.188     0.048      0.048        0.194
I12                               10.478    -0.049     -0.049       -0.172

Group G2


ON Statements

I5       ON I6                    16.592    -0.235     -0.235       -0.252
I6       ON I5                    14.156    -0.222     -0.222       -0.207

WITH Statements

I6       WITH I5                  16.784    -0.051     -0.051       -0.307
I8       WITH I7                  13.919    -0.046     -0.046       -0.278

Variances/Residual Variances

I7                                10.415     0.055      0.055        0.261
I12                               11.805    -0.052     -0.052       -0.290



     Beginning Time:  12:03:00
        Ending Time:  12:03:01
       Elapsed Time:  00:00:01



MUTHEN & MUTHEN
3463 Stoner Ave.
Los Angeles, CA  90066

Tel: (310) 391-9971
Fax: (310) 391-8971
Web: www.StatModel.com
Support: Support@StatModel.com

Copyright (c) 1998-2019 Muthen & Muthen
