Mplus VERSION 8.4
MUTHEN & MUTHEN
09/17/2023  12:07 PM

INPUT INSTRUCTIONS


  TITLE: TEST
  DATA: FILE IS exdat.csv;
  VARIABLE:
    Names ARE
  group
  i1 i2 i3 i4 i5 i6 i7 i8 i9 i10 i11 i12;
  USEVARIABLES ARE i1-i12;
  GROUPING IS group(1=G1, 2=G2)
  ANALYSIS:
  TYPE = GENERAL;
  PROCESSORS=6;
  OUTPUT:
  STANDARDIZED;
  MODINDICES (ALL);
  MODEL:
    trait1 BY
  i1 (a1)
  i2 (a2)
  i3 (a3)
  i4 (a4)
  i5 (a5)
  i6 (a6);
  trait2 BY
  i7 (a7)
  i8 (a8)
  i9 (a9)
  i10 (a10)
  i11 (a11)
  i12 (a12);
  i1-i12 (e);
  trait1 @ 1
  trait2 @ 1
  MODEL G1:
  MODEL G2:
    trait1 BY
  i1 (b1)
  i2 (b2)
  i3 (b3)
  i4 (b4)
  i5 (b5)
  i6 (a6);
  trait2 BY
  i7 (a7)
  i8 (b8)
  i9 (b9)
  i10 (b10)
  i11 (b11)
  i12 (b12);

  MODEL TEST:
  ! Testing Item 2 for DIF
  0 = a3 - b3;



INPUT READING TERMINATED NORMALLY



TEST

SUMMARY OF ANALYSIS

Number of groups                                                 2
Number of observations
   Group G1                                                    250
   Group G2                                                    250
   Total sample size                                           500

Number of dependent variables                                   12
Number of independent variables                                  0
Number of continuous latent variables                            2

Observed dependent variables

  Continuous
   I1          I2          I3          I4          I5          I6
   I7          I8          I9          I10         I11         I12

Continuous latent variables
   TRAIT1      TRAIT2

Variables with special functions

  Grouping variable     GROUP

Estimator                                                       ML
Information matrix                                        OBSERVED
Maximum number of iterations                                  1000
Convergence criterion                                    0.500D-04
Maximum number of steepest descent iterations                   20

Input data file(s)
  exdat.csv

Input data format  FREE



UNIVARIATE SAMPLE STATISTICS


     UNIVARIATE HIGHER-ORDER MOMENT DESCRIPTIVE STATISTICS FOR G1

         Variable/         Mean/     Skewness/   Minimum/ % with                Percentiles
        Sample Size      Variance    Kurtosis    Maximum  Min/Max      20%/60%    40%/80%    Median

     I1                    0.156       1.896       0.000   84.40%       0.000      0.000      0.000
             250.000       0.132       1.595       1.000   15.60%       0.000      0.000
     I2                    0.172       1.738       0.000   82.80%       0.000      0.000      0.000
             250.000       0.142       1.022       1.000   17.20%       0.000      0.000
     I3                    0.296       0.894       0.000   70.40%       0.000      0.000      0.000
             250.000       0.208      -1.201       1.000   29.60%       0.000      1.000
     I4                    0.304       0.852       0.000   69.60%       0.000      0.000      0.000
             250.000       0.212      -1.274       1.000   30.40%       0.000      1.000
     I5                    0.388       0.460       0.000   61.20%       0.000      0.000      0.000
             250.000       0.237      -1.789       1.000   38.80%       0.000      1.000
     I6                    0.460       0.161       0.000   54.00%       0.000      0.000      0.000
             250.000       0.248      -1.974       1.000   46.00%       1.000      1.000
     I7                    0.548      -0.193       0.000   45.20%       0.000      0.000      1.000
             250.000       0.248      -1.963       1.000   54.80%       1.000      1.000
     I8                    0.576      -0.308       0.000   42.40%       0.000      0.000      1.000
             250.000       0.244      -1.905       1.000   57.60%       1.000      1.000
     I9                    0.696      -0.852       0.000   30.40%       0.000      1.000      1.000
             250.000       0.212      -1.274       1.000   69.60%       1.000      1.000
     I10                   0.704      -0.894       0.000   29.60%       0.000      1.000      1.000
             250.000       0.208      -1.201       1.000   70.40%       1.000      1.000
     I11                   0.832      -1.776       0.000   16.80%       1.000      1.000      1.000
             250.000       0.140       1.154       1.000   83.20%       1.000      1.000
     I12                   0.824      -1.702       0.000   17.60%       1.000      1.000      1.000
             250.000       0.145       0.895       1.000   82.40%       1.000      1.000


     UNIVARIATE HIGHER-ORDER MOMENT DESCRIPTIVE STATISTICS FOR G2

         Variable/         Mean/     Skewness/   Minimum/ % with                Percentiles
        Sample Size      Variance    Kurtosis    Maximum  Min/Max      20%/60%    40%/80%    Median

     I1                    0.188       1.597       0.000   81.20%       0.000      0.000      0.000
             250.000       0.153       0.551       1.000   18.80%       0.000      0.000
     I2                    0.188       1.597       0.000   81.20%       0.000      0.000      0.000
             250.000       0.153       0.551       1.000   18.80%       0.000      0.000
     I3                    0.268       1.048       0.000   73.20%       0.000      0.000      0.000
             250.000       0.196      -0.903       1.000   26.80%       0.000      1.000
     I4                    0.348       0.638       0.000   65.20%       0.000      0.000      0.000
             250.000       0.227      -1.593       1.000   34.80%       0.000      1.000
     I5                    0.372       0.530       0.000   62.80%       0.000      0.000      0.000
             250.000       0.234      -1.719       1.000   37.20%       0.000      1.000
     I6                    0.464       0.144       0.000   53.60%       0.000      0.000      0.000
             250.000       0.249      -1.979       1.000   46.40%       1.000      1.000
     I7                    0.552      -0.209       0.000   44.80%       0.000      0.000      1.000
             250.000       0.247      -1.956       1.000   55.20%       1.000      1.000
     I8                    0.572      -0.291       0.000   42.80%       0.000      0.000      1.000
             250.000       0.245      -1.915       1.000   57.20%       1.000      1.000
     I9                    0.696      -0.852       0.000   30.40%       0.000      1.000      1.000
             250.000       0.212      -1.274       1.000   69.60%       1.000      1.000
     I10                   0.700      -0.873       0.000   30.00%       0.000      1.000      1.000
             250.000       0.210      -1.238       1.000   70.00%       1.000      1.000
     I11                   0.772      -1.297       0.000   22.80%       0.000      1.000      1.000
             250.000       0.176      -0.319       1.000   77.20%       1.000      1.000
     I12                   0.816      -1.631       0.000   18.40%       1.000      1.000      1.000
             250.000       0.150       0.660       1.000   81.60%       1.000      1.000


THE MODEL ESTIMATION TERMINATED NORMALLY

     WARNING:  THE LATENT VARIABLE COVARIANCE MATRIX (PSI) IN GROUP G1
     IS NOT POSITIVE DEFINITE.  THIS COULD INDICATE A NEGATIVE VARIANCE/
     RESIDUAL VARIANCE FOR A LATENT VARIABLE, A CORRELATION GREATER OR EQUAL
     TO ONE BETWEEN TWO LATENT VARIABLES, OR A LINEAR DEPENDENCY AMONG MORE
     THAN TWO LATENT VARIABLES.  CHECK THE TECH4 OUTPUT FOR MORE INFORMATION.
     PROBLEM INVOLVING VARIABLE TRAIT2.




MODEL FIT INFORMATION

Number of Free Parameters                       38

Loglikelihood

          H0 Value                       -3590.961
          H1 Value                       -3312.664

Information Criteria

          Akaike (AIC)                    7257.922
          Bayesian (BIC)                  7418.077
          Sample-Size Adjusted BIC        7297.463
            (n* = (n + 2) / 24)

Chi-Square Test of Model Fit

          Value                            556.593
          Degrees of Freedom                   142
          P-Value                           0.0000

Chi-Square Contribution From Each Group

          G1                               476.115
          G2                                80.478

RMSEA (Root Mean Square Error Of Approximation)

          Estimate                           0.108
          90 Percent C.I.                    0.099  0.118
          Probability RMSEA <= .05           0.000

CFI/TLI

          CFI                                0.194
          TLI                                0.251

Chi-Square Test of Model Fit for the Baseline Model

          Value                            646.421
          Degrees of Freedom                   132
          P-Value                           0.0000

SRMR (Standardized Root Mean Square Residual)

          Value                              0.708

Wald Test of Parameter Constraints

          Value                             11.844
          Degrees of Freedom                     1
          P-Value                           0.0006



MODEL RESULTS

                                                    Two-Tailed
                    Estimate       S.E.  Est./S.E.    P-Value

Group G1

 TRAIT1   BY
    I1                 1.000      0.000    999.000    999.000
    I2                 0.316      0.071      4.470      0.000
    I3                 0.461      0.075      6.146      0.000
    I4                 0.490      0.075      6.529      0.000
    I5                 0.497      0.078      6.374      0.000
    I6                 0.299      0.032      9.349      0.000

 TRAIT2   BY
    I7                 1.000      0.000    999.000    999.000
    I8                 0.555      0.078      7.158      0.000
    I9                 0.452      0.075      6.002      0.000
    I10                0.327      0.076      4.314      0.000
    I11                0.227      0.071      3.210      0.001
    I12                0.204      0.071      2.864      0.004

 TRAIT2   WITH
    TRAIT1             1.002      0.009    114.421      0.000

 Means
    TRAIT1             0.000      0.000    999.000    999.000
    TRAIT2             0.000      0.000    999.000    999.000

 Intercepts
    I1                 0.187      0.029      6.533      0.000
    I2                 0.186      0.022      8.480      0.000
    I3                 0.290      0.023     12.359      0.000
    I4                 0.335      0.027     12.381      0.000
    I5                 0.389      0.026     14.932      0.000
    I6                 0.469      0.025     18.421      0.000
    I7                 0.578      0.033     17.425      0.000
    I8                 0.594      0.026     22.777      0.000
    I9                 0.714      0.025     28.673      0.000
    I10                0.720      0.024     29.543      0.000
    I11                0.818      0.023     35.337      0.000
    I12                0.831      0.021     39.944      0.000

 Variances
    TRAIT1             1.000      0.000    999.000    999.000
    TRAIT2             1.000      0.000    999.000    999.000

 Residual Variances
    I1                 0.164      0.003     49.646      0.000
    I2                 0.164      0.003     49.646      0.000
    I3                 0.164      0.003     49.646      0.000
    I4                 0.164      0.003     49.646      0.000
    I5                 0.164      0.003     49.646      0.000
    I6                 0.164      0.003     49.646      0.000
    I7                 0.164      0.003     49.646      0.000
    I8                 0.164      0.003     49.646      0.000
    I9                 0.164      0.003     49.646      0.000
    I10                0.164      0.003     49.646      0.000
    I11                0.164      0.003     49.646      0.000
    I12                0.164      0.003     49.646      0.000

Group G2

 TRAIT1   BY
    I1                 0.149      0.031      4.887      0.000
    I2                 0.170      0.031      5.554      0.000
    I3                 0.180      0.032      5.608      0.000
    I4                 0.287      0.033      8.697      0.000
    I5                 0.255      0.033      7.664      0.000
    I6                 0.299      0.032      9.349      0.000

 TRAIT2   BY
    I7                 0.254      0.034      7.533      0.000
    I8                 0.208      0.034      6.106      0.000
    I9                 0.206      0.032      6.359      0.000
    I10                0.227      0.032      7.035      0.000
    I11                0.215      0.031      6.908      0.000
    I12                0.140      0.030      4.618      0.000

 TRAIT2   WITH
    TRAIT1             0.839      0.065     13.001      0.000

 Means
    TRAIT1            -0.017      0.112     -0.148      0.882
    TRAIT2            -0.117      0.122     -0.964      0.335

 Intercepts
    I1                 0.187      0.029      6.533      0.000
    I2                 0.186      0.022      8.480      0.000
    I3                 0.290      0.023     12.359      0.000
    I4                 0.335      0.027     12.381      0.000
    I5                 0.389      0.026     14.932      0.000
    I6                 0.469      0.025     18.421      0.000
    I7                 0.578      0.033     17.425      0.000
    I8                 0.594      0.026     22.777      0.000
    I9                 0.714      0.025     28.673      0.000
    I10                0.720      0.024     29.543      0.000
    I11                0.818      0.023     35.337      0.000
    I12                0.831      0.021     39.944      0.000

 Variances
    TRAIT1             1.000      0.000    999.000    999.000
    TRAIT2             1.000      0.000    999.000    999.000

 Residual Variances
    I1                 0.164      0.003     49.646      0.000
    I2                 0.164      0.003     49.646      0.000
    I3                 0.164      0.003     49.646      0.000
    I4                 0.164      0.003     49.646      0.000
    I5                 0.164      0.003     49.646      0.000
    I6                 0.164      0.003     49.646      0.000
    I7                 0.164      0.003     49.646      0.000
    I8                 0.164      0.003     49.646      0.000
    I9                 0.164      0.003     49.646      0.000
    I10                0.164      0.003     49.646      0.000
    I11                0.164      0.003     49.646      0.000
    I12                0.164      0.003     49.646      0.000


STANDARDIZED MODEL RESULTS


STDYX Standardization

                                                    Two-Tailed
                    Estimate       S.E.  Est./S.E.    P-Value

Group G1

 TRAIT1   BY
    I1                 0.927      0.001    703.144      0.000
    I2                 0.615      0.086      7.164      0.000
    I3                 0.751      0.054     14.022      0.000
    I4                 0.770      0.048     15.958      0.000
    I5                 0.775      0.049     15.816      0.000
    I6                 0.594      0.042     14.280      0.000

 TRAIT2   BY
    I7                 0.927      0.001    703.144      0.000
    I8                 0.808      0.040     20.433      0.000
    I9                 0.744      0.056     13.394      0.000
    I10                0.627      0.088      7.093      0.000
    I11                0.488      0.116      4.211      0.000
    I12                0.450      0.125      3.588      0.000

 TRAIT2   WITH
    TRAIT1             1.002      0.009    114.421      0.000

 Means
    TRAIT1             0.000      0.000    999.000    999.000
    TRAIT2             0.000      0.000    999.000    999.000

 Intercepts
    I1                 0.173      0.027      6.533      0.000
    I2                 0.361      0.051      7.084      0.000
    I3                 0.472      0.058      8.200      0.000
    I4                 0.527      0.061      8.644      0.000
    I5                 0.607      0.069      8.753      0.000
    I6                 0.930      0.061     15.310      0.000
    I7                 0.536      0.031     17.418      0.000
    I8                 0.864      0.085     10.115      0.000
    I9                 1.177      0.114     10.363      0.000
    I10                1.382      0.131     10.534      0.000
    I11                1.760      0.139     12.618      0.000
    I12                1.830      0.136     13.508      0.000

 Variances
    TRAIT1             1.000      0.000    999.000    999.000
    TRAIT2             1.000      0.000    999.000    999.000

 Residual Variances
    I1                 0.141      0.002     57.810      0.000
    I2                 0.622      0.106      5.889      0.000
    I3                 0.436      0.080      5.418      0.000
    I4                 0.407      0.074      5.469      0.000
    I5                 0.400      0.076      5.271      0.000
    I6                 0.647      0.049     13.109      0.000
    I7                 0.141      0.002     57.810      0.000
    I8                 0.348      0.064      5.451      0.000
    I9                 0.446      0.083      5.396      0.000
    I10                0.607      0.111      5.468      0.000
    I11                0.761      0.113      6.721      0.000
    I12                0.798      0.113      7.077      0.000

Group G2

 TRAIT1   BY
    I1                 0.346      0.062      5.539      0.000
    I2                 0.386      0.059      6.505      0.000
    I3                 0.406      0.061      6.693      0.000
    I4                 0.578      0.045     12.937      0.000
    I5                 0.532      0.050     10.619      0.000
    I6                 0.594      0.042     14.280      0.000

 TRAIT2   BY
    I7                 0.531      0.051     10.415      0.000
    I8                 0.456      0.059      7.668      0.000
    I9                 0.454      0.057      7.970      0.000
    I10                0.489      0.053      9.196      0.000
    I11                0.469      0.053      8.812      0.000
    I12                0.327      0.063      5.158      0.000

 TRAIT2   WITH
    TRAIT1             0.839      0.065     13.001      0.000

 Means
    TRAIT1            -0.017      0.112     -0.148      0.882
    TRAIT2            -0.117      0.122     -0.964      0.335

 Intercepts
    I1                 0.432      0.067      6.446      0.000
    I2                 0.422      0.051      8.249      0.000
    I3                 0.653      0.055     11.786      0.000
    I4                 0.675      0.061     10.996      0.000
    I5                 0.812      0.061     13.275      0.000
    I6                 0.930      0.061     15.310      0.000
    I7                 1.209      0.081     14.973      0.000
    I8                 1.303      0.071     18.384      0.000
    I9                 1.570      0.074     21.242      0.000
    I10                1.548      0.074     20.966      0.000
    I11                1.781      0.073     24.435      0.000
    I12                1.937      0.066     29.468      0.000

 Variances
    TRAIT1             1.000      0.000    999.000    999.000
    TRAIT2             1.000      0.000    999.000    999.000

 Residual Variances
    I1                 0.881      0.043     20.424      0.000
    I2                 0.851      0.046     18.564      0.000
    I3                 0.835      0.049     16.957      0.000
    I4                 0.666      0.052     12.920      0.000
    I5                 0.717      0.053     13.442      0.000
    I6                 0.647      0.049     13.109      0.000
    I7                 0.718      0.054     13.289      0.000
    I8                 0.792      0.054     14.612      0.000
    I9                 0.794      0.052     15.370      0.000
    I10                0.761      0.052     14.611      0.000
    I11                0.780      0.050     15.636      0.000
    I12                0.893      0.041     21.600      0.000


STDY Standardization

                                                    Two-Tailed
                    Estimate       S.E.  Est./S.E.    P-Value

Group G1

 TRAIT1   BY
    I1                 0.927      0.001    703.144      0.000
    I2                 0.615      0.086      7.164      0.000
    I3                 0.751      0.054     14.022      0.000
    I4                 0.770      0.048     15.958      0.000
    I5                 0.775      0.049     15.816      0.000
    I6                 0.594      0.042     14.280      0.000

 TRAIT2   BY
    I7                 0.927      0.001    703.144      0.000
    I8                 0.808      0.040     20.433      0.000
    I9                 0.744      0.056     13.394      0.000
    I10                0.627      0.088      7.093      0.000
    I11                0.488      0.116      4.211      0.000
    I12                0.450      0.125      3.588      0.000

 TRAIT2   WITH
    TRAIT1             1.002      0.009    114.421      0.000

 Means
    TRAIT1             0.000      0.000    999.000    999.000
    TRAIT2             0.000      0.000    999.000    999.000

 Intercepts
    I1                 0.173      0.027      6.533      0.000
    I2                 0.361      0.051      7.084      0.000
    I3                 0.472      0.058      8.200      0.000
    I4                 0.527      0.061      8.644      0.000
    I5                 0.607      0.069      8.753      0.000
    I6                 0.930      0.061     15.310      0.000
    I7                 0.536      0.031     17.418      0.000
    I8                 0.864      0.085     10.115      0.000
    I9                 1.177      0.114     10.363      0.000
    I10                1.382      0.131     10.534      0.000
    I11                1.760      0.139     12.618      0.000
    I12                1.830      0.136     13.508      0.000

 Variances
    TRAIT1             1.000      0.000    999.000    999.000
    TRAIT2             1.000      0.000    999.000    999.000

 Residual Variances
    I1                 0.141      0.002     57.810      0.000
    I2                 0.622      0.106      5.889      0.000
    I3                 0.436      0.080      5.418      0.000
    I4                 0.407      0.074      5.469      0.000
    I5                 0.400      0.076      5.271      0.000
    I6                 0.647      0.049     13.109      0.000
    I7                 0.141      0.002     57.810      0.000
    I8                 0.348      0.064      5.451      0.000
    I9                 0.446      0.083      5.396      0.000
    I10                0.607      0.111      5.468      0.000
    I11                0.761      0.113      6.721      0.000
    I12                0.798      0.113      7.077      0.000

Group G2

 TRAIT1   BY
    I1                 0.346      0.062      5.539      0.000
    I2                 0.386      0.059      6.505      0.000
    I3                 0.406      0.061      6.693      0.000
    I4                 0.578      0.045     12.937      0.000
    I5                 0.532      0.050     10.619      0.000
    I6                 0.594      0.042     14.280      0.000

 TRAIT2   BY
    I7                 0.531      0.051     10.415      0.000
    I8                 0.456      0.059      7.668      0.000
    I9                 0.454      0.057      7.970      0.000
    I10                0.489      0.053      9.196      0.000
    I11                0.469      0.053      8.812      0.000
    I12                0.327      0.063      5.158      0.000

 TRAIT2   WITH
    TRAIT1             0.839      0.065     13.001      0.000

 Means
    TRAIT1            -0.017      0.112     -0.148      0.882
    TRAIT2            -0.117      0.122     -0.964      0.335

 Intercepts
    I1                 0.432      0.067      6.446      0.000
    I2                 0.422      0.051      8.249      0.000
    I3                 0.653      0.055     11.786      0.000
    I4                 0.675      0.061     10.996      0.000
    I5                 0.812      0.061     13.275      0.000
    I6                 0.930      0.061     15.310      0.000
    I7                 1.209      0.081     14.973      0.000
    I8                 1.303      0.071     18.384      0.000
    I9                 1.570      0.074     21.242      0.000
    I10                1.548      0.074     20.966      0.000
    I11                1.781      0.073     24.435      0.000
    I12                1.937      0.066     29.468      0.000

 Variances
    TRAIT1             1.000      0.000    999.000    999.000
    TRAIT2             1.000      0.000    999.000    999.000

 Residual Variances
    I1                 0.881      0.043     20.424      0.000
    I2                 0.851      0.046     18.564      0.000
    I3                 0.835      0.049     16.957      0.000
    I4                 0.666      0.052     12.920      0.000
    I5                 0.717      0.053     13.442      0.000
    I6                 0.647      0.049     13.109      0.000
    I7                 0.718      0.054     13.289      0.000
    I8                 0.792      0.054     14.612      0.000
    I9                 0.794      0.052     15.370      0.000
    I10                0.761      0.052     14.611      0.000
    I11                0.780      0.050     15.636      0.000
    I12                0.893      0.041     21.600      0.000


STD Standardization

                                                    Two-Tailed
                    Estimate       S.E.  Est./S.E.    P-Value

Group G1

 TRAIT1   BY
    I1                 1.000      0.000    999.000    999.000
    I2                 0.316      0.071      4.470      0.000
    I3                 0.461      0.075      6.146      0.000
    I4                 0.490      0.075      6.529      0.000
    I5                 0.497      0.078      6.374      0.000
    I6                 0.299      0.032      9.349      0.000

 TRAIT2   BY
    I7                 1.000      0.000    999.000    999.000
    I8                 0.555      0.078      7.158      0.000
    I9                 0.452      0.075      6.002      0.000
    I10                0.327      0.076      4.314      0.000
    I11                0.227      0.071      3.210      0.001
    I12                0.204      0.071      2.864      0.004

 TRAIT2   WITH
    TRAIT1             1.002      0.009    114.421      0.000

 Means
    TRAIT1             0.000      0.000    999.000    999.000
    TRAIT2             0.000      0.000    999.000    999.000

 Intercepts
    I1                 0.187      0.029      6.533      0.000
    I2                 0.186      0.022      8.480      0.000
    I3                 0.290      0.023     12.359      0.000
    I4                 0.335      0.027     12.381      0.000
    I5                 0.389      0.026     14.932      0.000
    I6                 0.469      0.025     18.421      0.000
    I7                 0.578      0.033     17.425      0.000
    I8                 0.594      0.026     22.777      0.000
    I9                 0.714      0.025     28.673      0.000
    I10                0.720      0.024     29.543      0.000
    I11                0.818      0.023     35.337      0.000
    I12                0.831      0.021     39.944      0.000

 Variances
    TRAIT1             1.000      0.000    999.000    999.000
    TRAIT2             1.000      0.000    999.000    999.000

 Residual Variances
    I1                 0.164      0.003     49.646      0.000
    I2                 0.164      0.003     49.646      0.000
    I3                 0.164      0.003     49.646      0.000
    I4                 0.164      0.003     49.646      0.000
    I5                 0.164      0.003     49.646      0.000
    I6                 0.164      0.003     49.646      0.000
    I7                 0.164      0.003     49.646      0.000
    I8                 0.164      0.003     49.646      0.000
    I9                 0.164      0.003     49.646      0.000
    I10                0.164      0.003     49.646      0.000
    I11                0.164      0.003     49.646      0.000
    I12                0.164      0.003     49.646      0.000

Group G2

 TRAIT1   BY
    I1                 0.149      0.031      4.887      0.000
    I2                 0.170      0.031      5.554      0.000
    I3                 0.180      0.032      5.608      0.000
    I4                 0.287      0.033      8.697      0.000
    I5                 0.255      0.033      7.664      0.000
    I6                 0.299      0.032      9.349      0.000

 TRAIT2   BY
    I7                 0.254      0.034      7.533      0.000
    I8                 0.208      0.034      6.106      0.000
    I9                 0.206      0.032      6.359      0.000
    I10                0.227      0.032      7.035      0.000
    I11                0.215      0.031      6.908      0.000
    I12                0.140      0.030      4.618      0.000

 TRAIT2   WITH
    TRAIT1             0.839      0.065     13.001      0.000

 Means
    TRAIT1            -0.017      0.112     -0.148      0.882
    TRAIT2            -0.117      0.122     -0.964      0.335

 Intercepts
    I1                 0.187      0.029      6.533      0.000
    I2                 0.186      0.022      8.480      0.000
    I3                 0.290      0.023     12.359      0.000
    I4                 0.335      0.027     12.381      0.000
    I5                 0.389      0.026     14.932      0.000
    I6                 0.469      0.025     18.421      0.000
    I7                 0.578      0.033     17.425      0.000
    I8                 0.594      0.026     22.777      0.000
    I9                 0.714      0.025     28.673      0.000
    I10                0.720      0.024     29.543      0.000
    I11                0.818      0.023     35.337      0.000
    I12                0.831      0.021     39.944      0.000

 Variances
    TRAIT1             1.000      0.000    999.000    999.000
    TRAIT2             1.000      0.000    999.000    999.000

 Residual Variances
    I1                 0.164      0.003     49.646      0.000
    I2                 0.164      0.003     49.646      0.000
    I3                 0.164      0.003     49.646      0.000
    I4                 0.164      0.003     49.646      0.000
    I5                 0.164      0.003     49.646      0.000
    I6                 0.164      0.003     49.646      0.000
    I7                 0.164      0.003     49.646      0.000
    I8                 0.164      0.003     49.646      0.000
    I9                 0.164      0.003     49.646      0.000
    I10                0.164      0.003     49.646      0.000
    I11                0.164      0.003     49.646      0.000
    I12                0.164      0.003     49.646      0.000


R-SQUARE

Group G1

    Observed                                        Two-Tailed
    Variable        Estimate       S.E.  Est./S.E.    P-Value

    I1                 0.859      0.002    351.572      0.000
    I2                 0.378      0.106      3.582      0.000
    I3                 0.564      0.080      7.011      0.000
    I4                 0.593      0.074      7.979      0.000
    I5                 0.600      0.076      7.908      0.000
    I6                 0.353      0.049      7.140      0.000
    I7                 0.859      0.002    351.572      0.000
    I8                 0.652      0.064     10.216      0.000
    I9                 0.554      0.083      6.697      0.000
    I10                0.393      0.111      3.546      0.000
    I11                0.239      0.113      2.106      0.035
    I12                0.202      0.113      1.794      0.073

Group G2

    Observed                                        Two-Tailed
    Variable        Estimate       S.E.  Est./S.E.    P-Value

    I1                 0.119      0.043      2.769      0.006
    I2                 0.149      0.046      3.252      0.001
    I3                 0.165      0.049      3.347      0.001
    I4                 0.334      0.052      6.469      0.000
    I5                 0.283      0.053      5.309      0.000
    I6                 0.353      0.049      7.140      0.000
    I7                 0.282      0.054      5.207      0.000
    I8                 0.208      0.054      3.834      0.000
    I9                 0.206      0.052      3.985      0.000
    I10                0.239      0.052      4.598      0.000
    I11                0.220      0.050      4.406      0.000
    I12                0.107      0.041      2.579      0.010


QUALITY OF NUMERICAL RESULTS

     Condition Number for the Information Matrix              0.398E-03
       (ratio of smallest to largest eigenvalue)


MODEL MODIFICATION INDICES

Minimum M.I. value for printing the modification index    10.000

                                   M.I.     E.P.C.  Std E.P.C.  StdYX E.P.C.
Group G1


ON/BY Statements

I1       ON TRAIT1   /
TRAIT1   BY I1                    24.192    -0.169     -0.169       -0.156
I1       ON TRAIT2   /
TRAIT2   BY I1                    24.315    -0.169     -0.169       -0.157
TRAIT1   ON TRAIT1   /
TRAIT1   BY TRAIT1                20.167    -0.153     -0.153       -0.153
TRAIT1   ON TRAIT2   /
TRAIT2   BY TRAIT1                20.167    -0.153     -0.153       -0.153

ON Statements

TRAIT1   ON I1                    23.175    -0.139     -0.139       -0.150
TRAIT1   ON I3                    10.247    -0.156     -0.156       -0.096
TRAIT1   ON I4                    11.882    -0.162     -0.162       -0.103
TRAIT1   ON I7                    17.893    -0.135     -0.135       -0.145
TRAIT1   ON I8                    11.062    -0.141     -0.141       -0.097
I1       ON I1                    21.656    -0.132     -0.132       -0.132
I1       ON I3                    14.393    -0.190     -0.190       -0.108
I1       ON I4                    13.839    -0.179     -0.179       -0.105
I1       ON I5                    19.748    -0.209     -0.209       -0.124
I1       ON I6                    14.164    -0.202     -0.202       -0.094
I1       ON I7                    16.115    -0.120     -0.120       -0.120
I1       ON I8                    13.514    -0.152     -0.152       -0.097
I6       ON I6                    13.751     0.149      0.149        0.149

WITH Statements

I1       WITH TRAIT1              10.388    -0.048     -0.048       -0.119

Variances/Residual Variances

TRAIT1                            20.165    -0.307     -0.307       -0.307
I6                                14.443     0.056      0.056        0.220

Group G2


No modification indices above the minimum value.



     Beginning Time:  12:07:03
        Ending Time:  12:07:03
       Elapsed Time:  00:00:00



MUTHEN & MUTHEN
3463 Stoner Ave.
Los Angeles, CA  90066

Tel: (310) 391-9971
Fax: (310) 391-8971
Web: www.StatModel.com
Support: Support@StatModel.com

Copyright (c) 1998-2019 Muthen & Muthen
