Mplus VERSION 8.4
MUTHEN & MUTHEN
09/17/2023  12:07 PM

INPUT INSTRUCTIONS


  TITLE: TEST
  DATA: FILE IS exdat.csv;
  VARIABLE:
    Names ARE
  group
  i1 i2 i3 i4 i5 i6 i7 i8 i9 i10 i11 i12;
  USEVARIABLES ARE i1-i12;
  GROUPING IS group(1=G1, 2=G2)
  ANALYSIS:
  TYPE = GENERAL;
  PROCESSORS=6;
  OUTPUT:
  STANDARDIZED;
  MODINDICES (ALL);
  MODEL:
    trait1 BY
  i1 (a1)
  i2 (a2)
  i3 (a3)
  i4 (a4)
  i5 (a5)
  i6 (a6);
  trait2 BY
  i7 (a7)
  i8 (a8)
  i9 (a9)
  i10 (a10)
  i11 (a11)
  i12 (a12);
  i1-i12 (e);
  trait1 @ 1
  trait2 @ 1
  MODEL G1:
  MODEL G2:
    trait1 BY
  i1 (b1)
  i2 (b2)
  i3 (b3)
  i4 (b4)
  i5 (b5)
  i6 (a6);
  trait2 BY
  i7 (a7)
  i8 (b8)
  i9 (b9)
  i10 (b10)
  i11 (b11)
  i12 (b12);

  MODEL TEST:
  ! Testing Item 2 for DIF
  0 = a3 - b3;



INPUT READING TERMINATED NORMALLY



TEST

SUMMARY OF ANALYSIS

Number of groups                                                 2
Number of observations
   Group G1                                                    250
   Group G2                                                    250
   Total sample size                                           500

Number of dependent variables                                   12
Number of independent variables                                  0
Number of continuous latent variables                            2

Observed dependent variables

  Continuous
   I1          I2          I3          I4          I5          I6
   I7          I8          I9          I10         I11         I12

Continuous latent variables
   TRAIT1      TRAIT2

Variables with special functions

  Grouping variable     GROUP

Estimator                                                       ML
Information matrix                                        OBSERVED
Maximum number of iterations                                  1000
Convergence criterion                                    0.500D-04
Maximum number of steepest descent iterations                   20

Input data file(s)
  exdat.csv

Input data format  FREE



UNIVARIATE SAMPLE STATISTICS


     UNIVARIATE HIGHER-ORDER MOMENT DESCRIPTIVE STATISTICS FOR G1

         Variable/         Mean/     Skewness/   Minimum/ % with                Percentiles
        Sample Size      Variance    Kurtosis    Maximum  Min/Max      20%/60%    40%/80%    Median

     I1                    0.160       1.855       0.000   84.00%       0.000      0.000      0.000
             250.000       0.134       1.440       1.000   16.00%       0.000      0.000
     I2                    0.188       1.597       0.000   81.20%       0.000      0.000      0.000
             250.000       0.153       0.551       1.000   18.80%       0.000      0.000
     I3                    0.260       1.094       0.000   74.00%       0.000      0.000      0.000
             250.000       0.192      -0.802       1.000   26.00%       0.000      1.000
     I4                    0.308       0.832       0.000   69.20%       0.000      0.000      0.000
             250.000       0.213      -1.308       1.000   30.80%       0.000      1.000
     I5                    0.376       0.512       0.000   62.40%       0.000      0.000      0.000
             250.000       0.235      -1.738       1.000   37.60%       0.000      1.000
     I6                    0.492       0.032       0.000   50.80%       0.000      0.000      0.000
             250.000       0.250      -1.999       1.000   49.20%       1.000      1.000
     I7                    0.564      -0.258       0.000   43.60%       0.000      0.000      1.000
             250.000       0.246      -1.933       1.000   56.40%       1.000      1.000
     I8                    0.604      -0.425       0.000   39.60%       0.000      1.000      1.000
             250.000       0.239      -1.819       1.000   60.40%       1.000      1.000
     I9                    0.672      -0.733       0.000   32.80%       0.000      1.000      1.000
             250.000       0.220      -1.463       1.000   67.20%       1.000      1.000
     I10                   0.752      -1.167       0.000   24.80%       0.000      1.000      1.000
             250.000       0.186      -0.638       1.000   75.20%       1.000      1.000
     I11                   0.800      -1.500       0.000   20.00%       0.000      1.000      1.000
             250.000       0.160       0.250       1.000   80.00%       1.000      1.000
     I12                   0.816      -1.631       0.000   18.40%       1.000      1.000      1.000
             250.000       0.150       0.660       1.000   81.60%       1.000      1.000


     UNIVARIATE HIGHER-ORDER MOMENT DESCRIPTIVE STATISTICS FOR G2

         Variable/         Mean/     Skewness/   Minimum/ % with                Percentiles
        Sample Size      Variance    Kurtosis    Maximum  Min/Max      20%/60%    40%/80%    Median

     I1                    0.192       1.564       0.000   80.80%       0.000      0.000      0.000
             250.000       0.155       0.446       1.000   19.20%       0.000      0.000
     I2                    0.188       1.597       0.000   81.20%       0.000      0.000      0.000
             250.000       0.153       0.551       1.000   18.80%       0.000      0.000
     I3                    0.228       1.297       0.000   77.20%       0.000      0.000      0.000
             250.000       0.176      -0.319       1.000   22.80%       0.000      1.000
     I4                    0.328       0.733       0.000   67.20%       0.000      0.000      0.000
             250.000       0.220      -1.463       1.000   32.80%       0.000      1.000
     I5                    0.400       0.408       0.000   60.00%       0.000      0.000      0.000
             250.000       0.240      -1.833       1.000   40.00%       0.000      1.000
     I6                    0.488       0.048       0.000   51.20%       0.000      0.000      0.000
             250.000       0.250      -1.998       1.000   48.80%       1.000      1.000
     I7                    0.564      -0.258       0.000   43.60%       0.000      0.000      1.000
             250.000       0.246      -1.933       1.000   56.40%       1.000      1.000
     I8                    0.608      -0.442       0.000   39.20%       0.000      1.000      1.000
             250.000       0.238      -1.804       1.000   60.80%       1.000      1.000
     I9                    0.696      -0.852       0.000   30.40%       0.000      1.000      1.000
             250.000       0.212      -1.274       1.000   69.60%       1.000      1.000
     I10                   0.724      -1.002       0.000   27.60%       0.000      1.000      1.000
             250.000       0.200      -0.996       1.000   72.40%       1.000      1.000
     I11                   0.800      -1.500       0.000   20.00%       0.000      1.000      1.000
             250.000       0.160       0.250       1.000   80.00%       1.000      1.000
     I12                   0.840      -1.855       0.000   16.00%       1.000      1.000      1.000
             250.000       0.134       1.440       1.000   84.00%       1.000      1.000


THE MODEL ESTIMATION TERMINATED NORMALLY



MODEL FIT INFORMATION

Number of Free Parameters                       38

Loglikelihood

          H0 Value                       -3623.039
          H1 Value                       -3314.052

Information Criteria

          Akaike (AIC)                    7322.078
          Bayesian (BIC)                  7482.233
          Sample-Size Adjusted BIC        7361.618
            (n* = (n + 2) / 24)

Chi-Square Test of Model Fit

          Value                            617.973
          Degrees of Freedom                   142
          P-Value                           0.0000

Chi-Square Contribution From Each Group

          G1                               515.940
          G2                               102.033

RMSEA (Root Mean Square Error Of Approximation)

          Estimate                           0.116
          90 Percent C.I.                    0.107  0.125
          Probability RMSEA <= .05           0.000

CFI/TLI

          CFI                                0.000
          TLI                                0.000

Chi-Square Test of Model Fit for the Baseline Model

          Value                            569.964
          Degrees of Freedom                   132
          P-Value                           0.0000

SRMR (Standardized Root Mean Square Residual)

          Value                              0.716

Wald Test of Parameter Constraints

          Value                              9.754
          Degrees of Freedom                     1
          P-Value                           0.0018



MODEL RESULTS

                                                    Two-Tailed
                    Estimate       S.E.  Est./S.E.    P-Value

Group G1

 TRAIT1   BY
    I1                 1.000      0.000    999.000    999.000
    I2                 0.324      0.076      4.269      0.000
    I3                 0.421      0.079      5.302      0.000
    I4                 0.523      0.081      6.465      0.000
    I5                 0.561      0.083      6.730      0.000
    I6                 0.249      0.033      7.609      0.000

 TRAIT2   BY
    I7                 1.000      0.000    999.000    999.000
    I8                 0.546      0.081      6.774      0.000
    I9                 0.383      0.080      4.775      0.000
    I10                0.323      0.077      4.206      0.000
    I11                0.355      0.074      4.786      0.000
    I12                0.400      0.073      5.500      0.000

 TRAIT2   WITH
    TRAIT1             0.978      0.011     90.515      0.000

 Means
    TRAIT1             0.000      0.000    999.000    999.000
    TRAIT2             0.000      0.000    999.000    999.000

 Intercepts
    I1                 0.187      0.030      6.238      0.000
    I2                 0.192      0.023      8.330      0.000
    I3                 0.249      0.024     10.592      0.000
    I4                 0.325      0.028     11.417      0.000
    I5                 0.395      0.027     14.588      0.000
    I6                 0.494      0.025     19.579      0.000
    I7                 0.579      0.036     16.054      0.000
    I8                 0.615      0.027     22.410      0.000
    I9                 0.692      0.027     25.329      0.000
    I10                0.745      0.025     30.311      0.000
    I11                0.807      0.024     33.739      0.000
    I12                0.834      0.022     37.981      0.000

 Variances
    TRAIT1             1.000      0.000    999.000    999.000
    TRAIT2             1.000      0.000    999.000    999.000

 Residual Variances
    I1                 0.167      0.003     49.554      0.000
    I2                 0.167      0.003     49.554      0.000
    I3                 0.167      0.003     49.554      0.000
    I4                 0.167      0.003     49.554      0.000
    I5                 0.167      0.003     49.554      0.000
    I6                 0.167      0.003     49.554      0.000
    I7                 0.167      0.003     49.554      0.000
    I8                 0.167      0.003     49.554      0.000
    I9                 0.167      0.003     49.554      0.000
    I10                0.167      0.003     49.554      0.000
    I11                0.167      0.003     49.554      0.000
    I12                0.167      0.003     49.554      0.000

Group G2

 TRAIT1   BY
    I1                 0.141      0.031      4.542      0.000
    I2                 0.168      0.031      5.488      0.000
    I3                 0.154      0.032      4.829      0.000
    I4                 0.254      0.033      7.713      0.000
    I5                 0.208      0.035      6.001      0.000
    I6                 0.249      0.033      7.609      0.000

 TRAIT2   BY
    I7                 0.228      0.035      6.542      0.000
    I8                 0.180      0.035      5.154      0.000
    I9                 0.219      0.033      6.633      0.000
    I10                0.173      0.033      5.233      0.000
    I11                0.150      0.031      4.821      0.000
    I12                0.087      0.031      2.836      0.005

 TRAIT2   WITH
    TRAIT1             0.925      0.078     11.882      0.000

 Means
    TRAIT1            -0.013      0.128     -0.103      0.918
    TRAIT2            -0.041      0.147     -0.277      0.782

 Intercepts
    I1                 0.187      0.030      6.238      0.000
    I2                 0.192      0.023      8.330      0.000
    I3                 0.249      0.024     10.592      0.000
    I4                 0.325      0.028     11.417      0.000
    I5                 0.395      0.027     14.588      0.000
    I6                 0.494      0.025     19.579      0.000
    I7                 0.579      0.036     16.054      0.000
    I8                 0.615      0.027     22.410      0.000
    I9                 0.692      0.027     25.329      0.000
    I10                0.745      0.025     30.311      0.000
    I11                0.807      0.024     33.739      0.000
    I12                0.834      0.022     37.981      0.000

 Variances
    TRAIT1             1.000      0.000    999.000    999.000
    TRAIT2             1.000      0.000    999.000    999.000

 Residual Variances
    I1                 0.167      0.003     49.554      0.000
    I2                 0.167      0.003     49.554      0.000
    I3                 0.167      0.003     49.554      0.000
    I4                 0.167      0.003     49.554      0.000
    I5                 0.167      0.003     49.554      0.000
    I6                 0.167      0.003     49.554      0.000
    I7                 0.167      0.003     49.554      0.000
    I8                 0.167      0.003     49.554      0.000
    I9                 0.167      0.003     49.554      0.000
    I10                0.167      0.003     49.554      0.000
    I11                0.167      0.003     49.554      0.000
    I12                0.167      0.003     49.554      0.000


STANDARDIZED MODEL RESULTS


STDYX Standardization

                                                    Two-Tailed
                    Estimate       S.E.  Est./S.E.    P-Value

Group G1

 TRAIT1   BY
    I1                 0.926      0.001    692.770      0.000
    I2                 0.622      0.090      6.938      0.000
    I3                 0.718      0.066     10.889      0.000
    I4                 0.788      0.047     16.940      0.000
    I5                 0.809      0.042     19.263      0.000
    I6                 0.521      0.050     10.356      0.000

 TRAIT2   BY
    I7                 0.926      0.001    692.770      0.000
    I8                 0.801      0.043     18.758      0.000
    I9                 0.684      0.076      8.936      0.000
    I10                0.621      0.091      6.831      0.000
    I11                0.655      0.078      8.368      0.000
    I12                0.700      0.065     10.728      0.000

 TRAIT2   WITH
    TRAIT1             0.978      0.011     90.515      0.000

 Means
    TRAIT1             0.000      0.000    999.000    999.000
    TRAIT2             0.000      0.000    999.000    999.000

 Intercepts
    I1                 0.173      0.028      6.237      0.000
    I2                 0.369      0.054      6.771      0.000
    I3                 0.425      0.058      7.365      0.000
    I4                 0.490      0.062      7.949      0.000
    I5                 0.569      0.066      8.665      0.000
    I6                 1.032      0.063     16.285      0.000
    I7                 0.536      0.033     16.047      0.000
    I8                 0.902      0.093      9.725      0.000
    I9                 1.237      0.127      9.750      0.000
    I10                1.429      0.139     10.302      0.000
    I11                1.491      0.139     10.703      0.000
    I12                1.458      0.133     10.945      0.000

 Variances
    TRAIT1             1.000      0.000    999.000    999.000
    TRAIT2             1.000      0.000    999.000    999.000

 Residual Variances
    I1                 0.143      0.002     57.827      0.000
    I2                 0.613      0.111      5.503      0.000
    I3                 0.485      0.095      5.122      0.000
    I4                 0.379      0.073      5.165      0.000
    I5                 0.346      0.068      5.103      0.000
    I6                 0.728      0.052     13.893      0.000
    I7                 0.143      0.002     57.827      0.000
    I8                 0.359      0.068      5.248      0.000
    I9                 0.533      0.105      5.093      0.000
    I10                0.615      0.113      5.450      0.000
    I11                0.570      0.103      5.554      0.000
    I12                0.511      0.091      5.595      0.000

Group G2

 TRAIT1   BY
    I1                 0.325      0.064      5.066      0.000
    I2                 0.381      0.060      6.399      0.000
    I3                 0.352      0.064      5.495      0.000
    I4                 0.527      0.050     10.619      0.000
    I5                 0.453      0.060      7.510      0.000
    I6                 0.521      0.050     10.356      0.000

 TRAIT2   BY
    I7                 0.487      0.057      8.521      0.000
    I8                 0.403      0.066      6.129      0.000
    I9                 0.473      0.056      8.499      0.000
    I10                0.390      0.063      6.145      0.000
    I11                0.344      0.063      5.456      0.000
    I12                0.207      0.070      2.959      0.003

 TRAIT2   WITH
    TRAIT1             0.925      0.078     11.882      0.000

 Means
    TRAIT1            -0.013      0.128     -0.103      0.918
    TRAIT2            -0.041      0.147     -0.277      0.782

 Intercepts
    I1                 0.433      0.070      6.154      0.000
    I2                 0.436      0.054      8.140      0.000
    I3                 0.571      0.055     10.359      0.000
    I4                 0.676      0.065     10.464      0.000
    I5                 0.862      0.067     12.882      0.000
    I6                 1.032      0.063     16.285      0.000
    I7                 1.237      0.087     14.179      0.000
    I8                 1.378      0.075     18.296      0.000
    I9                 1.493      0.080     18.718      0.000
    I10                1.678      0.072     23.282      0.000
    I11                1.853      0.072     25.681      0.000
    I12                1.996      0.063     31.514      0.000

 Variances
    TRAIT1             1.000      0.000    999.000    999.000
    TRAIT2             1.000      0.000    999.000    999.000

 Residual Variances
    I1                 0.894      0.042     21.404      0.000
    I2                 0.855      0.045     18.837      0.000
    I3                 0.876      0.045     19.444      0.000
    I4                 0.722      0.052     13.785      0.000
    I5                 0.795      0.055     14.530      0.000
    I6                 0.728      0.052     13.893      0.000
    I7                 0.763      0.056     13.714      0.000
    I8                 0.837      0.053     15.762      0.000
    I9                 0.777      0.053     14.767      0.000
    I10                0.848      0.049     17.131      0.000
    I11                0.881      0.043     20.280      0.000
    I12                0.957      0.029     32.950      0.000


STDY Standardization

                                                    Two-Tailed
                    Estimate       S.E.  Est./S.E.    P-Value

Group G1

 TRAIT1   BY
    I1                 0.926      0.001    692.770      0.000
    I2                 0.622      0.090      6.938      0.000
    I3                 0.718      0.066     10.889      0.000
    I4                 0.788      0.047     16.940      0.000
    I5                 0.809      0.042     19.263      0.000
    I6                 0.521      0.050     10.356      0.000

 TRAIT2   BY
    I7                 0.926      0.001    692.770      0.000
    I8                 0.801      0.043     18.758      0.000
    I9                 0.684      0.076      8.936      0.000
    I10                0.621      0.091      6.831      0.000
    I11                0.655      0.078      8.368      0.000
    I12                0.700      0.065     10.728      0.000

 TRAIT2   WITH
    TRAIT1             0.978      0.011     90.515      0.000

 Means
    TRAIT1             0.000      0.000    999.000    999.000
    TRAIT2             0.000      0.000    999.000    999.000

 Intercepts
    I1                 0.173      0.028      6.237      0.000
    I2                 0.369      0.054      6.771      0.000
    I3                 0.425      0.058      7.365      0.000
    I4                 0.490      0.062      7.949      0.000
    I5                 0.569      0.066      8.665      0.000
    I6                 1.032      0.063     16.285      0.000
    I7                 0.536      0.033     16.047      0.000
    I8                 0.902      0.093      9.725      0.000
    I9                 1.237      0.127      9.750      0.000
    I10                1.429      0.139     10.302      0.000
    I11                1.491      0.139     10.703      0.000
    I12                1.458      0.133     10.945      0.000

 Variances
    TRAIT1             1.000      0.000    999.000    999.000
    TRAIT2             1.000      0.000    999.000    999.000

 Residual Variances
    I1                 0.143      0.002     57.827      0.000
    I2                 0.613      0.111      5.503      0.000
    I3                 0.485      0.095      5.122      0.000
    I4                 0.379      0.073      5.165      0.000
    I5                 0.346      0.068      5.103      0.000
    I6                 0.728      0.052     13.893      0.000
    I7                 0.143      0.002     57.827      0.000
    I8                 0.359      0.068      5.248      0.000
    I9                 0.533      0.105      5.093      0.000
    I10                0.615      0.113      5.450      0.000
    I11                0.570      0.103      5.554      0.000
    I12                0.511      0.091      5.595      0.000

Group G2

 TRAIT1   BY
    I1                 0.325      0.064      5.066      0.000
    I2                 0.381      0.060      6.399      0.000
    I3                 0.352      0.064      5.495      0.000
    I4                 0.527      0.050     10.619      0.000
    I5                 0.453      0.060      7.510      0.000
    I6                 0.521      0.050     10.356      0.000

 TRAIT2   BY
    I7                 0.487      0.057      8.521      0.000
    I8                 0.403      0.066      6.129      0.000
    I9                 0.473      0.056      8.499      0.000
    I10                0.390      0.063      6.145      0.000
    I11                0.344      0.063      5.456      0.000
    I12                0.207      0.070      2.959      0.003

 TRAIT2   WITH
    TRAIT1             0.925      0.078     11.882      0.000

 Means
    TRAIT1            -0.013      0.128     -0.103      0.918
    TRAIT2            -0.041      0.147     -0.277      0.782

 Intercepts
    I1                 0.433      0.070      6.154      0.000
    I2                 0.436      0.054      8.140      0.000
    I3                 0.571      0.055     10.359      0.000
    I4                 0.676      0.065     10.464      0.000
    I5                 0.862      0.067     12.882      0.000
    I6                 1.032      0.063     16.285      0.000
    I7                 1.237      0.087     14.179      0.000
    I8                 1.378      0.075     18.296      0.000
    I9                 1.493      0.080     18.718      0.000
    I10                1.678      0.072     23.282      0.000
    I11                1.853      0.072     25.681      0.000
    I12                1.996      0.063     31.514      0.000

 Variances
    TRAIT1             1.000      0.000    999.000    999.000
    TRAIT2             1.000      0.000    999.000    999.000

 Residual Variances
    I1                 0.894      0.042     21.404      0.000
    I2                 0.855      0.045     18.837      0.000
    I3                 0.876      0.045     19.444      0.000
    I4                 0.722      0.052     13.785      0.000
    I5                 0.795      0.055     14.530      0.000
    I6                 0.728      0.052     13.893      0.000
    I7                 0.763      0.056     13.714      0.000
    I8                 0.837      0.053     15.762      0.000
    I9                 0.777      0.053     14.767      0.000
    I10                0.848      0.049     17.131      0.000
    I11                0.881      0.043     20.280      0.000
    I12                0.957      0.029     32.950      0.000


STD Standardization

                                                    Two-Tailed
                    Estimate       S.E.  Est./S.E.    P-Value

Group G1

 TRAIT1   BY
    I1                 1.000      0.000    999.000    999.000
    I2                 0.324      0.076      4.269      0.000
    I3                 0.421      0.079      5.302      0.000
    I4                 0.523      0.081      6.465      0.000
    I5                 0.561      0.083      6.730      0.000
    I6                 0.249      0.033      7.609      0.000

 TRAIT2   BY
    I7                 1.000      0.000    999.000    999.000
    I8                 0.546      0.081      6.774      0.000
    I9                 0.383      0.080      4.775      0.000
    I10                0.323      0.077      4.206      0.000
    I11                0.355      0.074      4.786      0.000
    I12                0.400      0.073      5.500      0.000

 TRAIT2   WITH
    TRAIT1             0.978      0.011     90.515      0.000

 Means
    TRAIT1             0.000      0.000    999.000    999.000
    TRAIT2             0.000      0.000    999.000    999.000

 Intercepts
    I1                 0.187      0.030      6.238      0.000
    I2                 0.192      0.023      8.330      0.000
    I3                 0.249      0.024     10.592      0.000
    I4                 0.325      0.028     11.417      0.000
    I5                 0.395      0.027     14.588      0.000
    I6                 0.494      0.025     19.579      0.000
    I7                 0.579      0.036     16.054      0.000
    I8                 0.615      0.027     22.410      0.000
    I9                 0.692      0.027     25.329      0.000
    I10                0.745      0.025     30.311      0.000
    I11                0.807      0.024     33.739      0.000
    I12                0.834      0.022     37.981      0.000

 Variances
    TRAIT1             1.000      0.000    999.000    999.000
    TRAIT2             1.000      0.000    999.000    999.000

 Residual Variances
    I1                 0.167      0.003     49.554      0.000
    I2                 0.167      0.003     49.554      0.000
    I3                 0.167      0.003     49.554      0.000
    I4                 0.167      0.003     49.554      0.000
    I5                 0.167      0.003     49.554      0.000
    I6                 0.167      0.003     49.554      0.000
    I7                 0.167      0.003     49.554      0.000
    I8                 0.167      0.003     49.554      0.000
    I9                 0.167      0.003     49.554      0.000
    I10                0.167      0.003     49.554      0.000
    I11                0.167      0.003     49.554      0.000
    I12                0.167      0.003     49.554      0.000

Group G2

 TRAIT1   BY
    I1                 0.141      0.031      4.542      0.000
    I2                 0.168      0.031      5.488      0.000
    I3                 0.154      0.032      4.829      0.000
    I4                 0.254      0.033      7.713      0.000
    I5                 0.208      0.035      6.001      0.000
    I6                 0.249      0.033      7.609      0.000

 TRAIT2   BY
    I7                 0.228      0.035      6.542      0.000
    I8                 0.180      0.035      5.154      0.000
    I9                 0.219      0.033      6.633      0.000
    I10                0.173      0.033      5.233      0.000
    I11                0.150      0.031      4.821      0.000
    I12                0.087      0.031      2.836      0.005

 TRAIT2   WITH
    TRAIT1             0.925      0.078     11.882      0.000

 Means
    TRAIT1            -0.013      0.128     -0.103      0.918
    TRAIT2            -0.041      0.147     -0.277      0.782

 Intercepts
    I1                 0.187      0.030      6.238      0.000
    I2                 0.192      0.023      8.330      0.000
    I3                 0.249      0.024     10.592      0.000
    I4                 0.325      0.028     11.417      0.000
    I5                 0.395      0.027     14.588      0.000
    I6                 0.494      0.025     19.579      0.000
    I7                 0.579      0.036     16.054      0.000
    I8                 0.615      0.027     22.410      0.000
    I9                 0.692      0.027     25.329      0.000
    I10                0.745      0.025     30.311      0.000
    I11                0.807      0.024     33.739      0.000
    I12                0.834      0.022     37.981      0.000

 Variances
    TRAIT1             1.000      0.000    999.000    999.000
    TRAIT2             1.000      0.000    999.000    999.000

 Residual Variances
    I1                 0.167      0.003     49.554      0.000
    I2                 0.167      0.003     49.554      0.000
    I3                 0.167      0.003     49.554      0.000
    I4                 0.167      0.003     49.554      0.000
    I5                 0.167      0.003     49.554      0.000
    I6                 0.167      0.003     49.554      0.000
    I7                 0.167      0.003     49.554      0.000
    I8                 0.167      0.003     49.554      0.000
    I9                 0.167      0.003     49.554      0.000
    I10                0.167      0.003     49.554      0.000
    I11                0.167      0.003     49.554      0.000
    I12                0.167      0.003     49.554      0.000


R-SQUARE

Group G1

    Observed                                        Two-Tailed
    Variable        Estimate       S.E.  Est./S.E.    P-Value

    I1                 0.857      0.002    346.385      0.000
    I2                 0.387      0.111      3.469      0.001
    I3                 0.515      0.095      5.444      0.000
    I4                 0.621      0.073      8.470      0.000
    I5                 0.654      0.068      9.632      0.000
    I6                 0.272      0.052      5.178      0.000
    I7                 0.857      0.002    346.385      0.000
    I8                 0.641      0.068      9.379      0.000
    I9                 0.467      0.105      4.468      0.000
    I10                0.385      0.113      3.415      0.001
    I11                0.430      0.103      4.184      0.000
    I12                0.489      0.091      5.364      0.000

Group G2

    Observed                                        Two-Tailed
    Variable        Estimate       S.E.  Est./S.E.    P-Value

    I1                 0.106      0.042      2.533      0.011
    I2                 0.145      0.045      3.200      0.001
    I3                 0.124      0.045      2.748      0.006
    I4                 0.278      0.052      5.309      0.000
    I5                 0.205      0.055      3.755      0.000
    I6                 0.272      0.052      5.178      0.000
    I7                 0.237      0.056      4.260      0.000
    I8                 0.163      0.053      3.064      0.002
    I9                 0.223      0.053      4.249      0.000
    I10                0.152      0.049      3.072      0.002
    I11                0.119      0.043      2.728      0.006
    I12                0.043      0.029      1.479      0.139


QUALITY OF NUMERICAL RESULTS

     Condition Number for the Information Matrix              0.300E-03
       (ratio of smallest to largest eigenvalue)


MODEL MODIFICATION INDICES

Minimum M.I. value for printing the modification index    10.000

                                   M.I.     E.P.C.  Std E.P.C.  StdYX E.P.C.
Group G1


ON/BY Statements

I1       ON TRAIT1   /
TRAIT1   BY I1                    26.437    -0.187     -0.187       -0.173
I1       ON TRAIT2   /
TRAIT2   BY I1                    25.231    -0.185     -0.185       -0.171
TRAIT1   ON TRAIT1   /
TRAIT1   BY TRAIT1                24.245    -0.179     -0.179       -0.179
TRAIT1   ON TRAIT2   /
TRAIT2   BY TRAIT1                24.245    -0.183     -0.183       -0.183

ON Statements

TRAIT1   ON I1                    25.759    -0.155     -0.155       -0.168
TRAIT1   ON I3                    12.913    -0.200     -0.200       -0.117
TRAIT1   ON I4                    11.995    -0.173     -0.173       -0.115
TRAIT1   ON I7                    23.837    -0.168     -0.168       -0.181
TRAIT1   ON I8                    13.608    -0.170     -0.170       -0.116
I1       ON I1                    20.266    -0.134     -0.134       -0.134
I1       ON I2                    16.180    -0.247     -0.247       -0.119
I1       ON I3                    12.981    -0.198     -0.198       -0.108
I1       ON I4                    14.215    -0.184     -0.184       -0.113
I1       ON I5                    20.117    -0.206     -0.206       -0.133
I1       ON I6                    12.544    -0.200     -0.200       -0.089
I1       ON I7                    11.293    -0.106     -0.106       -0.106
I1       ON I8                    18.642    -0.185     -0.185       -0.117
I1       ON I9                    10.863    -0.152     -0.152       -0.079
I1       ON I11                   10.859    -0.144     -0.144       -0.072
I1       ON I12                   10.880    -0.139     -0.139       -0.073
I6       ON I6                    18.031     0.171      0.171        0.171
I7       ON I4                    11.853    -0.168     -0.168       -0.103

WITH Statements

I7       WITH I1                  11.729     0.055      0.055        0.332

Variances/Residual Variances

TRAIT1                            24.243    -0.359     -0.359       -0.359
I6                                20.803     0.068      0.068        0.296
I12                               10.135    -0.049     -0.049       -0.150

Group G2


No modification indices above the minimum value.



     Beginning Time:  12:07:05
        Ending Time:  12:07:06
       Elapsed Time:  00:00:01



MUTHEN & MUTHEN
3463 Stoner Ave.
Los Angeles, CA  90066

Tel: (310) 391-9971
Fax: (310) 391-8971
Web: www.StatModel.com
Support: Support@StatModel.com

Copyright (c) 1998-2019 Muthen & Muthen
