Mplus VERSION 8.4
MUTHEN & MUTHEN
09/17/2023  12:06 PM

INPUT INSTRUCTIONS


  TITLE: TEST
  DATA: FILE IS exdat.csv;
  VARIABLE:
    Names ARE
  group
  i1 i2 i3 i4 i5 i6 i7 i8 i9 i10 i11 i12;
  USEVARIABLES ARE i1-i12;
  GROUPING IS group(1=G1, 2=G2)
  ANALYSIS:
  TYPE = GENERAL;
  PROCESSORS=6;
  OUTPUT:
  STANDARDIZED;
  MODINDICES (ALL);
  MODEL:
    trait1 BY
  i1 (a1)
  i2 (a2)
  i3 (a3)
  i4 (a4)
  i5 (a5)
  i6 (a6);
  trait2 BY
  i7 (a7)
  i8 (a8)
  i9 (a9)
  i10 (a10)
  i11 (a11)
  i12 (a12);
  i1-i12 (e);
  trait1 @ 1
  trait2 @ 1
  MODEL G1:
  MODEL G2:
    trait1 BY
  i1 (b1)
  i2 (b2)
  i3 (b3)
  i4 (b4)
  i5 (b5)
  i6 (a6);
  trait2 BY
  i7 (a7)
  i8 (b8)
  i9 (b9)
  i10 (b10)
  i11 (b11)
  i12 (b12);

  MODEL TEST:
  ! Testing Item 2 for DIF
  0 = a3 - b3;



INPUT READING TERMINATED NORMALLY



TEST

SUMMARY OF ANALYSIS

Number of groups                                                 2
Number of observations
   Group G1                                                    250
   Group G2                                                    250
   Total sample size                                           500

Number of dependent variables                                   12
Number of independent variables                                  0
Number of continuous latent variables                            2

Observed dependent variables

  Continuous
   I1          I2          I3          I4          I5          I6
   I7          I8          I9          I10         I11         I12

Continuous latent variables
   TRAIT1      TRAIT2

Variables with special functions

  Grouping variable     GROUP

Estimator                                                       ML
Information matrix                                        OBSERVED
Maximum number of iterations                                  1000
Convergence criterion                                    0.500D-04
Maximum number of steepest descent iterations                   20

Input data file(s)
  exdat.csv

Input data format  FREE



UNIVARIATE SAMPLE STATISTICS


     UNIVARIATE HIGHER-ORDER MOMENT DESCRIPTIVE STATISTICS FOR G1

         Variable/         Mean/     Skewness/   Minimum/ % with                Percentiles
        Sample Size      Variance    Kurtosis    Maximum  Min/Max      20%/60%    40%/80%    Median

     I1                    0.136       2.124       0.000   86.40%       0.000      0.000      0.000
             250.000       0.118       2.510       1.000   13.60%       0.000      0.000
     I2                    0.180       1.666       0.000   82.00%       0.000      0.000      0.000
             250.000       0.148       0.775       1.000   18.00%       0.000      0.000
     I3                    0.256       1.118       0.000   74.40%       0.000      0.000      0.000
             250.000       0.190      -0.750       1.000   25.60%       0.000      1.000
     I4                    0.284       0.958       0.000   71.60%       0.000      0.000      0.000
             250.000       0.203      -1.082       1.000   28.40%       0.000      1.000
     I5                    0.344       0.657       0.000   65.60%       0.000      0.000      0.000
             250.000       0.226      -1.569       1.000   34.40%       0.000      1.000
     I6                    0.448       0.209       0.000   55.20%       0.000      0.000      0.000
             250.000       0.247      -1.956       1.000   44.80%       1.000      1.000
     I7                    0.512      -0.048       0.000   48.80%       0.000      0.000      1.000
             250.000       0.250      -1.998       1.000   51.20%       1.000      1.000
     I8                    0.620      -0.494       0.000   38.00%       0.000      1.000      1.000
             250.000       0.236      -1.756       1.000   62.00%       1.000      1.000
     I9                    0.648      -0.620       0.000   35.20%       0.000      1.000      1.000
             250.000       0.228      -1.616       1.000   64.80%       1.000      1.000
     I10                   0.748      -1.142       0.000   25.20%       0.000      1.000      1.000
             250.000       0.188      -0.695       1.000   74.80%       1.000      1.000
     I11                   0.796      -1.469       0.000   20.40%       0.000      1.000      1.000
             250.000       0.162       0.158       1.000   79.60%       1.000      1.000
     I12                   0.860      -2.075       0.000   14.00%       1.000      1.000      1.000
             250.000       0.120       2.306       1.000   86.00%       1.000      1.000


     UNIVARIATE HIGHER-ORDER MOMENT DESCRIPTIVE STATISTICS FOR G2

         Variable/         Mean/     Skewness/   Minimum/ % with                Percentiles
        Sample Size      Variance    Kurtosis    Maximum  Min/Max      20%/60%    40%/80%    Median

     I1                    0.232       1.270       0.000   76.80%       0.000      0.000      0.000
             250.000       0.178      -0.388       1.000   23.20%       0.000      1.000
     I2                    0.176       1.702       0.000   82.40%       0.000      0.000      0.000
             250.000       0.145       0.895       1.000   17.60%       0.000      0.000
     I3                    0.248       1.167       0.000   75.20%       0.000      0.000      0.000
             250.000       0.186      -0.638       1.000   24.80%       0.000      1.000
     I4                    0.308       0.832       0.000   69.20%       0.000      0.000      0.000
             250.000       0.213      -1.308       1.000   30.80%       0.000      1.000
     I5                    0.384       0.477       0.000   61.60%       0.000      0.000      0.000
             250.000       0.237      -1.772       1.000   38.40%       0.000      1.000
     I6                    0.488       0.048       0.000   51.20%       0.000      0.000      0.000
             250.000       0.250      -1.998       1.000   48.80%       1.000      1.000
     I7                    0.460       0.161       0.000   54.00%       0.000      0.000      0.000
             250.000       0.248      -1.974       1.000   46.00%       1.000      1.000
     I8                    0.616      -0.477       0.000   38.40%       0.000      1.000      1.000
             250.000       0.237      -1.772       1.000   61.60%       1.000      1.000
     I9                    0.684      -0.792       0.000   31.60%       0.000      1.000      1.000
             250.000       0.216      -1.373       1.000   68.40%       1.000      1.000
     I10                   0.724      -1.002       0.000   27.60%       0.000      1.000      1.000
             250.000       0.200      -0.996       1.000   72.40%       1.000      1.000
     I11                   0.808      -1.564       0.000   19.20%       1.000      1.000      1.000
             250.000       0.155       0.446       1.000   80.80%       1.000      1.000
     I12                   0.828      -1.738       0.000   17.20%       1.000      1.000      1.000
             250.000       0.142       1.022       1.000   82.80%       1.000      1.000


THE MODEL ESTIMATION TERMINATED NORMALLY



MODEL FIT INFORMATION

Number of Free Parameters                       38

Loglikelihood

          H0 Value                       -3616.867
          H1 Value                       -3297.083

Information Criteria

          Akaike (AIC)                    7309.734
          Bayesian (BIC)                  7469.889
          Sample-Size Adjusted BIC        7349.275
            (n* = (n + 2) / 24)

Chi-Square Test of Model Fit

          Value                            639.567
          Degrees of Freedom                   142
          P-Value                           0.0000

Chi-Square Contribution From Each Group

          G1                               528.308
          G2                               111.259

RMSEA (Root Mean Square Error Of Approximation)

          Estimate                           0.118
          90 Percent C.I.                    0.109  0.128
          Probability RMSEA <= .05           0.000

CFI/TLI

          CFI                                0.000
          TLI                                0.000

Chi-Square Test of Model Fit for the Baseline Model

          Value                            532.130
          Degrees of Freedom                   132
          P-Value                           0.0000

SRMR (Standardized Root Mean Square Residual)

          Value                              0.773

Wald Test of Parameter Constraints

          Value                              9.169
          Degrees of Freedom                     1
          P-Value                           0.0025



MODEL RESULTS

                                                    Two-Tailed
                    Estimate       S.E.  Est./S.E.    P-Value

Group G1

 TRAIT1   BY
    I1                 1.000      0.000    999.000    999.000
    I2                 0.230      0.076      3.013      0.003
    I3                 0.420      0.080      5.233      0.000
    I4                 0.508      0.081      6.299      0.000
    I5                 0.433      0.084      5.135      0.000
    I6                 0.298      0.034      8.854      0.000

 TRAIT2   BY
    I7                 1.000      0.000    999.000    999.000
    I8                 0.375      0.085      4.404      0.000
    I9                 0.479      0.084      5.685      0.000
    I10                0.376      0.079      4.789      0.000
    I11                0.231      0.077      3.011      0.003
    I12                0.218      0.073      2.987      0.003

 TRAIT2   WITH
    TRAIT1             0.989      0.011     91.853      0.000

 Means
    TRAIT1             0.000      0.000    999.000    999.000
    TRAIT2             0.000      0.000    999.000    999.000

 Intercepts
    I1                 0.180      0.035      5.211      0.000
    I2                 0.172      0.021      8.111      0.000
    I3                 0.246      0.024     10.209      0.000
    I4                 0.287      0.028     10.404      0.000
    I5                 0.354      0.027     13.110      0.000
    I6                 0.452      0.028     16.126      0.000
    I7                 0.505      0.038     13.459      0.000
    I8                 0.632      0.028     22.905      0.000
    I9                 0.680      0.028     24.023      0.000
    I10                0.747      0.025     29.510      0.000
    I11                0.810      0.022     37.096      0.000
    I12                0.852      0.022     39.296      0.000

 Variances
    TRAIT1             1.000      0.000    999.000    999.000
    TRAIT2             1.000      0.000    999.000    999.000

 Residual Variances
    I1                 0.166      0.003     49.662      0.000
    I2                 0.166      0.003     49.662      0.000
    I3                 0.166      0.003     49.662      0.000
    I4                 0.166      0.003     49.662      0.000
    I5                 0.166      0.003     49.662      0.000
    I6                 0.166      0.003     49.662      0.000
    I7                 0.166      0.003     49.662      0.000
    I8                 0.166      0.003     49.662      0.000
    I9                 0.166      0.003     49.662      0.000
    I10                0.166      0.003     49.662      0.000
    I11                0.166      0.003     49.662      0.000
    I12                0.166      0.003     49.662      0.000

Group G2

 TRAIT1   BY
    I1                 0.205      0.033      6.245      0.000
    I2                 0.127      0.031      4.050      0.000
    I3                 0.157      0.033      4.725      0.000
    I4                 0.218      0.034      6.454      0.000
    I5                 0.226      0.035      6.494      0.000
    I6                 0.298      0.034      8.854      0.000

 TRAIT2   BY
    I7                 0.252      0.035      7.132      0.000
    I8                 0.242      0.034      7.045      0.000
    I9                 0.229      0.034      6.730      0.000
    I10                0.187      0.033      5.646      0.000
    I11                0.136      0.032      4.315      0.000
    I12                0.133      0.031      4.329      0.000

 TRAIT2   WITH
    TRAIT1             0.741      0.079      9.333      0.000

 Means
    TRAIT1             0.125      0.129      0.970      0.332
    TRAIT2            -0.090      0.136     -0.663      0.507

 Intercepts
    I1                 0.180      0.035      5.211      0.000
    I2                 0.172      0.021      8.111      0.000
    I3                 0.246      0.024     10.209      0.000
    I4                 0.287      0.028     10.404      0.000
    I5                 0.354      0.027     13.110      0.000
    I6                 0.452      0.028     16.126      0.000
    I7                 0.505      0.038     13.459      0.000
    I8                 0.632      0.028     22.905      0.000
    I9                 0.680      0.028     24.023      0.000
    I10                0.747      0.025     29.510      0.000
    I11                0.810      0.022     37.096      0.000
    I12                0.852      0.022     39.296      0.000

 Variances
    TRAIT1             1.000      0.000    999.000    999.000
    TRAIT2             1.000      0.000    999.000    999.000

 Residual Variances
    I1                 0.166      0.003     49.662      0.000
    I2                 0.166      0.003     49.662      0.000
    I3                 0.166      0.003     49.662      0.000
    I4                 0.166      0.003     49.662      0.000
    I5                 0.166      0.003     49.662      0.000
    I6                 0.166      0.003     49.662      0.000
    I7                 0.166      0.003     49.662      0.000
    I8                 0.166      0.003     49.662      0.000
    I9                 0.166      0.003     49.662      0.000
    I10                0.166      0.003     49.662      0.000
    I11                0.166      0.003     49.662      0.000
    I12                0.166      0.003     49.662      0.000


STANDARDIZED MODEL RESULTS


STDYX Standardization

                                                    Two-Tailed
                    Estimate       S.E.  Est./S.E.    P-Value

Group G1

 TRAIT1   BY
    I1                 0.926      0.001    697.362      0.000
    I2                 0.491      0.124      3.963      0.000
    I3                 0.718      0.067     10.745      0.000
    I4                 0.780      0.049     15.964      0.000
    I5                 0.728      0.067     10.880      0.000
    I6                 0.590      0.044     13.444      0.000

 TRAIT2   BY
    I7                 0.926      0.001    697.362      0.000
    I8                 0.677      0.084      8.101      0.000
    I9                 0.762      0.057     13.477      0.000
    I10                0.678      0.077      8.841      0.000
    I11                0.494      0.124      3.975      0.000
    I12                0.471      0.123      3.834      0.000

 TRAIT2   WITH
    TRAIT1             0.989      0.011     91.853      0.000

 Means
    TRAIT1             0.000      0.000    999.000    999.000
    TRAIT2             0.000      0.000    999.000    999.000

 Intercepts
    I1                 0.167      0.032      5.211      0.000
    I2                 0.368      0.054      6.847      0.000
    I3                 0.420      0.059      7.165      0.000
    I4                 0.441      0.060      7.391      0.000
    I5                 0.595      0.075      7.953      0.000
    I6                 0.895      0.066     13.653      0.000
    I7                 0.468      0.035     13.456      0.000
    I8                 1.141      0.126      9.063      0.000
    I9                 1.081      0.114      9.454      0.000
    I10                1.347      0.136      9.872      0.000
    I11                1.729      0.145     11.918      0.000
    I12                1.844      0.145     12.730      0.000

 Variances
    TRAIT1             1.000      0.000    999.000    999.000
    TRAIT2             1.000      0.000    999.000    999.000

 Residual Variances
    I1                 0.142      0.002     57.910      0.000
    I2                 0.759      0.122      6.242      0.000
    I3                 0.485      0.096      5.056      0.000
    I4                 0.392      0.076      5.143      0.000
    I5                 0.470      0.098      4.815      0.000
    I6                 0.652      0.052     12.575      0.000
    I7                 0.142      0.002     57.910      0.000
    I8                 0.542      0.113      4.793      0.000
    I9                 0.420      0.086      4.879      0.000
    I10                0.540      0.104      5.187      0.000
    I11                0.756      0.123      6.172      0.000
    I12                0.778      0.116      6.727      0.000

Group G2

 TRAIT1   BY
    I1                 0.449      0.058      7.792      0.000
    I2                 0.297      0.067      4.433      0.000
    I3                 0.359      0.066      5.406      0.000
    I4                 0.472      0.057      8.259      0.000
    I5                 0.485      0.057      8.450      0.000
    I6                 0.590      0.044     13.444      0.000

 TRAIT2   BY
    I7                 0.525      0.054      9.789      0.000
    I8                 0.511      0.054      9.482      0.000
    I9                 0.490      0.056      8.798      0.000
    I10                0.416      0.061      6.804      0.000
    I11                0.317      0.066      4.787      0.000
    I12                0.311      0.065      4.783      0.000

 TRAIT2   WITH
    TRAIT1             0.741      0.079      9.333      0.000

 Means
    TRAIT1             0.125      0.129      0.970      0.332
    TRAIT2            -0.090      0.136     -0.663      0.507

 Intercepts
    I1                 0.395      0.079      4.983      0.000
    I2                 0.403      0.051      7.896      0.000
    I3                 0.563      0.058      9.739      0.000
    I4                 0.620      0.064      9.654      0.000
    I5                 0.759      0.066     11.514      0.000
    I6                 0.895      0.066     13.653      0.000
    I7                 1.055      0.082     12.785      0.000
    I8                 1.333      0.077     17.388      0.000
    I9                 1.455      0.083     17.572      0.000
    I10                1.667      0.074     22.393      0.000
    I11                1.885      0.068     27.605      0.000
    I12                1.986      0.067     29.798      0.000

 Variances
    TRAIT1             1.000      0.000    999.000    999.000
    TRAIT2             1.000      0.000    999.000    999.000

 Residual Variances
    I1                 0.799      0.052     15.448      0.000
    I2                 0.912      0.040     22.994      0.000
    I3                 0.871      0.048     18.307      0.000
    I4                 0.777      0.054     14.372      0.000
    I5                 0.764      0.056     13.712      0.000
    I6                 0.652      0.052     12.575      0.000
    I7                 0.724      0.056     12.835      0.000
    I8                 0.739      0.055     13.404      0.000
    I9                 0.760      0.055     13.947      0.000
    I10                0.827      0.051     16.231      0.000
    I11                0.900      0.042     21.471      0.000
    I12                0.903      0.040     22.305      0.000


STDY Standardization

                                                    Two-Tailed
                    Estimate       S.E.  Est./S.E.    P-Value

Group G1

 TRAIT1   BY
    I1                 0.926      0.001    697.362      0.000
    I2                 0.491      0.124      3.963      0.000
    I3                 0.718      0.067     10.745      0.000
    I4                 0.780      0.049     15.964      0.000
    I5                 0.728      0.067     10.880      0.000
    I6                 0.590      0.044     13.444      0.000

 TRAIT2   BY
    I7                 0.926      0.001    697.362      0.000
    I8                 0.677      0.084      8.101      0.000
    I9                 0.762      0.057     13.477      0.000
    I10                0.678      0.077      8.841      0.000
    I11                0.494      0.124      3.975      0.000
    I12                0.471      0.123      3.834      0.000

 TRAIT2   WITH
    TRAIT1             0.989      0.011     91.853      0.000

 Means
    TRAIT1             0.000      0.000    999.000    999.000
    TRAIT2             0.000      0.000    999.000    999.000

 Intercepts
    I1                 0.167      0.032      5.211      0.000
    I2                 0.368      0.054      6.847      0.000
    I3                 0.420      0.059      7.165      0.000
    I4                 0.441      0.060      7.391      0.000
    I5                 0.595      0.075      7.953      0.000
    I6                 0.895      0.066     13.653      0.000
    I7                 0.468      0.035     13.456      0.000
    I8                 1.141      0.126      9.063      0.000
    I9                 1.081      0.114      9.454      0.000
    I10                1.347      0.136      9.872      0.000
    I11                1.729      0.145     11.918      0.000
    I12                1.844      0.145     12.730      0.000

 Variances
    TRAIT1             1.000      0.000    999.000    999.000
    TRAIT2             1.000      0.000    999.000    999.000

 Residual Variances
    I1                 0.142      0.002     57.910      0.000
    I2                 0.759      0.122      6.242      0.000
    I3                 0.485      0.096      5.056      0.000
    I4                 0.392      0.076      5.143      0.000
    I5                 0.470      0.098      4.815      0.000
    I6                 0.652      0.052     12.575      0.000
    I7                 0.142      0.002     57.910      0.000
    I8                 0.542      0.113      4.793      0.000
    I9                 0.420      0.086      4.879      0.000
    I10                0.540      0.104      5.187      0.000
    I11                0.756      0.123      6.172      0.000
    I12                0.778      0.116      6.727      0.000

Group G2

 TRAIT1   BY
    I1                 0.449      0.058      7.792      0.000
    I2                 0.297      0.067      4.433      0.000
    I3                 0.359      0.066      5.406      0.000
    I4                 0.472      0.057      8.259      0.000
    I5                 0.485      0.057      8.450      0.000
    I6                 0.590      0.044     13.444      0.000

 TRAIT2   BY
    I7                 0.525      0.054      9.789      0.000
    I8                 0.511      0.054      9.482      0.000
    I9                 0.490      0.056      8.798      0.000
    I10                0.416      0.061      6.804      0.000
    I11                0.317      0.066      4.787      0.000
    I12                0.311      0.065      4.783      0.000

 TRAIT2   WITH
    TRAIT1             0.741      0.079      9.333      0.000

 Means
    TRAIT1             0.125      0.129      0.970      0.332
    TRAIT2            -0.090      0.136     -0.663      0.507

 Intercepts
    I1                 0.395      0.079      4.983      0.000
    I2                 0.403      0.051      7.896      0.000
    I3                 0.563      0.058      9.739      0.000
    I4                 0.620      0.064      9.654      0.000
    I5                 0.759      0.066     11.514      0.000
    I6                 0.895      0.066     13.653      0.000
    I7                 1.055      0.082     12.785      0.000
    I8                 1.333      0.077     17.388      0.000
    I9                 1.455      0.083     17.572      0.000
    I10                1.667      0.074     22.393      0.000
    I11                1.885      0.068     27.605      0.000
    I12                1.986      0.067     29.798      0.000

 Variances
    TRAIT1             1.000      0.000    999.000    999.000
    TRAIT2             1.000      0.000    999.000    999.000

 Residual Variances
    I1                 0.799      0.052     15.448      0.000
    I2                 0.912      0.040     22.994      0.000
    I3                 0.871      0.048     18.307      0.000
    I4                 0.777      0.054     14.372      0.000
    I5                 0.764      0.056     13.712      0.000
    I6                 0.652      0.052     12.575      0.000
    I7                 0.724      0.056     12.835      0.000
    I8                 0.739      0.055     13.404      0.000
    I9                 0.760      0.055     13.947      0.000
    I10                0.827      0.051     16.231      0.000
    I11                0.900      0.042     21.471      0.000
    I12                0.903      0.040     22.305      0.000


STD Standardization

                                                    Two-Tailed
                    Estimate       S.E.  Est./S.E.    P-Value

Group G1

 TRAIT1   BY
    I1                 1.000      0.000    999.000    999.000
    I2                 0.230      0.076      3.013      0.003
    I3                 0.420      0.080      5.233      0.000
    I4                 0.508      0.081      6.299      0.000
    I5                 0.433      0.084      5.135      0.000
    I6                 0.298      0.034      8.854      0.000

 TRAIT2   BY
    I7                 1.000      0.000    999.000    999.000
    I8                 0.375      0.085      4.404      0.000
    I9                 0.479      0.084      5.685      0.000
    I10                0.376      0.079      4.789      0.000
    I11                0.231      0.077      3.011      0.003
    I12                0.218      0.073      2.987      0.003

 TRAIT2   WITH
    TRAIT1             0.989      0.011     91.853      0.000

 Means
    TRAIT1             0.000      0.000    999.000    999.000
    TRAIT2             0.000      0.000    999.000    999.000

 Intercepts
    I1                 0.180      0.035      5.211      0.000
    I2                 0.172      0.021      8.111      0.000
    I3                 0.246      0.024     10.209      0.000
    I4                 0.287      0.028     10.404      0.000
    I5                 0.354      0.027     13.110      0.000
    I6                 0.452      0.028     16.126      0.000
    I7                 0.505      0.038     13.459      0.000
    I8                 0.632      0.028     22.905      0.000
    I9                 0.680      0.028     24.023      0.000
    I10                0.747      0.025     29.510      0.000
    I11                0.810      0.022     37.096      0.000
    I12                0.852      0.022     39.296      0.000

 Variances
    TRAIT1             1.000      0.000    999.000    999.000
    TRAIT2             1.000      0.000    999.000    999.000

 Residual Variances
    I1                 0.166      0.003     49.662      0.000
    I2                 0.166      0.003     49.662      0.000
    I3                 0.166      0.003     49.662      0.000
    I4                 0.166      0.003     49.662      0.000
    I5                 0.166      0.003     49.662      0.000
    I6                 0.166      0.003     49.662      0.000
    I7                 0.166      0.003     49.662      0.000
    I8                 0.166      0.003     49.662      0.000
    I9                 0.166      0.003     49.662      0.000
    I10                0.166      0.003     49.662      0.000
    I11                0.166      0.003     49.662      0.000
    I12                0.166      0.003     49.662      0.000

Group G2

 TRAIT1   BY
    I1                 0.205      0.033      6.245      0.000
    I2                 0.127      0.031      4.050      0.000
    I3                 0.157      0.033      4.725      0.000
    I4                 0.218      0.034      6.454      0.000
    I5                 0.226      0.035      6.494      0.000
    I6                 0.298      0.034      8.854      0.000

 TRAIT2   BY
    I7                 0.252      0.035      7.132      0.000
    I8                 0.242      0.034      7.045      0.000
    I9                 0.229      0.034      6.730      0.000
    I10                0.187      0.033      5.646      0.000
    I11                0.136      0.032      4.315      0.000
    I12                0.133      0.031      4.329      0.000

 TRAIT2   WITH
    TRAIT1             0.741      0.079      9.333      0.000

 Means
    TRAIT1             0.125      0.129      0.970      0.332
    TRAIT2            -0.090      0.136     -0.663      0.507

 Intercepts
    I1                 0.180      0.035      5.211      0.000
    I2                 0.172      0.021      8.111      0.000
    I3                 0.246      0.024     10.209      0.000
    I4                 0.287      0.028     10.404      0.000
    I5                 0.354      0.027     13.110      0.000
    I6                 0.452      0.028     16.126      0.000
    I7                 0.505      0.038     13.459      0.000
    I8                 0.632      0.028     22.905      0.000
    I9                 0.680      0.028     24.023      0.000
    I10                0.747      0.025     29.510      0.000
    I11                0.810      0.022     37.096      0.000
    I12                0.852      0.022     39.296      0.000

 Variances
    TRAIT1             1.000      0.000    999.000    999.000
    TRAIT2             1.000      0.000    999.000    999.000

 Residual Variances
    I1                 0.166      0.003     49.662      0.000
    I2                 0.166      0.003     49.662      0.000
    I3                 0.166      0.003     49.662      0.000
    I4                 0.166      0.003     49.662      0.000
    I5                 0.166      0.003     49.662      0.000
    I6                 0.166      0.003     49.662      0.000
    I7                 0.166      0.003     49.662      0.000
    I8                 0.166      0.003     49.662      0.000
    I9                 0.166      0.003     49.662      0.000
    I10                0.166      0.003     49.662      0.000
    I11                0.166      0.003     49.662      0.000
    I12                0.166      0.003     49.662      0.000


R-SQUARE

Group G1

    Observed                                        Two-Tailed
    Variable        Estimate       S.E.  Est./S.E.    P-Value

    I1                 0.858      0.002    348.681      0.000
    I2                 0.241      0.122      1.982      0.048
    I3                 0.515      0.096      5.373      0.000
    I4                 0.608      0.076      7.982      0.000
    I5                 0.530      0.098      5.440      0.000
    I6                 0.348      0.052      6.722      0.000
    I7                 0.858      0.002    348.681      0.000
    I8                 0.458      0.113      4.051      0.000
    I9                 0.580      0.086      6.739      0.000
    I10                0.460      0.104      4.421      0.000
    I11                0.244      0.123      1.987      0.047
    I12                0.222      0.116      1.917      0.055

Group G2

    Observed                                        Two-Tailed
    Variable        Estimate       S.E.  Est./S.E.    P-Value

    I1                 0.201      0.052      3.896      0.000
    I2                 0.088      0.040      2.216      0.027
    I3                 0.129      0.048      2.703      0.007
    I4                 0.223      0.054      4.130      0.000
    I5                 0.236      0.056      4.225      0.000
    I6                 0.348      0.052      6.722      0.000
    I7                 0.276      0.056      4.894      0.000
    I8                 0.261      0.055      4.741      0.000
    I9                 0.240      0.055      4.399      0.000
    I10                0.173      0.051      3.402      0.001
    I11                0.100      0.042      2.394      0.017
    I12                0.097      0.040      2.391      0.017


QUALITY OF NUMERICAL RESULTS

     Condition Number for the Information Matrix              0.320E-03
       (ratio of smallest to largest eigenvalue)


MODEL MODIFICATION INDICES

Minimum M.I. value for printing the modification index    10.000

                                   M.I.     E.P.C.  Std E.P.C.  StdYX E.P.C.
Group G1


ON/BY Statements

I1       ON TRAIT1   /
TRAIT1   BY I1                    26.697    -0.184     -0.184       -0.170
I1       ON TRAIT2   /
TRAIT2   BY I1                    26.112    -0.183     -0.183       -0.169
TRAIT1   ON TRAIT1   /
TRAIT1   BY TRAIT1                22.153    -0.167     -0.167       -0.167
TRAIT1   ON TRAIT2   /
TRAIT2   BY TRAIT1                22.153    -0.169     -0.169       -0.169

ON Statements

TRAIT1   ON I1                    25.080    -0.151     -0.151       -0.163
TRAIT1   ON I3                    13.017    -0.199     -0.199       -0.116
TRAIT1   ON I4                    10.937    -0.166     -0.166       -0.108
TRAIT1   ON I7                    26.019    -0.174     -0.174       -0.188
TRAIT1   ON I9                    10.580    -0.155     -0.155       -0.098
TRAIT1   ON I10                   11.332    -0.170     -0.170       -0.094
I1       ON I1                    25.732    -0.149     -0.149       -0.149
I1       ON I3                    16.249    -0.221     -0.221       -0.120
I1       ON I4                    14.602    -0.189     -0.189       -0.114
I1       ON I5                    19.930    -0.232     -0.232       -0.128
I1       ON I6                    25.713    -0.283     -0.283       -0.132
I1       ON I7                    19.724    -0.140     -0.140       -0.140
I1       ON I8                    19.337    -0.209     -0.209       -0.107
I1       ON I9                    18.311    -0.185     -0.185       -0.108
I1       ON I10                   17.295    -0.185     -0.185       -0.095
I1       ON I11                   12.847    -0.164     -0.164       -0.071
I1       ON I12                   11.342    -0.150     -0.150       -0.064
I6       ON I6                    13.214     0.148      0.148        0.148
I9       ON I7                    11.012    -0.192     -0.192       -0.330

WITH Statements

I8       WITH I7                  11.012    -0.044     -0.044       -0.266
I9       WITH I7                  10.034    -0.043     -0.043       -0.259

Variances/Residual Variances

TRAIT1                            22.154    -0.334     -0.334       -0.334
I6                                12.780     0.053      0.053        0.209
I8                                11.340     0.051      0.051        0.167
I12                               14.029    -0.055     -0.055       -0.258

Group G2


No modification indices above the minimum value.



     Beginning Time:  12:06:58
        Ending Time:  12:06:58
       Elapsed Time:  00:00:00



MUTHEN & MUTHEN
3463 Stoner Ave.
Los Angeles, CA  90066

Tel: (310) 391-9971
Fax: (310) 391-8971
Web: www.StatModel.com
Support: Support@StatModel.com

Copyright (c) 1998-2019 Muthen & Muthen
