Mplus VERSION 8.4
MUTHEN & MUTHEN
09/17/2023  12:03 PM

INPUT INSTRUCTIONS


  TITLE: TEST
  DATA: FILE IS exdat.csv;
  VARIABLE:
    Names ARE
  group
  i1 i2 i3 i4 i5 i6 i7 i8 i9 i10 i11 i12;
  USEVARIABLES ARE i1-i12;
  GROUPING IS group(1=G1, 2=G2)
  ANALYSIS:
  TYPE = GENERAL;
  PROCESSORS=6;
  OUTPUT:
  STANDARDIZED;
  MODINDICES (ALL);
  MODEL:
    trait1 BY
  i1 (a1)
  i2 (a2)
  i3 (a3)
  i4 (a4)
  i5 (a5)
  i6 (a6);
  trait2 BY
  i7 (a7)
  i8 (a8)
  i9 (a9)
  i10 (a10)
  i11 (a11)
  i12 (a12);
  i1-i12 (e);
  trait1 @ 1
  trait2 @ 1
  MODEL G1:
  MODEL G2:
    trait1 BY
  i1 (b1)
  i2 (b2)
  i3 (b3)
  i4 (b4)
  i5 (b5)
  i6 (a6);
  trait2 BY
  i7 (a7)
  i8 (b8)
  i9 (b9)
  i10 (b10)
  i11 (b11)
  i12 (b12);

  MODEL TEST:
  ! Testing Item 2 for DIF
  0 = a3 - b3;



INPUT READING TERMINATED NORMALLY



TEST

SUMMARY OF ANALYSIS

Number of groups                                                 2
Number of observations
   Group G1                                                    250
   Group G2                                                    250
   Total sample size                                           500

Number of dependent variables                                   12
Number of independent variables                                  0
Number of continuous latent variables                            2

Observed dependent variables

  Continuous
   I1          I2          I3          I4          I5          I6
   I7          I8          I9          I10         I11         I12

Continuous latent variables
   TRAIT1      TRAIT2

Variables with special functions

  Grouping variable     GROUP

Estimator                                                       ML
Information matrix                                        OBSERVED
Maximum number of iterations                                  1000
Convergence criterion                                    0.500D-04
Maximum number of steepest descent iterations                   20

Input data file(s)
  exdat.csv

Input data format  FREE



UNIVARIATE SAMPLE STATISTICS


     UNIVARIATE HIGHER-ORDER MOMENT DESCRIPTIVE STATISTICS FOR G1

         Variable/         Mean/     Skewness/   Minimum/ % with                Percentiles
        Sample Size      Variance    Kurtosis    Maximum  Min/Max      20%/60%    40%/80%    Median

     I1                    0.180       1.666       0.000   82.00%       0.000      0.000      0.000
             250.000       0.148       0.775       1.000   18.00%       0.000      0.000
     I2                    0.212       1.409       0.000   78.80%       0.000      0.000      0.000
             250.000       0.167      -0.014       1.000   21.20%       0.000      1.000
     I3                    0.280       0.980       0.000   72.00%       0.000      0.000      0.000
             250.000       0.202      -1.040       1.000   28.00%       0.000      1.000
     I4                    0.340       0.676       0.000   66.00%       0.000      0.000      0.000
             250.000       0.224      -1.544       1.000   34.00%       0.000      1.000
     I5                    0.388       0.460       0.000   61.20%       0.000      0.000      0.000
             250.000       0.237      -1.789       1.000   38.80%       0.000      1.000
     I6                    0.448       0.209       0.000   55.20%       0.000      0.000      0.000
             250.000       0.247      -1.956       1.000   44.80%       1.000      1.000
     I7                    0.508      -0.032       0.000   49.20%       0.000      0.000      1.000
             250.000       0.250      -1.999       1.000   50.80%       1.000      1.000
     I8                    0.624      -0.512       0.000   37.60%       0.000      1.000      1.000
             250.000       0.235      -1.738       1.000   62.40%       1.000      1.000
     I9                    0.656      -0.657       0.000   34.40%       0.000      1.000      1.000
             250.000       0.226      -1.569       1.000   65.60%       1.000      1.000
     I10                   0.740      -1.094       0.000   26.00%       0.000      1.000      1.000
             250.000       0.192      -0.802       1.000   74.00%       1.000      1.000
     I11                   0.824      -1.702       0.000   17.60%       1.000      1.000      1.000
             250.000       0.145       0.895       1.000   82.40%       1.000      1.000
     I12                   0.864      -2.124       0.000   13.60%       1.000      1.000      1.000
             250.000       0.118       2.510       1.000   86.40%       1.000      1.000


     UNIVARIATE HIGHER-ORDER MOMENT DESCRIPTIVE STATISTICS FOR G2

         Variable/         Mean/     Skewness/   Minimum/ % with                Percentiles
        Sample Size      Variance    Kurtosis    Maximum  Min/Max      20%/60%    40%/80%    Median

     I1                    0.204       1.469       0.000   79.60%       0.000      0.000      0.000
             250.000       0.162       0.158       1.000   20.40%       0.000      1.000
     I2                    0.216       1.380       0.000   78.40%       0.000      0.000      0.000
             250.000       0.169      -0.095       1.000   21.60%       0.000      1.000
     I3                    0.248       1.167       0.000   75.20%       0.000      0.000      0.000
             250.000       0.186      -0.638       1.000   24.80%       0.000      1.000
     I4                    0.300       0.873       0.000   70.00%       0.000      0.000      0.000
             250.000       0.210      -1.238       1.000   30.00%       0.000      1.000
     I5                    0.356       0.601       0.000   64.40%       0.000      0.000      0.000
             250.000       0.229      -1.638       1.000   35.60%       0.000      1.000
     I6                    0.440       0.242       0.000   56.00%       0.000      0.000      0.000
             250.000       0.246      -1.942       1.000   44.00%       1.000      1.000
     I7                    0.508      -0.032       0.000   49.20%       0.000      0.000      1.000
             250.000       0.250      -1.999       1.000   50.80%       1.000      1.000
     I8                    0.592      -0.374       0.000   40.80%       0.000      0.000      1.000
             250.000       0.242      -1.860       1.000   59.20%       1.000      1.000
     I9                    0.732      -1.048       0.000   26.80%       0.000      1.000      1.000
             250.000       0.196      -0.903       1.000   73.20%       1.000      1.000
     I10                   0.776      -1.324       0.000   22.40%       0.000      1.000      1.000
             250.000       0.174      -0.247       1.000   77.60%       1.000      1.000
     I11                   0.808      -1.564       0.000   19.20%       1.000      1.000      1.000
             250.000       0.155       0.446       1.000   80.80%       1.000      1.000
     I12                   0.832      -1.776       0.000   16.80%       1.000      1.000      1.000
             250.000       0.140       1.154       1.000   83.20%       1.000      1.000


THE MODEL ESTIMATION TERMINATED NORMALLY



MODEL FIT INFORMATION

Number of Free Parameters                       38

Loglikelihood

          H0 Value                       -3590.250
          H1 Value                       -3285.858

Information Criteria

          Akaike (AIC)                    7256.499
          Bayesian (BIC)                  7416.654
          Sample-Size Adjusted BIC        7296.040
            (n* = (n + 2) / 24)

Chi-Square Test of Model Fit

          Value                            608.784
          Degrees of Freedom                   142
          P-Value                           0.0000

Chi-Square Contribution From Each Group

          G1                               498.079
          G2                               110.705

RMSEA (Root Mean Square Error Of Approximation)

          Estimate                           0.115
          90 Percent C.I.                    0.105  0.124
          Probability RMSEA <= .05           0.000

CFI/TLI

          CFI                                0.013
          TLI                                0.082

Chi-Square Test of Model Fit for the Baseline Model

          Value                            604.807
          Degrees of Freedom                   132
          P-Value                           0.0000

SRMR (Standardized Root Mean Square Residual)

          Value                              0.650

Wald Test of Parameter Constraints

          Value                              6.807
          Degrees of Freedom                     1
          P-Value                           0.0091



MODEL RESULTS

                                                    Two-Tailed
                    Estimate       S.E.  Est./S.E.    P-Value

Group G1

 TRAIT1   BY
    I1                 1.000      0.000    999.000    999.000
    I2                 0.334      0.073      4.585      0.000
    I3                 0.405      0.076      5.345      0.000
    I4                 0.510      0.077      6.657      0.000
    I5                 0.550      0.078      7.069      0.000
    I6                 0.276      0.033      8.403      0.000

 TRAIT2   BY
    I7                 1.000      0.000    999.000    999.000
    I8                 0.474      0.077      6.149      0.000
    I9                 0.467      0.077      6.092      0.000
    I10                0.250      0.076      3.292      0.001
    I11                0.325      0.070      4.655      0.000
    I12                0.181      0.068      2.664      0.008

 TRAIT2   WITH
    TRAIT1             0.983      0.011     90.623      0.000

 Means
    TRAIT1             0.000      0.000    999.000    999.000
    TRAIT2             0.000      0.000    999.000    999.000

 Intercepts
    I1                 0.211      0.034      6.128      0.000
    I2                 0.226      0.024      9.592      0.000
    I3                 0.278      0.026     10.890      0.000
    I4                 0.336      0.028     12.085      0.000
    I5                 0.390      0.030     13.121      0.000
    I6                 0.461      0.027     16.986      0.000
    I7                 0.517      0.039     13.226      0.000
    I8                 0.613      0.030     20.739      0.000
    I9                 0.699      0.028     25.084      0.000
    I10                0.761      0.024     31.853      0.000
    I11                0.819      0.024     34.243      0.000
    I12                0.850      0.021     39.680      0.000

 Variances
    TRAIT1             1.000      0.000    999.000    999.000
    TRAIT2             1.000      0.000    999.000    999.000

 Residual Variances
    I1                 0.165      0.003     49.680      0.000
    I2                 0.165      0.003     49.680      0.000
    I3                 0.165      0.003     49.680      0.000
    I4                 0.165      0.003     49.680      0.000
    I5                 0.165      0.003     49.680      0.000
    I6                 0.165      0.003     49.680      0.000
    I7                 0.165      0.003     49.680      0.000
    I8                 0.165      0.003     49.680      0.000
    I9                 0.165      0.003     49.680      0.000
    I10                0.165      0.003     49.680      0.000
    I11                0.165      0.003     49.680      0.000
    I12                0.165      0.003     49.680      0.000

Group G2

 TRAIT1   BY
    I1                 0.196      0.031      6.267      0.000
    I2                 0.161      0.032      5.089      0.000
    I3                 0.190      0.032      5.896      0.000
    I4                 0.212      0.033      6.402      0.000
    I5                 0.245      0.034      7.268      0.000
    I6                 0.276      0.033      8.403      0.000

 TRAIT2   BY
    I7                 0.241      0.035      6.792      0.000
    I8                 0.219      0.036      6.139      0.000
    I9                 0.187      0.034      5.476      0.000
    I10                0.163      0.032      5.050      0.000
    I11                0.144      0.032      4.569      0.000
    I12                0.120      0.031      3.877      0.000

 TRAIT2   WITH
    TRAIT1             0.859      0.075     11.444      0.000

 Means
    TRAIT1            -0.107      0.130     -0.827      0.408
    TRAIT2            -0.010      0.151     -0.065      0.948

 Intercepts
    I1                 0.211      0.034      6.128      0.000
    I2                 0.226      0.024      9.592      0.000
    I3                 0.278      0.026     10.890      0.000
    I4                 0.336      0.028     12.085      0.000
    I5                 0.390      0.030     13.121      0.000
    I6                 0.461      0.027     16.986      0.000
    I7                 0.517      0.039     13.226      0.000
    I8                 0.613      0.030     20.739      0.000
    I9                 0.699      0.028     25.084      0.000
    I10                0.761      0.024     31.853      0.000
    I11                0.819      0.024     34.243      0.000
    I12                0.850      0.021     39.680      0.000

 Variances
    TRAIT1             1.000      0.000    999.000    999.000
    TRAIT2             1.000      0.000    999.000    999.000

 Residual Variances
    I1                 0.165      0.003     49.680      0.000
    I2                 0.165      0.003     49.680      0.000
    I3                 0.165      0.003     49.680      0.000
    I4                 0.165      0.003     49.680      0.000
    I5                 0.165      0.003     49.680      0.000
    I6                 0.165      0.003     49.680      0.000
    I7                 0.165      0.003     49.680      0.000
    I8                 0.165      0.003     49.680      0.000
    I9                 0.165      0.003     49.680      0.000
    I10                0.165      0.003     49.680      0.000
    I11                0.165      0.003     49.680      0.000
    I12                0.165      0.003     49.680      0.000


STANDARDIZED MODEL RESULTS


STDYX Standardization

                                                    Two-Tailed
                    Estimate       S.E.  Est./S.E.    P-Value

Group G1

 TRAIT1   BY
    I1                 0.927      0.001    702.452      0.000
    I2                 0.635      0.083      7.655      0.000
    I3                 0.706      0.066     10.629      0.000
    I4                 0.783      0.046     17.071      0.000
    I5                 0.805      0.040     19.909      0.000
    I6                 0.562      0.046     12.180      0.000

 TRAIT2   BY
    I7                 0.927      0.001    702.452      0.000
    I8                 0.760      0.053     14.469      0.000
    I9                 0.755      0.054     14.074      0.000
    I10                0.524      0.116      4.534      0.000
    I11                0.625      0.082      7.616      0.000
    I12                0.407      0.128      3.191      0.001

 TRAIT2   WITH
    TRAIT1             0.983      0.011     90.623      0.000

 Means
    TRAIT1             0.000      0.000    999.000    999.000
    TRAIT2             0.000      0.000    999.000    999.000

 Intercepts
    I1                 0.196      0.032      6.128      0.000
    I2                 0.429      0.057      7.522      0.000
    I3                 0.484      0.063      7.651      0.000
    I4                 0.515      0.064      8.047      0.000
    I5                 0.570      0.068      8.413      0.000
    I6                 0.940      0.065     14.418      0.000
    I7                 0.479      0.036     13.224      0.000
    I8                 0.982      0.105      9.375      0.000
    I9                 1.129      0.109     10.362      0.000
    I10                1.597      0.139     11.453      0.000
    I11                1.576      0.140     11.277      0.000
    I12                1.913      0.129     14.809      0.000

 Variances
    TRAIT1             1.000      0.000    999.000    999.000
    TRAIT2             1.000      0.000    999.000    999.000

 Residual Variances
    I1                 0.141      0.002     57.865      0.000
    I2                 0.597      0.105      5.665      0.000
    I3                 0.501      0.094      5.335      0.000
    I4                 0.387      0.072      5.400      0.000
    I5                 0.352      0.065      5.413      0.000
    I6                 0.684      0.052     13.173      0.000
    I7                 0.141      0.002     57.865      0.000
    I8                 0.423      0.080      5.303      0.000
    I9                 0.430      0.081      5.314      0.000
    I10                0.726      0.121      5.997      0.000
    I11                0.610      0.103      5.948      0.000
    I12                0.834      0.104      8.037      0.000

Group G2

 TRAIT1   BY
    I1                 0.435      0.057      7.699      0.000
    I2                 0.369      0.063      5.872      0.000
    I3                 0.425      0.059      7.163      0.000
    I4                 0.463      0.057      8.112      0.000
    I5                 0.517      0.052      9.851      0.000
    I6                 0.562      0.046     12.180      0.000

 TRAIT2   BY
    I7                 0.510      0.056      9.122      0.000
    I8                 0.475      0.060      7.881      0.000
    I9                 0.418      0.063      6.606      0.000
    I10                0.373      0.064      5.847      0.000
    I11                0.335      0.065      5.132      0.000
    I12                0.284      0.067      4.213      0.000

 TRAIT2   WITH
    TRAIT1             0.859      0.075     11.444      0.000

 Means
    TRAIT1            -0.107      0.130     -0.827      0.408
    TRAIT2            -0.010      0.151     -0.065      0.948

 Intercepts
    I1                 0.468      0.077      6.050      0.000
    I2                 0.516      0.055      9.359      0.000
    I3                 0.619      0.059     10.573      0.000
    I4                 0.733      0.063     11.560      0.000
    I5                 0.822      0.068     12.167      0.000
    I6                 0.940      0.065     14.418      0.000
    I7                 1.096      0.092     11.966      0.000
    I8                 1.329      0.077     17.278      0.000
    I9                 1.564      0.086     18.116      0.000
    I10                1.739      0.076     22.856      0.000
    I11                1.902      0.073     26.091      0.000
    I12                2.008      0.066     30.361      0.000

 Variances
    TRAIT1             1.000      0.000    999.000    999.000
    TRAIT2             1.000      0.000    999.000    999.000

 Residual Variances
    I1                 0.811      0.049     16.469      0.000
    I2                 0.864      0.046     18.622      0.000
    I3                 0.820      0.050     16.269      0.000
    I4                 0.785      0.053     14.849      0.000
    I5                 0.733      0.054     13.529      0.000
    I6                 0.684      0.052     13.173      0.000
    I7                 0.740      0.057     12.971      0.000
    I8                 0.774      0.057     13.528      0.000
    I9                 0.825      0.053     15.581      0.000
    I10                0.861      0.048     18.118      0.000
    I11                0.888      0.044     20.353      0.000
    I12                0.919      0.038     23.945      0.000


STDY Standardization

                                                    Two-Tailed
                    Estimate       S.E.  Est./S.E.    P-Value

Group G1

 TRAIT1   BY
    I1                 0.927      0.001    702.452      0.000
    I2                 0.635      0.083      7.655      0.000
    I3                 0.706      0.066     10.629      0.000
    I4                 0.783      0.046     17.071      0.000
    I5                 0.805      0.040     19.909      0.000
    I6                 0.562      0.046     12.180      0.000

 TRAIT2   BY
    I7                 0.927      0.001    702.452      0.000
    I8                 0.760      0.053     14.469      0.000
    I9                 0.755      0.054     14.074      0.000
    I10                0.524      0.116      4.534      0.000
    I11                0.625      0.082      7.616      0.000
    I12                0.407      0.128      3.191      0.001

 TRAIT2   WITH
    TRAIT1             0.983      0.011     90.623      0.000

 Means
    TRAIT1             0.000      0.000    999.000    999.000
    TRAIT2             0.000      0.000    999.000    999.000

 Intercepts
    I1                 0.196      0.032      6.128      0.000
    I2                 0.429      0.057      7.522      0.000
    I3                 0.484      0.063      7.651      0.000
    I4                 0.515      0.064      8.047      0.000
    I5                 0.570      0.068      8.413      0.000
    I6                 0.940      0.065     14.418      0.000
    I7                 0.479      0.036     13.224      0.000
    I8                 0.982      0.105      9.375      0.000
    I9                 1.129      0.109     10.362      0.000
    I10                1.597      0.139     11.453      0.000
    I11                1.576      0.140     11.277      0.000
    I12                1.913      0.129     14.809      0.000

 Variances
    TRAIT1             1.000      0.000    999.000    999.000
    TRAIT2             1.000      0.000    999.000    999.000

 Residual Variances
    I1                 0.141      0.002     57.865      0.000
    I2                 0.597      0.105      5.665      0.000
    I3                 0.501      0.094      5.335      0.000
    I4                 0.387      0.072      5.400      0.000
    I5                 0.352      0.065      5.413      0.000
    I6                 0.684      0.052     13.173      0.000
    I7                 0.141      0.002     57.865      0.000
    I8                 0.423      0.080      5.303      0.000
    I9                 0.430      0.081      5.314      0.000
    I10                0.726      0.121      5.997      0.000
    I11                0.610      0.103      5.948      0.000
    I12                0.834      0.104      8.037      0.000

Group G2

 TRAIT1   BY
    I1                 0.435      0.057      7.699      0.000
    I2                 0.369      0.063      5.872      0.000
    I3                 0.425      0.059      7.163      0.000
    I4                 0.463      0.057      8.112      0.000
    I5                 0.517      0.052      9.851      0.000
    I6                 0.562      0.046     12.180      0.000

 TRAIT2   BY
    I7                 0.510      0.056      9.122      0.000
    I8                 0.475      0.060      7.881      0.000
    I9                 0.418      0.063      6.606      0.000
    I10                0.373      0.064      5.847      0.000
    I11                0.335      0.065      5.132      0.000
    I12                0.284      0.067      4.213      0.000

 TRAIT2   WITH
    TRAIT1             0.859      0.075     11.444      0.000

 Means
    TRAIT1            -0.107      0.130     -0.827      0.408
    TRAIT2            -0.010      0.151     -0.065      0.948

 Intercepts
    I1                 0.468      0.077      6.050      0.000
    I2                 0.516      0.055      9.359      0.000
    I3                 0.619      0.059     10.573      0.000
    I4                 0.733      0.063     11.560      0.000
    I5                 0.822      0.068     12.167      0.000
    I6                 0.940      0.065     14.418      0.000
    I7                 1.096      0.092     11.966      0.000
    I8                 1.329      0.077     17.278      0.000
    I9                 1.564      0.086     18.116      0.000
    I10                1.739      0.076     22.856      0.000
    I11                1.902      0.073     26.091      0.000
    I12                2.008      0.066     30.361      0.000

 Variances
    TRAIT1             1.000      0.000    999.000    999.000
    TRAIT2             1.000      0.000    999.000    999.000

 Residual Variances
    I1                 0.811      0.049     16.469      0.000
    I2                 0.864      0.046     18.622      0.000
    I3                 0.820      0.050     16.269      0.000
    I4                 0.785      0.053     14.849      0.000
    I5                 0.733      0.054     13.529      0.000
    I6                 0.684      0.052     13.173      0.000
    I7                 0.740      0.057     12.971      0.000
    I8                 0.774      0.057     13.528      0.000
    I9                 0.825      0.053     15.581      0.000
    I10                0.861      0.048     18.118      0.000
    I11                0.888      0.044     20.353      0.000
    I12                0.919      0.038     23.945      0.000


STD Standardization

                                                    Two-Tailed
                    Estimate       S.E.  Est./S.E.    P-Value

Group G1

 TRAIT1   BY
    I1                 1.000      0.000    999.000    999.000
    I2                 0.334      0.073      4.585      0.000
    I3                 0.405      0.076      5.345      0.000
    I4                 0.510      0.077      6.657      0.000
    I5                 0.550      0.078      7.069      0.000
    I6                 0.276      0.033      8.403      0.000

 TRAIT2   BY
    I7                 1.000      0.000    999.000    999.000
    I8                 0.474      0.077      6.149      0.000
    I9                 0.467      0.077      6.092      0.000
    I10                0.250      0.076      3.292      0.001
    I11                0.325      0.070      4.655      0.000
    I12                0.181      0.068      2.664      0.008

 TRAIT2   WITH
    TRAIT1             0.983      0.011     90.623      0.000

 Means
    TRAIT1             0.000      0.000    999.000    999.000
    TRAIT2             0.000      0.000    999.000    999.000

 Intercepts
    I1                 0.211      0.034      6.128      0.000
    I2                 0.226      0.024      9.592      0.000
    I3                 0.278      0.026     10.890      0.000
    I4                 0.336      0.028     12.085      0.000
    I5                 0.390      0.030     13.121      0.000
    I6                 0.461      0.027     16.986      0.000
    I7                 0.517      0.039     13.226      0.000
    I8                 0.613      0.030     20.739      0.000
    I9                 0.699      0.028     25.084      0.000
    I10                0.761      0.024     31.853      0.000
    I11                0.819      0.024     34.243      0.000
    I12                0.850      0.021     39.680      0.000

 Variances
    TRAIT1             1.000      0.000    999.000    999.000
    TRAIT2             1.000      0.000    999.000    999.000

 Residual Variances
    I1                 0.165      0.003     49.680      0.000
    I2                 0.165      0.003     49.680      0.000
    I3                 0.165      0.003     49.680      0.000
    I4                 0.165      0.003     49.680      0.000
    I5                 0.165      0.003     49.680      0.000
    I6                 0.165      0.003     49.680      0.000
    I7                 0.165      0.003     49.680      0.000
    I8                 0.165      0.003     49.680      0.000
    I9                 0.165      0.003     49.680      0.000
    I10                0.165      0.003     49.680      0.000
    I11                0.165      0.003     49.680      0.000
    I12                0.165      0.003     49.680      0.000

Group G2

 TRAIT1   BY
    I1                 0.196      0.031      6.267      0.000
    I2                 0.161      0.032      5.089      0.000
    I3                 0.190      0.032      5.896      0.000
    I4                 0.212      0.033      6.402      0.000
    I5                 0.245      0.034      7.268      0.000
    I6                 0.276      0.033      8.403      0.000

 TRAIT2   BY
    I7                 0.241      0.035      6.792      0.000
    I8                 0.219      0.036      6.139      0.000
    I9                 0.187      0.034      5.476      0.000
    I10                0.163      0.032      5.050      0.000
    I11                0.144      0.032      4.569      0.000
    I12                0.120      0.031      3.877      0.000

 TRAIT2   WITH
    TRAIT1             0.859      0.075     11.444      0.000

 Means
    TRAIT1            -0.107      0.130     -0.827      0.408
    TRAIT2            -0.010      0.151     -0.065      0.948

 Intercepts
    I1                 0.211      0.034      6.128      0.000
    I2                 0.226      0.024      9.592      0.000
    I3                 0.278      0.026     10.890      0.000
    I4                 0.336      0.028     12.085      0.000
    I5                 0.390      0.030     13.121      0.000
    I6                 0.461      0.027     16.986      0.000
    I7                 0.517      0.039     13.226      0.000
    I8                 0.613      0.030     20.739      0.000
    I9                 0.699      0.028     25.084      0.000
    I10                0.761      0.024     31.853      0.000
    I11                0.819      0.024     34.243      0.000
    I12                0.850      0.021     39.680      0.000

 Variances
    TRAIT1             1.000      0.000    999.000    999.000
    TRAIT2             1.000      0.000    999.000    999.000

 Residual Variances
    I1                 0.165      0.003     49.680      0.000
    I2                 0.165      0.003     49.680      0.000
    I3                 0.165      0.003     49.680      0.000
    I4                 0.165      0.003     49.680      0.000
    I5                 0.165      0.003     49.680      0.000
    I6                 0.165      0.003     49.680      0.000
    I7                 0.165      0.003     49.680      0.000
    I8                 0.165      0.003     49.680      0.000
    I9                 0.165      0.003     49.680      0.000
    I10                0.165      0.003     49.680      0.000
    I11                0.165      0.003     49.680      0.000
    I12                0.165      0.003     49.680      0.000


R-SQUARE

Group G1

    Observed                                        Two-Tailed
    Variable        Estimate       S.E.  Est./S.E.    P-Value

    I1                 0.859      0.002    351.226      0.000
    I2                 0.403      0.105      3.827      0.000
    I3                 0.499      0.094      5.314      0.000
    I4                 0.613      0.072      8.536      0.000
    I5                 0.648      0.065      9.955      0.000
    I6                 0.316      0.052      6.090      0.000
    I7                 0.859      0.002    351.226      0.000
    I8                 0.577      0.080      7.235      0.000
    I9                 0.570      0.081      7.037      0.000
    I10                0.274      0.121      2.267      0.023
    I11                0.390      0.103      3.808      0.000
    I12                0.166      0.104      1.595      0.111

Group G2

    Observed                                        Two-Tailed
    Variable        Estimate       S.E.  Est./S.E.    P-Value

    I1                 0.189      0.049      3.849      0.000
    I2                 0.136      0.046      2.936      0.003
    I3                 0.180      0.050      3.581      0.000
    I4                 0.215      0.053      4.056      0.000
    I5                 0.267      0.054      4.926      0.000
    I6                 0.316      0.052      6.090      0.000
    I7                 0.260      0.057      4.561      0.000
    I8                 0.226      0.057      3.940      0.000
    I9                 0.175      0.053      3.303      0.001
    I10                0.139      0.048      2.924      0.003
    I11                0.112      0.044      2.566      0.010
    I12                0.081      0.038      2.107      0.035


QUALITY OF NUMERICAL RESULTS

     Condition Number for the Information Matrix              0.268E-03
       (ratio of smallest to largest eigenvalue)


MODEL MODIFICATION INDICES

Minimum M.I. value for printing the modification index    10.000

                                   M.I.     E.P.C.  Std E.P.C.  StdYX E.P.C.
Group G1


ON/BY Statements

I1       ON TRAIT1   /
TRAIT1   BY I1                    26.789    -0.186     -0.186       -0.172
I1       ON TRAIT2   /
TRAIT2   BY I1                    26.245    -0.185     -0.185       -0.172
TRAIT1   ON TRAIT1   /
TRAIT1   BY TRAIT1                22.074    -0.168     -0.168       -0.168
TRAIT1   ON TRAIT2   /
TRAIT2   BY TRAIT1                22.074    -0.171     -0.171       -0.171

ON Statements

TRAIT1   ON I1                    22.570    -0.144     -0.144       -0.155
TRAIT1   ON I3                    14.388    -0.213     -0.213       -0.122
TRAIT1   ON I4                    12.548    -0.178     -0.178       -0.116
TRAIT1   ON I5                    10.739    -0.157     -0.157       -0.108
TRAIT1   ON I7                    20.920    -0.157     -0.157       -0.170
TRAIT1   ON I8                    10.321    -0.158     -0.158       -0.099
TRAIT1   ON I9                    19.380    -0.213     -0.213       -0.132
I1       ON I1                    19.581    -0.130     -0.130       -0.130
I1       ON I3                    22.797    -0.263     -0.263       -0.139
I1       ON I4                    14.377    -0.185     -0.185       -0.112
I1       ON I5                    22.279    -0.217     -0.217       -0.138
I1       ON I6                    21.362    -0.260     -0.260       -0.118
I1       ON I7                    16.694    -0.129     -0.129       -0.129
I1       ON I8                    11.474    -0.152     -0.152       -0.088
I1       ON I9                    21.175    -0.198     -0.198       -0.113
I1       ON I11                   12.285    -0.152     -0.152       -0.073
I6       ON I6                    12.498     0.145      0.145        0.145
I10      ON I7                    14.152    -0.207     -0.207       -0.469

WITH Statements

I10      WITH I7                  18.890    -0.056     -0.056       -0.342

Variances/Residual Variances

TRAIT1                            22.076    -0.337     -0.337       -0.337
I6                                13.825     0.055      0.055        0.227
I12                               13.913    -0.054     -0.054       -0.275

Group G2


No modification indices above the minimum value.



     Beginning Time:  12:03:06
        Ending Time:  12:03:06
       Elapsed Time:  00:00:00



MUTHEN & MUTHEN
3463 Stoner Ave.
Los Angeles, CA  90066

Tel: (310) 391-9971
Fax: (310) 391-8971
Web: www.StatModel.com
Support: Support@StatModel.com

Copyright (c) 1998-2019 Muthen & Muthen
