Mplus VERSION 8.4
MUTHEN & MUTHEN
09/17/2023  12:02 PM

INPUT INSTRUCTIONS


  TITLE: TEST
  DATA: FILE IS exdat.csv;
  VARIABLE:
    Names ARE
  group
  i1 i2 i3 i4 i5 i6 i7 i8 i9 i10 i11 i12;
  USEVARIABLES ARE i1-i12;
  GROUPING IS group(1=G1, 2=G2)
  ANALYSIS:
  TYPE = GENERAL;
  PROCESSORS=6;
  OUTPUT:
  STANDARDIZED;
  MODINDICES (ALL);
  MODEL:
    trait1 BY
  i1 (a1)
  i2 (a2)
  i3 (a3)
  i4 (a4)
  i5 (a5)
  i6 (a6);
  trait2 BY
  i7 (a7)
  i8 (a8)
  i9 (a9)
  i10 (a10)
  i11 (a11)
  i12 (a12);
  i1-i12 (e);
  trait1 @ 1
  trait2 @ 1
  MODEL G1:
  MODEL G2:
    trait1 BY
  i1 (b1)
  i2 (b2)
  i3 (b3)
  i4 (b4)
  i5 (b5)
  i6 (a6);
  trait2 BY
  i7 (a7)
  i8 (b8)
  i9 (b9)
  i10 (b10)
  i11 (b11)
  i12 (b12);

  MODEL TEST:
  ! Testing Item 2 for DIF
  0 = a3 - b3;



INPUT READING TERMINATED NORMALLY



TEST

SUMMARY OF ANALYSIS

Number of groups                                                 2
Number of observations
   Group G1                                                    250
   Group G2                                                    250
   Total sample size                                           500

Number of dependent variables                                   12
Number of independent variables                                  0
Number of continuous latent variables                            2

Observed dependent variables

  Continuous
   I1          I2          I3          I4          I5          I6
   I7          I8          I9          I10         I11         I12

Continuous latent variables
   TRAIT1      TRAIT2

Variables with special functions

  Grouping variable     GROUP

Estimator                                                       ML
Information matrix                                        OBSERVED
Maximum number of iterations                                  1000
Convergence criterion                                    0.500D-04
Maximum number of steepest descent iterations                   20

Input data file(s)
  exdat.csv

Input data format  FREE



UNIVARIATE SAMPLE STATISTICS


     UNIVARIATE HIGHER-ORDER MOMENT DESCRIPTIVE STATISTICS FOR G1

         Variable/         Mean/     Skewness/   Minimum/ % with                Percentiles
        Sample Size      Variance    Kurtosis    Maximum  Min/Max      20%/60%    40%/80%    Median

     I1                    0.176       1.702       0.000   82.40%       0.000      0.000      0.000
             250.000       0.145       0.895       1.000   17.60%       0.000      0.000
     I2                    0.200       1.500       0.000   80.00%       0.000      0.000      0.000
             250.000       0.160       0.250       1.000   20.00%       0.000      0.000
     I3                    0.232       1.270       0.000   76.80%       0.000      0.000      0.000
             250.000       0.178      -0.388       1.000   23.20%       0.000      1.000
     I4                    0.308       0.832       0.000   69.20%       0.000      0.000      0.000
             250.000       0.213      -1.308       1.000   30.80%       0.000      1.000
     I5                    0.452       0.193       0.000   54.80%       0.000      0.000      0.000
             250.000       0.248      -1.963       1.000   45.20%       1.000      1.000
     I6                    0.452       0.193       0.000   54.80%       0.000      0.000      0.000
             250.000       0.248      -1.963       1.000   45.20%       1.000      1.000
     I7                    0.596      -0.391       0.000   40.40%       0.000      0.000      1.000
             250.000       0.241      -1.847       1.000   59.60%       1.000      1.000
     I8                    0.624      -0.512       0.000   37.60%       0.000      1.000      1.000
             250.000       0.235      -1.738       1.000   62.40%       1.000      1.000
     I9                    0.676      -0.752       0.000   32.40%       0.000      1.000      1.000
             250.000       0.219      -1.434       1.000   67.60%       1.000      1.000
     I10                   0.752      -1.167       0.000   24.80%       0.000      1.000      1.000
             250.000       0.186      -0.638       1.000   75.20%       1.000      1.000
     I11                   0.812      -1.597       0.000   18.80%       1.000      1.000      1.000
             250.000       0.153       0.551       1.000   81.20%       1.000      1.000
     I12                   0.836      -1.815       0.000   16.40%       1.000      1.000      1.000
             250.000       0.137       1.294       1.000   83.60%       1.000      1.000


     UNIVARIATE HIGHER-ORDER MOMENT DESCRIPTIVE STATISTICS FOR G2

         Variable/         Mean/     Skewness/   Minimum/ % with                Percentiles
        Sample Size      Variance    Kurtosis    Maximum  Min/Max      20%/60%    40%/80%    Median

     I1                    0.188       1.597       0.000   81.20%       0.000      0.000      0.000
             250.000       0.153       0.551       1.000   18.80%       0.000      0.000
     I2                    0.204       1.469       0.000   79.60%       0.000      0.000      0.000
             250.000       0.162       0.158       1.000   20.40%       0.000      1.000
     I3                    0.300       0.873       0.000   70.00%       0.000      0.000      0.000
             250.000       0.210      -1.238       1.000   30.00%       0.000      1.000
     I4                    0.328       0.733       0.000   67.20%       0.000      0.000      0.000
             250.000       0.220      -1.463       1.000   32.80%       0.000      1.000
     I5                    0.436       0.258       0.000   56.40%       0.000      0.000      0.000
             250.000       0.246      -1.933       1.000   43.60%       1.000      1.000
     I6                    0.464       0.144       0.000   53.60%       0.000      0.000      0.000
             250.000       0.249      -1.979       1.000   46.40%       1.000      1.000
     I7                    0.592      -0.374       0.000   40.80%       0.000      0.000      1.000
             250.000       0.242      -1.860       1.000   59.20%       1.000      1.000
     I8                    0.640      -0.583       0.000   36.00%       0.000      1.000      1.000
             250.000       0.230      -1.660       1.000   64.00%       1.000      1.000
     I9                    0.664      -0.694       0.000   33.60%       0.000      1.000      1.000
             250.000       0.223      -1.518       1.000   66.40%       1.000      1.000
     I10                   0.736      -1.071       0.000   26.40%       0.000      1.000      1.000
             250.000       0.194      -0.853       1.000   73.60%       1.000      1.000
     I11                   0.804      -1.532       0.000   19.60%       1.000      1.000      1.000
             250.000       0.158       0.346       1.000   80.40%       1.000      1.000
     I12                   0.864      -2.124       0.000   13.60%       1.000      1.000      1.000
             250.000       0.118       2.510       1.000   86.40%       1.000      1.000


THE MODEL ESTIMATION TERMINATED NORMALLY



MODEL FIT INFORMATION

Number of Free Parameters                       38

Loglikelihood

          H0 Value                       -3654.097
          H1 Value                       -3349.232

Information Criteria

          Akaike (AIC)                    7384.193
          Bayesian (BIC)                  7544.348
          Sample-Size Adjusted BIC        7423.734
            (n* = (n + 2) / 24)

Chi-Square Test of Model Fit

          Value                            609.728
          Degrees of Freedom                   142
          P-Value                           0.0000

Chi-Square Contribution From Each Group

          G1                               497.722
          G2                               112.006

RMSEA (Root Mean Square Error Of Approximation)

          Estimate                           0.115
          90 Percent C.I.                    0.105  0.124
          Probability RMSEA <= .05           0.000

CFI/TLI

          CFI                                0.000
          TLI                                0.000

Chi-Square Test of Model Fit for the Baseline Model

          Value                            492.738
          Degrees of Freedom                   132
          P-Value                           0.0000

SRMR (Standardized Root Mean Square Residual)

          Value                              0.669

Wald Test of Parameter Constraints

          Value                              4.709
          Degrees of Freedom                     1
          P-Value                           0.0300



MODEL RESULTS

                                                    Two-Tailed
                    Estimate       S.E.  Est./S.E.    P-Value

Group G1

 TRAIT1   BY
    I1                 1.000      0.000    999.000    999.000
    I2                 0.378      0.076      4.999      0.000
    I3                 0.338      0.078      4.314      0.000
    I4                 0.406      0.082      4.944      0.000
    I5                 0.431      0.086      4.981      0.000
    I6                 0.297      0.033      9.058      0.000

 TRAIT2   BY
    I7                 1.000      0.000    999.000    999.000
    I8                 0.573      0.080      7.138      0.000
    I9                 0.374      0.081      4.621      0.000
    I10                0.309      0.077      4.015      0.000
    I11                0.298      0.074      4.024      0.000
    I12                0.272      0.073      3.716      0.000

 TRAIT2   WITH
    TRAIT1             0.988      0.011     89.773      0.000

 Means
    TRAIT1             0.000      0.000    999.000    999.000
    TRAIT2             0.000      0.000    999.000    999.000

 Intercepts
    I1                 0.186      0.031      6.104      0.000
    I2                 0.202      0.023      8.925      0.000
    I3                 0.266      0.023     11.677      0.000
    I4                 0.319      0.023     13.956      0.000
    I5                 0.443      0.026     16.888      0.000
    I6                 0.455      0.027     16.559      0.000
    I7                 0.608      0.035     17.593      0.000
    I8                 0.642      0.028     23.253      0.000
    I9                 0.679      0.027     24.882      0.000
    I10                0.752      0.024     30.734      0.000
    I11                0.814      0.023     35.599      0.000
    I12                0.853      0.020     43.207      0.000

 Variances
    TRAIT1             1.000      0.000    999.000    999.000
    TRAIT2             1.000      0.000    999.000    999.000

 Residual Variances
    I1                 0.170      0.003     49.534      0.000
    I2                 0.170      0.003     49.534      0.000
    I3                 0.170      0.003     49.534      0.000
    I4                 0.170      0.003     49.534      0.000
    I5                 0.170      0.003     49.534      0.000
    I6                 0.170      0.003     49.534      0.000
    I7                 0.170      0.003     49.534      0.000
    I8                 0.170      0.003     49.534      0.000
    I9                 0.170      0.003     49.534      0.000
    I10                0.170      0.003     49.534      0.000
    I11                0.170      0.003     49.534      0.000
    I12                0.170      0.003     49.534      0.000

Group G2

 TRAIT1   BY
    I1                 0.161      0.031      5.114      0.000
    I2                 0.139      0.032      4.342      0.000
    I3                 0.151      0.035      4.374      0.000
    I4                 0.135      0.035      3.866      0.000
    I5                 0.230      0.036      6.472      0.000
    I6                 0.297      0.033      9.058      0.000

 TRAIT2   BY
    I7                 0.211      0.036      5.839      0.000
    I8                 0.183      0.035      5.180      0.000
    I9                 0.226      0.034      6.597      0.000
    I10                0.177      0.034      5.246      0.000
    I11                0.140      0.032      4.402      0.000
    I12                0.041      0.031      1.343      0.179

 TRAIT2   WITH
    TRAIT1             0.903      0.085     10.627      0.000

 Means
    TRAIT1             0.035      0.127      0.278      0.781
    TRAIT2            -0.060      0.145     -0.411      0.681

 Intercepts
    I1                 0.186      0.031      6.104      0.000
    I2                 0.202      0.023      8.925      0.000
    I3                 0.266      0.023     11.677      0.000
    I4                 0.319      0.023     13.956      0.000
    I5                 0.443      0.026     16.888      0.000
    I6                 0.455      0.027     16.559      0.000
    I7                 0.608      0.035     17.593      0.000
    I8                 0.642      0.028     23.253      0.000
    I9                 0.679      0.027     24.882      0.000
    I10                0.752      0.024     30.734      0.000
    I11                0.814      0.023     35.599      0.000
    I12                0.853      0.020     43.207      0.000

 Variances
    TRAIT1             1.000      0.000    999.000    999.000
    TRAIT2             1.000      0.000    999.000    999.000

 Residual Variances
    I1                 0.170      0.003     49.534      0.000
    I2                 0.170      0.003     49.534      0.000
    I3                 0.170      0.003     49.534      0.000
    I4                 0.170      0.003     49.534      0.000
    I5                 0.170      0.003     49.534      0.000
    I6                 0.170      0.003     49.534      0.000
    I7                 0.170      0.003     49.534      0.000
    I8                 0.170      0.003     49.534      0.000
    I9                 0.170      0.003     49.534      0.000
    I10                0.170      0.003     49.534      0.000
    I11                0.170      0.003     49.534      0.000
    I12                0.170      0.003     49.534      0.000


STANDARDIZED MODEL RESULTS


STDYX Standardization

                                                    Two-Tailed
                    Estimate       S.E.  Est./S.E.    P-Value

Group G1

 TRAIT1   BY
    I1                 0.924      0.001    680.146      0.000
    I2                 0.675      0.074      9.152      0.000
    I3                 0.634      0.088      7.185      0.000
    I4                 0.701      0.072      9.669      0.000
    I5                 0.722      0.070     10.339      0.000
    I6                 0.585      0.043     13.614      0.000

 TRAIT2   BY
    I7                 0.924      0.001    680.146      0.000
    I8                 0.811      0.039     20.747      0.000
    I9                 0.672      0.080      8.401      0.000
    I10                0.599      0.096      6.243      0.000
    I11                0.585      0.096      6.102      0.000
    I12                0.550      0.103      5.317      0.000

 TRAIT2   WITH
    TRAIT1             0.988      0.011     89.773      0.000

 Means
    TRAIT1             0.000      0.000    999.000    999.000
    TRAIT2             0.000      0.000    999.000    999.000

 Intercepts
    I1                 0.172      0.028      6.103      0.000
    I2                 0.361      0.052      7.008      0.000
    I3                 0.498      0.060      8.283      0.000
    I4                 0.550      0.066      8.335      0.000
    I5                 0.743      0.089      8.321      0.000
    I6                 0.894      0.063     14.126      0.000
    I7                 0.562      0.032     17.584      0.000
    I8                 0.908      0.090     10.049      0.000
    I9                 1.219      0.127      9.597      0.000
    I10                1.458      0.138     10.602      0.000
    I11                1.600      0.142     11.268      0.000
    I12                1.726      0.144     11.946      0.000

 Variances
    TRAIT1             1.000      0.000    999.000    999.000
    TRAIT2             1.000      0.000    999.000    999.000

 Residual Variances
    I1                 0.146      0.003     57.980      0.000
    I2                 0.544      0.100      5.455      0.000
    I3                 0.598      0.112      5.352      0.000
    I4                 0.509      0.102      5.004      0.000
    I5                 0.479      0.101      4.751      0.000
    I6                 0.658      0.050     13.117      0.000
    I7                 0.146      0.003     57.980      0.000
    I8                 0.342      0.063      5.382      0.000
    I9                 0.549      0.107      5.107      0.000
    I10                0.642      0.115      5.590      0.000
    I11                0.658      0.112      5.866      0.000
    I12                0.698      0.114      6.139      0.000

Group G2

 TRAIT1   BY
    I1                 0.363      0.062      5.873      0.000
    I2                 0.320      0.066      4.823      0.000
    I3                 0.344      0.070      4.950      0.000
    I4                 0.312      0.073      4.272      0.000
    I5                 0.487      0.058      8.431      0.000
    I6                 0.585      0.043     13.614      0.000

 TRAIT2   BY
    I7                 0.454      0.062      7.314      0.000
    I8                 0.406      0.066      6.174      0.000
    I9                 0.479      0.056      8.519      0.000
    I10                0.394      0.064      6.178      0.000
    I11                0.321      0.066      4.896      0.000
    I12                0.099      0.073      1.356      0.175

 TRAIT2   WITH
    TRAIT1             0.903      0.085     10.627      0.000

 Means
    TRAIT1             0.035      0.127      0.278      0.781
    TRAIT2            -0.060      0.145     -0.411      0.681

 Intercepts
    I1                 0.421      0.070      6.011      0.000
    I2                 0.464      0.054      8.672      0.000
    I3                 0.604      0.056     10.758      0.000
    I4                 0.733      0.057     12.931      0.000
    I5                 0.937      0.064     14.589      0.000
    I6                 0.894      0.063     14.126      0.000
    I7                 1.311      0.086     15.295      0.000
    I8                 1.421      0.077     18.444      0.000
    I9                 1.444      0.076     18.929      0.000
    I10                1.673      0.072     23.103      0.000
    I11                1.868      0.069     27.156      0.000
    I12                2.056      0.054     38.261      0.000

 Variances
    TRAIT1             1.000      0.000    999.000    999.000
    TRAIT2             1.000      0.000    999.000    999.000

 Residual Variances
    I1                 0.868      0.045     19.355      0.000
    I2                 0.898      0.042     21.194      0.000
    I3                 0.881      0.048     18.398      0.000
    I4                 0.903      0.046     19.836      0.000
    I5                 0.763      0.056     13.546      0.000
    I6                 0.658      0.050     13.117      0.000
    I7                 0.793      0.056     14.049      0.000
    I8                 0.836      0.053     15.681      0.000
    I9                 0.770      0.054     14.280      0.000
    I10                0.845      0.050     16.852      0.000
    I11                0.897      0.042     21.349      0.000
    I12                0.990      0.014     68.581      0.000


STDY Standardization

                                                    Two-Tailed
                    Estimate       S.E.  Est./S.E.    P-Value

Group G1

 TRAIT1   BY
    I1                 0.924      0.001    680.146      0.000
    I2                 0.675      0.074      9.152      0.000
    I3                 0.634      0.088      7.185      0.000
    I4                 0.701      0.072      9.669      0.000
    I5                 0.722      0.070     10.339      0.000
    I6                 0.585      0.043     13.614      0.000

 TRAIT2   BY
    I7                 0.924      0.001    680.146      0.000
    I8                 0.811      0.039     20.747      0.000
    I9                 0.672      0.080      8.401      0.000
    I10                0.599      0.096      6.243      0.000
    I11                0.585      0.096      6.102      0.000
    I12                0.550      0.103      5.317      0.000

 TRAIT2   WITH
    TRAIT1             0.988      0.011     89.773      0.000

 Means
    TRAIT1             0.000      0.000    999.000    999.000
    TRAIT2             0.000      0.000    999.000    999.000

 Intercepts
    I1                 0.172      0.028      6.103      0.000
    I2                 0.361      0.052      7.008      0.000
    I3                 0.498      0.060      8.283      0.000
    I4                 0.550      0.066      8.335      0.000
    I5                 0.743      0.089      8.321      0.000
    I6                 0.894      0.063     14.126      0.000
    I7                 0.562      0.032     17.584      0.000
    I8                 0.908      0.090     10.049      0.000
    I9                 1.219      0.127      9.597      0.000
    I10                1.458      0.138     10.602      0.000
    I11                1.600      0.142     11.268      0.000
    I12                1.726      0.144     11.946      0.000

 Variances
    TRAIT1             1.000      0.000    999.000    999.000
    TRAIT2             1.000      0.000    999.000    999.000

 Residual Variances
    I1                 0.146      0.003     57.980      0.000
    I2                 0.544      0.100      5.455      0.000
    I3                 0.598      0.112      5.352      0.000
    I4                 0.509      0.102      5.004      0.000
    I5                 0.479      0.101      4.751      0.000
    I6                 0.658      0.050     13.117      0.000
    I7                 0.146      0.003     57.980      0.000
    I8                 0.342      0.063      5.382      0.000
    I9                 0.549      0.107      5.107      0.000
    I10                0.642      0.115      5.590      0.000
    I11                0.658      0.112      5.866      0.000
    I12                0.698      0.114      6.139      0.000

Group G2

 TRAIT1   BY
    I1                 0.363      0.062      5.873      0.000
    I2                 0.320      0.066      4.823      0.000
    I3                 0.344      0.070      4.950      0.000
    I4                 0.312      0.073      4.272      0.000
    I5                 0.487      0.058      8.431      0.000
    I6                 0.585      0.043     13.614      0.000

 TRAIT2   BY
    I7                 0.454      0.062      7.314      0.000
    I8                 0.406      0.066      6.174      0.000
    I9                 0.479      0.056      8.519      0.000
    I10                0.394      0.064      6.178      0.000
    I11                0.321      0.066      4.896      0.000
    I12                0.099      0.073      1.356      0.175

 TRAIT2   WITH
    TRAIT1             0.903      0.085     10.627      0.000

 Means
    TRAIT1             0.035      0.127      0.278      0.781
    TRAIT2            -0.060      0.145     -0.411      0.681

 Intercepts
    I1                 0.421      0.070      6.011      0.000
    I2                 0.464      0.054      8.672      0.000
    I3                 0.604      0.056     10.758      0.000
    I4                 0.733      0.057     12.931      0.000
    I5                 0.937      0.064     14.589      0.000
    I6                 0.894      0.063     14.126      0.000
    I7                 1.311      0.086     15.295      0.000
    I8                 1.421      0.077     18.444      0.000
    I9                 1.444      0.076     18.929      0.000
    I10                1.673      0.072     23.103      0.000
    I11                1.868      0.069     27.156      0.000
    I12                2.056      0.054     38.261      0.000

 Variances
    TRAIT1             1.000      0.000    999.000    999.000
    TRAIT2             1.000      0.000    999.000    999.000

 Residual Variances
    I1                 0.868      0.045     19.355      0.000
    I2                 0.898      0.042     21.194      0.000
    I3                 0.881      0.048     18.398      0.000
    I4                 0.903      0.046     19.836      0.000
    I5                 0.763      0.056     13.546      0.000
    I6                 0.658      0.050     13.117      0.000
    I7                 0.793      0.056     14.049      0.000
    I8                 0.836      0.053     15.681      0.000
    I9                 0.770      0.054     14.280      0.000
    I10                0.845      0.050     16.852      0.000
    I11                0.897      0.042     21.349      0.000
    I12                0.990      0.014     68.581      0.000


STD Standardization

                                                    Two-Tailed
                    Estimate       S.E.  Est./S.E.    P-Value

Group G1

 TRAIT1   BY
    I1                 1.000      0.000    999.000    999.000
    I2                 0.378      0.076      4.999      0.000
    I3                 0.338      0.078      4.314      0.000
    I4                 0.406      0.082      4.944      0.000
    I5                 0.431      0.086      4.981      0.000
    I6                 0.297      0.033      9.058      0.000

 TRAIT2   BY
    I7                 1.000      0.000    999.000    999.000
    I8                 0.573      0.080      7.138      0.000
    I9                 0.374      0.081      4.621      0.000
    I10                0.309      0.077      4.015      0.000
    I11                0.298      0.074      4.024      0.000
    I12                0.272      0.073      3.716      0.000

 TRAIT2   WITH
    TRAIT1             0.988      0.011     89.773      0.000

 Means
    TRAIT1             0.000      0.000    999.000    999.000
    TRAIT2             0.000      0.000    999.000    999.000

 Intercepts
    I1                 0.186      0.031      6.104      0.000
    I2                 0.202      0.023      8.925      0.000
    I3                 0.266      0.023     11.677      0.000
    I4                 0.319      0.023     13.956      0.000
    I5                 0.443      0.026     16.888      0.000
    I6                 0.455      0.027     16.559      0.000
    I7                 0.608      0.035     17.593      0.000
    I8                 0.642      0.028     23.253      0.000
    I9                 0.679      0.027     24.882      0.000
    I10                0.752      0.024     30.734      0.000
    I11                0.814      0.023     35.599      0.000
    I12                0.853      0.020     43.207      0.000

 Variances
    TRAIT1             1.000      0.000    999.000    999.000
    TRAIT2             1.000      0.000    999.000    999.000

 Residual Variances
    I1                 0.170      0.003     49.534      0.000
    I2                 0.170      0.003     49.534      0.000
    I3                 0.170      0.003     49.534      0.000
    I4                 0.170      0.003     49.534      0.000
    I5                 0.170      0.003     49.534      0.000
    I6                 0.170      0.003     49.534      0.000
    I7                 0.170      0.003     49.534      0.000
    I8                 0.170      0.003     49.534      0.000
    I9                 0.170      0.003     49.534      0.000
    I10                0.170      0.003     49.534      0.000
    I11                0.170      0.003     49.534      0.000
    I12                0.170      0.003     49.534      0.000

Group G2

 TRAIT1   BY
    I1                 0.161      0.031      5.114      0.000
    I2                 0.139      0.032      4.342      0.000
    I3                 0.151      0.035      4.374      0.000
    I4                 0.135      0.035      3.866      0.000
    I5                 0.230      0.036      6.472      0.000
    I6                 0.297      0.033      9.058      0.000

 TRAIT2   BY
    I7                 0.211      0.036      5.839      0.000
    I8                 0.183      0.035      5.180      0.000
    I9                 0.226      0.034      6.597      0.000
    I10                0.177      0.034      5.246      0.000
    I11                0.140      0.032      4.402      0.000
    I12                0.041      0.031      1.343      0.179

 TRAIT2   WITH
    TRAIT1             0.903      0.085     10.627      0.000

 Means
    TRAIT1             0.035      0.127      0.278      0.781
    TRAIT2            -0.060      0.145     -0.411      0.681

 Intercepts
    I1                 0.186      0.031      6.104      0.000
    I2                 0.202      0.023      8.925      0.000
    I3                 0.266      0.023     11.677      0.000
    I4                 0.319      0.023     13.956      0.000
    I5                 0.443      0.026     16.888      0.000
    I6                 0.455      0.027     16.559      0.000
    I7                 0.608      0.035     17.593      0.000
    I8                 0.642      0.028     23.253      0.000
    I9                 0.679      0.027     24.882      0.000
    I10                0.752      0.024     30.734      0.000
    I11                0.814      0.023     35.599      0.000
    I12                0.853      0.020     43.207      0.000

 Variances
    TRAIT1             1.000      0.000    999.000    999.000
    TRAIT2             1.000      0.000    999.000    999.000

 Residual Variances
    I1                 0.170      0.003     49.534      0.000
    I2                 0.170      0.003     49.534      0.000
    I3                 0.170      0.003     49.534      0.000
    I4                 0.170      0.003     49.534      0.000
    I5                 0.170      0.003     49.534      0.000
    I6                 0.170      0.003     49.534      0.000
    I7                 0.170      0.003     49.534      0.000
    I8                 0.170      0.003     49.534      0.000
    I9                 0.170      0.003     49.534      0.000
    I10                0.170      0.003     49.534      0.000
    I11                0.170      0.003     49.534      0.000
    I12                0.170      0.003     49.534      0.000


R-SQUARE

Group G1

    Observed                                        Two-Tailed
    Variable        Estimate       S.E.  Est./S.E.    P-Value

    I1                 0.854      0.003    340.073      0.000
    I2                 0.456      0.100      4.576      0.000
    I3                 0.402      0.112      3.592      0.000
    I4                 0.491      0.102      4.835      0.000
    I5                 0.521      0.101      5.170      0.000
    I6                 0.342      0.050      6.807      0.000
    I7                 0.854      0.003    340.073      0.000
    I8                 0.658      0.063     10.373      0.000
    I9                 0.451      0.107      4.201      0.000
    I10                0.358      0.115      3.122      0.002
    I11                0.342      0.112      3.051      0.002
    I12                0.302      0.114      2.659      0.008

Group G2

    Observed                                        Two-Tailed
    Variable        Estimate       S.E.  Est./S.E.    P-Value

    I1                 0.132      0.045      2.937      0.003
    I2                 0.102      0.042      2.412      0.016
    I3                 0.119      0.048      2.475      0.013
    I4                 0.097      0.046      2.136      0.033
    I5                 0.237      0.056      4.216      0.000
    I6                 0.342      0.050      6.807      0.000
    I7                 0.207      0.056      3.657      0.000
    I8                 0.164      0.053      3.087      0.002
    I9                 0.230      0.054      4.259      0.000
    I10                0.155      0.050      3.089      0.002
    I11                0.103      0.042      2.448      0.014
    I12                0.010      0.014      0.678      0.498


QUALITY OF NUMERICAL RESULTS

     Condition Number for the Information Matrix              0.326E-03
       (ratio of smallest to largest eigenvalue)


MODEL MODIFICATION INDICES

Minimum M.I. value for printing the modification index    10.000

                                   M.I.     E.P.C.  Std E.P.C.  StdYX E.P.C.
Group G1


ON/BY Statements

I1       ON TRAIT1   /
TRAIT1   BY I1                    24.150    -0.177     -0.177       -0.164
I1       ON TRAIT2   /
TRAIT2   BY I1                    23.170    -0.175     -0.175       -0.161
TRAIT1   ON TRAIT1   /
TRAIT1   BY TRAIT1                21.289    -0.166     -0.166       -0.166
TRAIT1   ON TRAIT2   /
TRAIT2   BY TRAIT1                21.289    -0.168     -0.168       -0.168

ON Statements

TRAIT1   ON I1                    25.347    -0.153     -0.153       -0.165
TRAIT1   ON I7                    19.010    -0.147     -0.147       -0.159
TRAIT1   ON I8                    11.079    -0.147     -0.147       -0.104
TRAIT2   ON I5                    10.239    -0.170     -0.170       -0.102
I1       ON I1                    18.301    -0.127     -0.127       -0.127
I1       ON I3                    11.973    -0.205     -0.205       -0.101
I1       ON I4                    20.414    -0.246     -0.246       -0.132
I1       ON I5                    15.891    -0.202     -0.202       -0.111
I1       ON I6                    11.663    -0.191     -0.191       -0.090
I1       ON I7                    10.892    -0.103     -0.103       -0.103
I1       ON I8                    11.942    -0.143     -0.143       -0.093
I5       ON I5                    11.424     0.147      0.147        0.147
I6       ON I6                    12.166     0.144      0.144        0.144
I7       ON I9                    10.644    -0.148     -0.148       -0.076

WITH Statements

I1       WITH TRAIT1              15.325    -0.070     -0.070       -0.168
I9       WITH I7                  12.259    -0.047     -0.047       -0.278

Variances/Residual Variances

TRAIT1                            21.288    -0.332     -0.332       -0.332
I5                                10.981     0.053      0.053        0.148
I6                                12.729     0.055      0.055        0.211

Group G2


Variances/Residual Variances

I12                               13.585    -0.055     -0.055       -0.320



     Beginning Time:  12:02:59
        Ending Time:  12:02:59
       Elapsed Time:  00:00:00



MUTHEN & MUTHEN
3463 Stoner Ave.
Los Angeles, CA  90066

Tel: (310) 391-9971
Fax: (310) 391-8971
Web: www.StatModel.com
Support: Support@StatModel.com

Copyright (c) 1998-2019 Muthen & Muthen
