Mplus VERSION 8.4
MUTHEN & MUTHEN
09/17/2023  12:03 PM

INPUT INSTRUCTIONS


  TITLE: TEST
  DATA: FILE IS exdat.csv;
  VARIABLE:
    Names ARE
  group
  i1 i2 i3 i4 i5 i6 i7 i8 i9 i10 i11 i12;
  USEVARIABLES ARE i1-i12;
  GROUPING IS group(1=G1, 2=G2)
  ANALYSIS:
  TYPE = GENERAL;
  PROCESSORS=6;
  OUTPUT:
  STANDARDIZED;
  MODINDICES (ALL);
  MODEL:
    trait1 BY
  i1 (a1)
  i2 (a2)
  i3 (a3)
  i4 (a4)
  i5 (a5)
  i6 (a6);
  trait2 BY
  i7 (a7)
  i8 (a8)
  i9 (a9)
  i10 (a10)
  i11 (a11)
  i12 (a12);
  i1-i12 (e);
  trait1 @ 1
  trait2 @ 1
  MODEL G1:
  MODEL G2:
    trait1 BY
  i1 (b1)
  i2 (b2)
  i3 (b3)
  i4 (b4)
  i5 (b5)
  i6 (a6);
  trait2 BY
  i7 (a7)
  i8 (b8)
  i9 (b9)
  i10 (b10)
  i11 (b11)
  i12 (b12);

  MODEL TEST:
  ! Testing Item 2 for DIF
  0 = a3 - b3;



INPUT READING TERMINATED NORMALLY



TEST

SUMMARY OF ANALYSIS

Number of groups                                                 2
Number of observations
   Group G1                                                    250
   Group G2                                                    250
   Total sample size                                           500

Number of dependent variables                                   12
Number of independent variables                                  0
Number of continuous latent variables                            2

Observed dependent variables

  Continuous
   I1          I2          I3          I4          I5          I6
   I7          I8          I9          I10         I11         I12

Continuous latent variables
   TRAIT1      TRAIT2

Variables with special functions

  Grouping variable     GROUP

Estimator                                                       ML
Information matrix                                        OBSERVED
Maximum number of iterations                                  1000
Convergence criterion                                    0.500D-04
Maximum number of steepest descent iterations                   20

Input data file(s)
  exdat.csv

Input data format  FREE



UNIVARIATE SAMPLE STATISTICS


     UNIVARIATE HIGHER-ORDER MOMENT DESCRIPTIVE STATISTICS FOR G1

         Variable/         Mean/     Skewness/   Minimum/ % with                Percentiles
        Sample Size      Variance    Kurtosis    Maximum  Min/Max      20%/60%    40%/80%    Median

     I1                    0.144       2.028       0.000   85.60%       0.000      0.000      0.000
             250.000       0.123       2.113       1.000   14.40%       0.000      0.000
     I2                    0.204       1.469       0.000   79.60%       0.000      0.000      0.000
             250.000       0.162       0.158       1.000   20.40%       0.000      1.000
     I3                    0.276       1.002       0.000   72.40%       0.000      0.000      0.000
             250.000       0.200      -0.996       1.000   27.60%       0.000      1.000
     I4                    0.308       0.832       0.000   69.20%       0.000      0.000      0.000
             250.000       0.213      -1.308       1.000   30.80%       0.000      1.000
     I5                    0.384       0.477       0.000   61.60%       0.000      0.000      0.000
             250.000       0.237      -1.772       1.000   38.40%       0.000      1.000
     I6                    0.444       0.225       0.000   55.60%       0.000      0.000      0.000
             250.000       0.247      -1.949       1.000   44.40%       1.000      1.000
     I7                    0.568      -0.275       0.000   43.20%       0.000      0.000      1.000
             250.000       0.245      -1.925       1.000   56.80%       1.000      1.000
     I8                    0.608      -0.442       0.000   39.20%       0.000      1.000      1.000
             250.000       0.238      -1.804       1.000   60.80%       1.000      1.000
     I9                    0.676      -0.752       0.000   32.40%       0.000      1.000      1.000
             250.000       0.219      -1.434       1.000   67.60%       1.000      1.000
     I10                   0.768      -1.270       0.000   23.20%       0.000      1.000      1.000
             250.000       0.178      -0.388       1.000   76.80%       1.000      1.000
     I11                   0.772      -1.297       0.000   22.80%       0.000      1.000      1.000
             250.000       0.176      -0.319       1.000   77.20%       1.000      1.000
     I12                   0.844      -1.896       0.000   15.60%       1.000      1.000      1.000
             250.000       0.132       1.595       1.000   84.40%       1.000      1.000


     UNIVARIATE HIGHER-ORDER MOMENT DESCRIPTIVE STATISTICS FOR G2

         Variable/         Mean/     Skewness/   Minimum/ % with                Percentiles
        Sample Size      Variance    Kurtosis    Maximum  Min/Max      20%/60%    40%/80%    Median

     I1                    0.228       1.297       0.000   77.20%       0.000      0.000      0.000
             250.000       0.176      -0.319       1.000   22.80%       0.000      1.000
     I2                    0.200       1.500       0.000   80.00%       0.000      0.000      0.000
             250.000       0.160       0.250       1.000   20.00%       0.000      0.000
     I3                    0.240       1.218       0.000   76.00%       0.000      0.000      0.000
             250.000       0.182      -0.518       1.000   24.00%       0.000      1.000
     I4                    0.328       0.733       0.000   67.20%       0.000      0.000      0.000
             250.000       0.220      -1.463       1.000   32.80%       0.000      1.000
     I5                    0.404       0.391       0.000   59.60%       0.000      0.000      0.000
             250.000       0.241      -1.847       1.000   40.40%       1.000      1.000
     I6                    0.480       0.080       0.000   52.00%       0.000      0.000      0.000
             250.000       0.250      -1.994       1.000   48.00%       1.000      1.000
     I7                    0.556      -0.225       0.000   44.40%       0.000      0.000      1.000
             250.000       0.247      -1.949       1.000   55.60%       1.000      1.000
     I8                    0.620      -0.494       0.000   38.00%       0.000      1.000      1.000
             250.000       0.236      -1.756       1.000   62.00%       1.000      1.000
     I9                    0.652      -0.638       0.000   34.80%       0.000      1.000      1.000
             250.000       0.227      -1.593       1.000   65.20%       1.000      1.000
     I10                   0.776      -1.324       0.000   22.40%       0.000      1.000      1.000
             250.000       0.174      -0.247       1.000   77.60%       1.000      1.000
     I11                   0.784      -1.380       0.000   21.60%       0.000      1.000      1.000
             250.000       0.169      -0.095       1.000   78.40%       1.000      1.000
     I12                   0.816      -1.631       0.000   18.40%       1.000      1.000      1.000
             250.000       0.150       0.660       1.000   81.60%       1.000      1.000


THE MODEL ESTIMATION TERMINATED NORMALLY

     WARNING:  THE LATENT VARIABLE COVARIANCE MATRIX (PSI) IN GROUP G1
     IS NOT POSITIVE DEFINITE.  THIS COULD INDICATE A NEGATIVE VARIANCE/
     RESIDUAL VARIANCE FOR A LATENT VARIABLE, A CORRELATION GREATER OR EQUAL
     TO ONE BETWEEN TWO LATENT VARIABLES, OR A LINEAR DEPENDENCY AMONG MORE
     THAN TWO LATENT VARIABLES.  CHECK THE TECH4 OUTPUT FOR MORE INFORMATION.
     PROBLEM INVOLVING VARIABLE TRAIT2.




MODEL FIT INFORMATION

Number of Free Parameters                       38

Loglikelihood

          H0 Value                       -3636.160
          H1 Value                       -3335.564

Information Criteria

          Akaike (AIC)                    7348.321
          Bayesian (BIC)                  7508.476
          Sample-Size Adjusted BIC        7387.862
            (n* = (n + 2) / 24)

Chi-Square Test of Model Fit

          Value                            601.193
          Degrees of Freedom                   142
          P-Value                           0.0000

Chi-Square Contribution From Each Group

          G1                               503.309
          G2                                97.885

RMSEA (Root Mean Square Error Of Approximation)

          Estimate                           0.114
          90 Percent C.I.                    0.104  0.123
          Probability RMSEA <= .05           0.000

CFI/TLI

          CFI                                0.000
          TLI                                0.050

Chi-Square Test of Model Fit for the Baseline Model

          Value                            581.140
          Degrees of Freedom                   132
          P-Value                           0.0000

SRMR (Standardized Root Mean Square Residual)

          Value                              0.761

Wald Test of Parameter Constraints

          Value                              6.285
          Degrees of Freedom                     1
          P-Value                           0.0122



MODEL RESULTS

                                                    Two-Tailed
                    Estimate       S.E.  Est./S.E.    P-Value

Group G1

 TRAIT1   BY
    I1                 1.000      0.000    999.000    999.000
    I2                 0.354      0.075      4.703      0.000
    I3                 0.340      0.079      4.327      0.000
    I4                 0.513      0.078      6.555      0.000
    I5                 0.545      0.080      6.788      0.000
    I6                 0.287      0.032      8.879      0.000

 TRAIT2   BY
    I7                 1.000      0.000    999.000    999.000
    I8                 0.526      0.081      6.481      0.000
    I9                 0.475      0.079      5.996      0.000
    I10                0.381      0.076      5.002      0.000
    I11                0.435      0.076      5.723      0.000
    I12                0.220      0.073      3.011      0.003

 TRAIT2   WITH
    TRAIT1             1.002      0.009    116.846      0.000

 Means
    TRAIT1             0.000      0.000    999.000    999.000
    TRAIT2             0.000      0.000    999.000    999.000

 Intercepts
    I1                 0.202      0.034      5.937      0.000
    I2                 0.206      0.024      8.641      0.000
    I3                 0.262      0.023     11.538      0.000
    I4                 0.325      0.027     11.900      0.000
    I5                 0.401      0.029     13.930      0.000
    I6                 0.463      0.029     16.044      0.000
    I7                 0.597      0.039     15.125      0.000
    I8                 0.639      0.031     20.857      0.000
    I9                 0.686      0.029     23.855      0.000
    I10                0.790      0.025     31.191      0.000
    I11                0.794      0.024     32.578      0.000
    I12                0.843      0.022     37.486      0.000

 Variances
    TRAIT1             1.000      0.000    999.000    999.000
    TRAIT2             1.000      0.000    999.000    999.000

 Residual Variances
    I1                 0.170      0.003     49.536      0.000
    I2                 0.170      0.003     49.536      0.000
    I3                 0.170      0.003     49.536      0.000
    I4                 0.170      0.003     49.536      0.000
    I5                 0.170      0.003     49.536      0.000
    I6                 0.170      0.003     49.536      0.000
    I7                 0.170      0.003     49.536      0.000
    I8                 0.170      0.003     49.536      0.000
    I9                 0.170      0.003     49.536      0.000
    I10                0.170      0.003     49.536      0.000
    I11                0.170      0.003     49.536      0.000
    I12                0.170      0.003     49.536      0.000

Group G2

 TRAIT1   BY
    I1                 0.176      0.032      5.488      0.000
    I2                 0.151      0.032      4.770      0.000
    I3                 0.126      0.033      3.867      0.000
    I4                 0.186      0.033      5.559      0.000
    I5                 0.210      0.035      5.927      0.000
    I6                 0.287      0.032      8.879      0.000

 TRAIT2   BY
    I7                 0.251      0.034      7.313      0.000
    I8                 0.226      0.034      6.635      0.000
    I9                 0.201      0.034      6.004      0.000
    I10                0.157      0.032      4.962      0.000
    I11                0.120      0.032      3.803      0.000
    I12                0.130      0.031      4.230      0.000

 TRAIT2   WITH
    TRAIT1             0.969      0.075     12.937      0.000

 Means
    TRAIT1             0.031      0.138      0.225      0.822
    TRAIT2            -0.135      0.152     -0.889      0.374

 Intercepts
    I1                 0.202      0.034      5.937      0.000
    I2                 0.206      0.024      8.641      0.000
    I3                 0.262      0.023     11.538      0.000
    I4                 0.325      0.027     11.900      0.000
    I5                 0.401      0.029     13.930      0.000
    I6                 0.463      0.029     16.044      0.000
    I7                 0.597      0.039     15.125      0.000
    I8                 0.639      0.031     20.857      0.000
    I9                 0.686      0.029     23.855      0.000
    I10                0.790      0.025     31.191      0.000
    I11                0.794      0.024     32.578      0.000
    I12                0.843      0.022     37.486      0.000

 Variances
    TRAIT1             1.000      0.000    999.000    999.000
    TRAIT2             1.000      0.000    999.000    999.000

 Residual Variances
    I1                 0.170      0.003     49.536      0.000
    I2                 0.170      0.003     49.536      0.000
    I3                 0.170      0.003     49.536      0.000
    I4                 0.170      0.003     49.536      0.000
    I5                 0.170      0.003     49.536      0.000
    I6                 0.170      0.003     49.536      0.000
    I7                 0.170      0.003     49.536      0.000
    I8                 0.170      0.003     49.536      0.000
    I9                 0.170      0.003     49.536      0.000
    I10                0.170      0.003     49.536      0.000
    I11                0.170      0.003     49.536      0.000
    I12                0.170      0.003     49.536      0.000


STANDARDIZED MODEL RESULTS


STDYX Standardization

                                                    Two-Tailed
                    Estimate       S.E.  Est./S.E.    P-Value

Group G1

 TRAIT1   BY
    I1                 0.925      0.001    683.206      0.000
    I2                 0.652      0.080      8.144      0.000
    I3                 0.637      0.088      7.253      0.000
    I4                 0.780      0.047     16.601      0.000
    I5                 0.798      0.043     18.516      0.000
    I6                 0.572      0.044     13.051      0.000

 TRAIT2   BY
    I7                 0.925      0.001    683.206      0.000
    I8                 0.787      0.046     16.930      0.000
    I9                 0.756      0.054     13.913      0.000
    I10                0.679      0.073      9.263      0.000
    I11                0.726      0.060     12.073      0.000
    I12                0.471      0.122      3.865      0.000

 TRAIT2   WITH
    TRAIT1             1.002      0.009    116.846      0.000

 Means
    TRAIT1             0.000      0.000    999.000    999.000
    TRAIT2             0.000      0.000    999.000    999.000

 Intercepts
    I1                 0.186      0.031      5.937      0.000
    I2                 0.380      0.055      6.932      0.000
    I3                 0.491      0.063      7.848      0.000
    I4                 0.493      0.060      8.202      0.000
    I5                 0.587      0.067      8.697      0.000
    I6                 0.922      0.067     13.860      0.000
    I7                 0.552      0.037     15.120      0.000
    I8                 0.957      0.098      9.785      0.000
    I9                 1.091      0.111      9.791      0.000
    I10                1.407      0.134     10.529      0.000
    I11                1.325      0.126     10.526      0.000
    I12                1.805      0.140     12.930      0.000

 Variances
    TRAIT1             1.000      0.000    999.000    999.000
    TRAIT2             1.000      0.000    999.000    999.000

 Residual Variances
    I1                 0.145      0.003     57.937      0.000
    I2                 0.575      0.104      5.512      0.000
    I3                 0.594      0.112      5.313      0.000
    I4                 0.392      0.073      5.352      0.000
    I5                 0.364      0.069      5.294      0.000
    I6                 0.673      0.050     13.448      0.000
    I7                 0.145      0.003     57.937      0.000
    I8                 0.380      0.073      5.196      0.000
    I9                 0.429      0.082      5.220      0.000
    I10                0.538      0.100      5.400      0.000
    I11                0.472      0.087      5.402      0.000
    I12                0.778      0.115      6.773      0.000

Group G2

 TRAIT1   BY
    I1                 0.393      0.061      6.469      0.000
    I2                 0.344      0.064      5.389      0.000
    I3                 0.292      0.069      4.221      0.000
    I4                 0.411      0.062      6.668      0.000
    I5                 0.454      0.061      7.419      0.000
    I6                 0.572      0.044     13.051      0.000

 TRAIT2   BY
    I7                 0.521      0.052      9.961      0.000
    I8                 0.481      0.056      8.579      0.000
    I9                 0.439      0.059      7.403      0.000
    I10                0.356      0.063      5.667      0.000
    I11                0.281      0.068      4.118      0.000
    I12                0.301      0.065      4.641      0.000

 TRAIT2   WITH
    TRAIT1             0.969      0.075     12.937      0.000

 Means
    TRAIT1             0.031      0.138      0.225      0.822
    TRAIT2            -0.135      0.152     -0.889      0.374

 Intercepts
    I1                 0.450      0.078      5.747      0.000
    I2                 0.470      0.056      8.459      0.000
    I3                 0.609      0.054     11.307      0.000
    I4                 0.718      0.065     11.119      0.000
    I5                 0.867      0.069     12.522      0.000
    I6                 0.922      0.067     13.860      0.000
    I7                 1.238      0.090     13.830      0.000
    I8                 1.360      0.081     16.714      0.000
    I9                 1.497      0.076     19.624      0.000
    I10                1.792      0.074     24.344      0.000
    I11                1.851      0.069     27.001      0.000
    I12                1.951      0.065     29.816      0.000

 Variances
    TRAIT1             1.000      0.000    999.000    999.000
    TRAIT2             1.000      0.000    999.000    999.000

 Residual Variances
    I1                 0.845      0.048     17.663      0.000
    I2                 0.882      0.044     20.098      0.000
    I3                 0.915      0.041     22.576      0.000
    I4                 0.831      0.051     16.372      0.000
    I5                 0.793      0.056     14.254      0.000
    I6                 0.673      0.050     13.448      0.000
    I7                 0.729      0.054     13.370      0.000
    I8                 0.769      0.054     14.248      0.000
    I9                 0.807      0.052     15.493      0.000
    I10                0.874      0.045     19.568      0.000
    I11                0.921      0.038     24.097      0.000
    I12                0.909      0.039     23.221      0.000


STDY Standardization

                                                    Two-Tailed
                    Estimate       S.E.  Est./S.E.    P-Value

Group G1

 TRAIT1   BY
    I1                 0.925      0.001    683.206      0.000
    I2                 0.652      0.080      8.144      0.000
    I3                 0.637      0.088      7.253      0.000
    I4                 0.780      0.047     16.601      0.000
    I5                 0.798      0.043     18.516      0.000
    I6                 0.572      0.044     13.051      0.000

 TRAIT2   BY
    I7                 0.925      0.001    683.206      0.000
    I8                 0.787      0.046     16.930      0.000
    I9                 0.756      0.054     13.913      0.000
    I10                0.679      0.073      9.263      0.000
    I11                0.726      0.060     12.073      0.000
    I12                0.471      0.122      3.865      0.000

 TRAIT2   WITH
    TRAIT1             1.002      0.009    116.846      0.000

 Means
    TRAIT1             0.000      0.000    999.000    999.000
    TRAIT2             0.000      0.000    999.000    999.000

 Intercepts
    I1                 0.186      0.031      5.937      0.000
    I2                 0.380      0.055      6.932      0.000
    I3                 0.491      0.063      7.848      0.000
    I4                 0.493      0.060      8.202      0.000
    I5                 0.587      0.067      8.697      0.000
    I6                 0.922      0.067     13.860      0.000
    I7                 0.552      0.037     15.120      0.000
    I8                 0.957      0.098      9.785      0.000
    I9                 1.091      0.111      9.791      0.000
    I10                1.407      0.134     10.529      0.000
    I11                1.325      0.126     10.526      0.000
    I12                1.805      0.140     12.930      0.000

 Variances
    TRAIT1             1.000      0.000    999.000    999.000
    TRAIT2             1.000      0.000    999.000    999.000

 Residual Variances
    I1                 0.145      0.003     57.937      0.000
    I2                 0.575      0.104      5.512      0.000
    I3                 0.594      0.112      5.313      0.000
    I4                 0.392      0.073      5.352      0.000
    I5                 0.364      0.069      5.294      0.000
    I6                 0.673      0.050     13.448      0.000
    I7                 0.145      0.003     57.937      0.000
    I8                 0.380      0.073      5.196      0.000
    I9                 0.429      0.082      5.220      0.000
    I10                0.538      0.100      5.400      0.000
    I11                0.472      0.087      5.402      0.000
    I12                0.778      0.115      6.773      0.000

Group G2

 TRAIT1   BY
    I1                 0.393      0.061      6.469      0.000
    I2                 0.344      0.064      5.389      0.000
    I3                 0.292      0.069      4.221      0.000
    I4                 0.411      0.062      6.668      0.000
    I5                 0.454      0.061      7.419      0.000
    I6                 0.572      0.044     13.051      0.000

 TRAIT2   BY
    I7                 0.521      0.052      9.961      0.000
    I8                 0.481      0.056      8.579      0.000
    I9                 0.439      0.059      7.403      0.000
    I10                0.356      0.063      5.667      0.000
    I11                0.281      0.068      4.118      0.000
    I12                0.301      0.065      4.641      0.000

 TRAIT2   WITH
    TRAIT1             0.969      0.075     12.937      0.000

 Means
    TRAIT1             0.031      0.138      0.225      0.822
    TRAIT2            -0.135      0.152     -0.889      0.374

 Intercepts
    I1                 0.450      0.078      5.747      0.000
    I2                 0.470      0.056      8.459      0.000
    I3                 0.609      0.054     11.307      0.000
    I4                 0.718      0.065     11.119      0.000
    I5                 0.867      0.069     12.522      0.000
    I6                 0.922      0.067     13.860      0.000
    I7                 1.238      0.090     13.830      0.000
    I8                 1.360      0.081     16.714      0.000
    I9                 1.497      0.076     19.624      0.000
    I10                1.792      0.074     24.344      0.000
    I11                1.851      0.069     27.001      0.000
    I12                1.951      0.065     29.816      0.000

 Variances
    TRAIT1             1.000      0.000    999.000    999.000
    TRAIT2             1.000      0.000    999.000    999.000

 Residual Variances
    I1                 0.845      0.048     17.663      0.000
    I2                 0.882      0.044     20.098      0.000
    I3                 0.915      0.041     22.576      0.000
    I4                 0.831      0.051     16.372      0.000
    I5                 0.793      0.056     14.254      0.000
    I6                 0.673      0.050     13.448      0.000
    I7                 0.729      0.054     13.370      0.000
    I8                 0.769      0.054     14.248      0.000
    I9                 0.807      0.052     15.493      0.000
    I10                0.874      0.045     19.568      0.000
    I11                0.921      0.038     24.097      0.000
    I12                0.909      0.039     23.221      0.000


STD Standardization

                                                    Two-Tailed
                    Estimate       S.E.  Est./S.E.    P-Value

Group G1

 TRAIT1   BY
    I1                 1.000      0.000    999.000    999.000
    I2                 0.354      0.075      4.703      0.000
    I3                 0.340      0.079      4.327      0.000
    I4                 0.513      0.078      6.555      0.000
    I5                 0.545      0.080      6.788      0.000
    I6                 0.287      0.032      8.879      0.000

 TRAIT2   BY
    I7                 1.000      0.000    999.000    999.000
    I8                 0.526      0.081      6.481      0.000
    I9                 0.475      0.079      5.996      0.000
    I10                0.381      0.076      5.002      0.000
    I11                0.435      0.076      5.723      0.000
    I12                0.220      0.073      3.011      0.003

 TRAIT2   WITH
    TRAIT1             1.002      0.009    116.846      0.000

 Means
    TRAIT1             0.000      0.000    999.000    999.000
    TRAIT2             0.000      0.000    999.000    999.000

 Intercepts
    I1                 0.202      0.034      5.937      0.000
    I2                 0.206      0.024      8.641      0.000
    I3                 0.262      0.023     11.538      0.000
    I4                 0.325      0.027     11.900      0.000
    I5                 0.401      0.029     13.930      0.000
    I6                 0.463      0.029     16.044      0.000
    I7                 0.597      0.039     15.125      0.000
    I8                 0.639      0.031     20.857      0.000
    I9                 0.686      0.029     23.855      0.000
    I10                0.790      0.025     31.191      0.000
    I11                0.794      0.024     32.578      0.000
    I12                0.843      0.022     37.486      0.000

 Variances
    TRAIT1             1.000      0.000    999.000    999.000
    TRAIT2             1.000      0.000    999.000    999.000

 Residual Variances
    I1                 0.170      0.003     49.536      0.000
    I2                 0.170      0.003     49.536      0.000
    I3                 0.170      0.003     49.536      0.000
    I4                 0.170      0.003     49.536      0.000
    I5                 0.170      0.003     49.536      0.000
    I6                 0.170      0.003     49.536      0.000
    I7                 0.170      0.003     49.536      0.000
    I8                 0.170      0.003     49.536      0.000
    I9                 0.170      0.003     49.536      0.000
    I10                0.170      0.003     49.536      0.000
    I11                0.170      0.003     49.536      0.000
    I12                0.170      0.003     49.536      0.000

Group G2

 TRAIT1   BY
    I1                 0.176      0.032      5.488      0.000
    I2                 0.151      0.032      4.770      0.000
    I3                 0.126      0.033      3.867      0.000
    I4                 0.186      0.033      5.559      0.000
    I5                 0.210      0.035      5.927      0.000
    I6                 0.287      0.032      8.879      0.000

 TRAIT2   BY
    I7                 0.251      0.034      7.313      0.000
    I8                 0.226      0.034      6.635      0.000
    I9                 0.201      0.034      6.004      0.000
    I10                0.157      0.032      4.962      0.000
    I11                0.120      0.032      3.803      0.000
    I12                0.130      0.031      4.230      0.000

 TRAIT2   WITH
    TRAIT1             0.969      0.075     12.937      0.000

 Means
    TRAIT1             0.031      0.138      0.225      0.822
    TRAIT2            -0.135      0.152     -0.889      0.374

 Intercepts
    I1                 0.202      0.034      5.937      0.000
    I2                 0.206      0.024      8.641      0.000
    I3                 0.262      0.023     11.538      0.000
    I4                 0.325      0.027     11.900      0.000
    I5                 0.401      0.029     13.930      0.000
    I6                 0.463      0.029     16.044      0.000
    I7                 0.597      0.039     15.125      0.000
    I8                 0.639      0.031     20.857      0.000
    I9                 0.686      0.029     23.855      0.000
    I10                0.790      0.025     31.191      0.000
    I11                0.794      0.024     32.578      0.000
    I12                0.843      0.022     37.486      0.000

 Variances
    TRAIT1             1.000      0.000    999.000    999.000
    TRAIT2             1.000      0.000    999.000    999.000

 Residual Variances
    I1                 0.170      0.003     49.536      0.000
    I2                 0.170      0.003     49.536      0.000
    I3                 0.170      0.003     49.536      0.000
    I4                 0.170      0.003     49.536      0.000
    I5                 0.170      0.003     49.536      0.000
    I6                 0.170      0.003     49.536      0.000
    I7                 0.170      0.003     49.536      0.000
    I8                 0.170      0.003     49.536      0.000
    I9                 0.170      0.003     49.536      0.000
    I10                0.170      0.003     49.536      0.000
    I11                0.170      0.003     49.536      0.000
    I12                0.170      0.003     49.536      0.000


R-SQUARE

Group G1

    Observed                                        Two-Tailed
    Variable        Estimate       S.E.  Est./S.E.    P-Value

    I1                 0.855      0.003    341.603      0.000
    I2                 0.425      0.104      4.072      0.000
    I3                 0.406      0.112      3.626      0.000
    I4                 0.608      0.073      8.301      0.000
    I5                 0.636      0.069      9.258      0.000
    I6                 0.327      0.050      6.526      0.000
    I7                 0.855      0.003    341.603      0.000
    I8                 0.620      0.073      8.465      0.000
    I9                 0.571      0.082      6.957      0.000
    I10                0.462      0.100      4.631      0.000
    I11                0.528      0.087      6.036      0.000
    I12                0.222      0.115      1.932      0.053

Group G2

    Observed                                        Two-Tailed
    Variable        Estimate       S.E.  Est./S.E.    P-Value

    I1                 0.155      0.048      3.234      0.001
    I2                 0.118      0.044      2.694      0.007
    I3                 0.085      0.041      2.111      0.035
    I4                 0.169      0.051      3.334      0.001
    I5                 0.207      0.056      3.710      0.000
    I6                 0.327      0.050      6.526      0.000
    I7                 0.271      0.054      4.981      0.000
    I8                 0.231      0.054      4.290      0.000
    I9                 0.193      0.052      3.701      0.000
    I10                0.126      0.045      2.833      0.005
    I11                0.079      0.038      2.059      0.040
    I12                0.091      0.039      2.320      0.020


QUALITY OF NUMERICAL RESULTS

     Condition Number for the Information Matrix              0.258E-03
       (ratio of smallest to largest eigenvalue)


MODEL MODIFICATION INDICES

Minimum M.I. value for printing the modification index    10.000

                                   M.I.     E.P.C.  Std E.P.C.  StdYX E.P.C.
Group G1


ON/BY Statements

I1       ON TRAIT1   /
TRAIT1   BY I1                    24.744    -0.173     -0.173       -0.160
I1       ON TRAIT2   /
TRAIT2   BY I1                    24.862    -0.173     -0.173       -0.160
TRAIT1   ON TRAIT1   /
TRAIT1   BY TRAIT1                21.687    -0.161     -0.161       -0.161
TRAIT1   ON TRAIT2   /
TRAIT2   BY TRAIT1                21.687    -0.161     -0.161       -0.161

ON Statements

TRAIT1   ON I1                    24.562    -0.144     -0.144       -0.156
TRAIT1   ON I4                    11.438    -0.157     -0.157       -0.103
TRAIT1   ON I5                    12.610    -0.158     -0.158       -0.108
TRAIT1   ON I7                    19.793    -0.143     -0.143       -0.155
TRAIT1   ON I8                    15.901    -0.174     -0.174       -0.116
TRAIT1   ON I9                    12.215    -0.157     -0.157       -0.098
I1       ON I1                    22.367    -0.135     -0.135       -0.135
I1       ON I2                    10.790    -0.188     -0.188       -0.094
I1       ON I3                    11.963    -0.197     -0.197       -0.097
I1       ON I4                    20.869    -0.217     -0.217       -0.132
I1       ON I5                    19.749    -0.200     -0.200       -0.126
I1       ON I6                    14.386    -0.207     -0.207       -0.096
I1       ON I7                    15.881    -0.120     -0.120       -0.120
I1       ON I8                    22.649    -0.199     -0.199       -0.123
I1       ON I9                    20.774    -0.193     -0.193       -0.112
I1       ON I10                   10.762    -0.140     -0.140       -0.073
I1       ON I11                   12.198    -0.144     -0.144       -0.080
I1       ON I12                   11.262    -0.149     -0.149       -0.064
I6       ON I6                    11.046     0.137      0.137        0.137
I7       ON I6                    11.762    -0.183     -0.183       -0.085

WITH Statements

I7       WITH I6                  12.615    -0.045     -0.045       -0.264
I9       WITH I6                  12.245     0.039      0.039        0.231

Variances/Residual Variances

TRAIT1                            21.684    -0.322     -0.322       -0.322
I6                                13.207     0.055      0.055        0.218

Group G2


No modification indices above the minimum value.



     Beginning Time:  12:03:08
        Ending Time:  12:03:08
       Elapsed Time:  00:00:00



MUTHEN & MUTHEN
3463 Stoner Ave.
Los Angeles, CA  90066

Tel: (310) 391-9971
Fax: (310) 391-8971
Web: www.StatModel.com
Support: Support@StatModel.com

Copyright (c) 1998-2019 Muthen & Muthen
